[ 2017-11-02T09:14:29+08:00 ] ::1 /minifengshimy/index.php/Ht/Index/index.html
NOTIC: [8] Use of undefined constant SHOW_PAGE_TRACE - assumed 'SHOW_PAGE_TRACE' F:\phpStudy\WWW\minifengshimy\App\Common\Conf\debug.php 第 4 行.
INFO: [ app_init ] --START--
INFO: Run Behavior\BuildLiteBehavior [ RunTime:0.000014s ]
INFO: [ app_init ] --END-- [ RunTime:0.000060s ]
INFO: [ app_begin ] --START--
INFO: Run Behavior\ReadHtmlCacheBehavior [ RunTime:0.000796s ]
INFO: [ app_begin ] --END-- [ RunTime:0.000858s ]

[ 2017-11-02T09:14:30+08:00 ] ::1 /minifengshimy/index.php/Ht/Login/index.html
NOTIC: [8] Use of undefined constant SHOW_PAGE_TRACE - assumed 'SHOW_PAGE_TRACE' F:\phpStudy\WWW\minifengshimy\App\Common\Conf\debug.php 第 4 行.
INFO: [ app_init ] --START--
INFO: Run Behavior\BuildLiteBehavior [ RunTime:0.000037s ]
INFO: [ app_init ] --END-- [ RunTime:0.000099s ]
INFO: [ app_begin ] --START--
INFO: Run Behavior\ReadHtmlCacheBehavior [ RunTime:0.000722s ]
INFO: [ app_begin ] --END-- [ RunTime:0.000784s ]
SQL: SHOW COLUMNS FROM `lr_program` [ RunTime:0.0225s ]
SQL: SELECT * FROM `lr_program` LIMIT 1   [ RunTime:0.0004s ]
INFO: [ view_parse ] --START--
INFO: [ template_filter ] --START--
INFO: Run Behavior\ContentReplaceBehavior [ RunTime:0.015184s ]
INFO: [ template_filter ] --END-- [ RunTime:0.015255s ]
NOTIC: [8] Undefined variable: key F:\phpStudy\WWW\minifengshimy\App\Runtime\Cache\Ht\2d4ce69e9c2d15d777794fcdbaefd3a2.php 第 24 行.
INFO: Run Behavior\ParseTemplateBehavior [ RunTime:0.037316s ]
INFO: [ view_parse ] --END-- [ RunTime:0.037380s ]
INFO: [ view_filter ] --START--
INFO: Run Behavior\WriteHtmlCacheBehavior [ RunTime:0.000453s ]
INFO: [ view_filter ] --END-- [ RunTime:0.000490s ]
INFO: [ app_end ] --START--
INFO: Run Behavior\ShowPageTraceBehavior [ RunTime:0.000685s ]
INFO: [ app_end ] --END-- [ RunTime:0.000724s ]

[ 2017-11-02T09:14:35+08:00 ] ::1 /minifengshimy/index.php/Ht/Login/index.html?key=
NOTIC: [8] Use of undefined constant SHOW_PAGE_TRACE - assumed 'SHOW_PAGE_TRACE' F:\phpStudy\WWW\minifengshimy\App\Common\Conf\debug.php 第 4 行.
INFO: [ app_init ] --START--
INFO: Run Behavior\BuildLiteBehavior [ RunTime:0.000015s ]
INFO: [ app_init ] --END-- [ RunTime:0.000055s ]
INFO: [ app_begin ] --START--
INFO: Run Behavior\ReadHtmlCacheBehavior [ RunTime:0.000717s ]
INFO: [ app_begin ] --END-- [ RunTime:0.000780s ]
SQL: SHOW COLUMNS FROM `lr_adminuser` [ RunTime:0.1197s ]
SQL: SELECT * FROM `lr_adminuser` WHERE ( name='admin' AND del<1 ) LIMIT 1   [ RunTime:0.0007s ]
SQL: SHOW COLUMNS FROM `lr_program` [ RunTime:0.0052s ]
SQL: SELECT * FROM `lr_program` LIMIT 1   [ RunTime:0.0005s ]
NOTIC: [8] Undefined index: shop_id F:\phpStudy\WWW\minifengshimy\App\Ht\Controller\LoginController.class.php 第 21 行.
INFO: [ app_end ] --START--
INFO: Run Behavior\ShowPageTraceBehavior [ RunTime:0.000790s ]
INFO: [ app_end ] --END-- [ RunTime:0.000850s ]

[ 2017-11-02T09:14:37+08:00 ] ::1 /minifengshimy/index.php/Ht/Index/index.html
NOTIC: [8] Use of undefined constant SHOW_PAGE_TRACE - assumed 'SHOW_PAGE_TRACE' F:\phpStudy\WWW\minifengshimy\App\Common\Conf\debug.php 第 4 行.
INFO: [ app_init ] --START--
INFO: Run Behavior\BuildLiteBehavior [ RunTime:0.000015s ]
INFO: [ app_init ] --END-- [ RunTime:0.000063s ]
INFO: [ app_begin ] --START--
INFO: Run Behavior\ReadHtmlCacheBehavior [ RunTime:0.000665s ]
INFO: [ app_begin ] --END-- [ RunTime:0.000725s ]
SQL: SHOW COLUMNS FROM `lr_web` [ RunTime:0.0367s ]
SQL: SELECT `concent` FROM `lr_web` WHERE ( id=5 ) LIMIT 1   [ RunTime:0.0003s ]
INFO: [ view_parse ] --START--
INFO: [ template_filter ] --START--
INFO: Run Behavior\ContentReplaceBehavior [ RunTime:0.000088s ]
INFO: [ template_filter ] --END-- [ RunTime:0.000145s ]
INFO: Run Behavior\ParseTemplateBehavior [ RunTime:0.062791s ]
INFO: [ view_parse ] --END-- [ RunTime:0.062934s ]
INFO: [ view_filter ] --START--
INFO: Run Behavior\WriteHtmlCacheBehavior [ RunTime:0.000466s ]
INFO: [ view_filter ] --END-- [ RunTime:0.000507s ]
INFO: [ app_end ] --START--
INFO: Run Behavior\ShowPageTraceBehavior [ RunTime:0.000621s ]
INFO: [ app_end ] --END-- [ RunTime:0.000664s ]

[ 2017-11-02T09:14:37+08:00 ] ::1 /minifengshimy/index.php/Ht/Page/adminindex.html
NOTIC: [8] Use of undefined constant SHOW_PAGE_TRACE - assumed 'SHOW_PAGE_TRACE' F:\phpStudy\WWW\minifengshimy\App\Common\Conf\debug.php 第 4 行.
INFO: [ app_init ] --START--
INFO: Run Behavior\BuildLiteBehavior [ RunTime:0.000014s ]
INFO: [ app_init ] --END-- [ RunTime:0.000058s ]
INFO: [ app_begin ] --START--
INFO: Run Behavior\ReadHtmlCacheBehavior [ RunTime:0.000750s ]
INFO: [ app_begin ] --END-- [ RunTime:0.000824s ]
INFO: [ view_parse ] --START--
INFO: [ template_filter ] --START--
INFO: Run Behavior\ContentReplaceBehavior [ RunTime:0.000050s ]
INFO: [ template_filter ] --END-- [ RunTime:0.000107s ]
INFO: Run Behavior\ParseTemplateBehavior [ RunTime:0.023482s ]
INFO: [ view_parse ] --END-- [ RunTime:0.023565s ]
INFO: [ view_filter ] --START--
INFO: Run Behavior\WriteHtmlCacheBehavior [ RunTime:0.000534s ]
INFO: [ view_filter ] --END-- [ RunTime:0.000585s ]
INFO: [ app_end ] --START--
INFO: Run Behavior\ShowPageTraceBehavior [ RunTime:0.001707s ]
INFO: [ app_end ] --END-- [ RunTime:0.001771s ]

[ 2017-11-02T09:14:38+08:00 ] ::1 /minifengshimy/index.php/Ht/Doctor/index.html
NOTIC: [8] Use of undefined constant SHOW_PAGE_TRACE - assumed 'SHOW_PAGE_TRACE' F:\phpStudy\WWW\minifengshimy\App\Common\Conf\debug.php 第 4 行.
INFO: [ app_init ] --START--
INFO: Run Behavior\BuildLiteBehavior [ RunTime:0.000014s ]
INFO: [ app_init ] --END-- [ RunTime:0.000055s ]
INFO: [ app_begin ] --START--
INFO: Run Behavior\ReadHtmlCacheBehavior [ RunTime:0.000664s ]
INFO: [ app_begin ] --END-- [ RunTime:0.000726s ]
NOTIC: [8] Undefined index: id F:\phpStudy\WWW\minifengshimy\App\Ht\Controller\DoctorController.class.php 第 14 行.
NOTIC: [8] Undefined index: shop_id F:\phpStudy\WWW\minifengshimy\App\Ht\Controller\DoctorController.class.php 第 15 行.
NOTIC: [8] Undefined index: type F:\phpStudy\WWW\minifengshimy\App\Ht\Controller\DoctorController.class.php 第 18 行.
NOTIC: [8] Undefined index: tuijian F:\phpStudy\WWW\minifengshimy\App\Ht\Controller\DoctorController.class.php 第 19 行.
NOTIC: [8] Undefined index: name F:\phpStudy\WWW\minifengshimy\App\Ht\Controller\DoctorController.class.php 第 20 行.
SQL: SHOW COLUMNS FROM `lr_doctor` [ RunTime:0.0035s ]
SQL: SELECT COUNT(*) AS tp_count FROM `lr_doctor` WHERE ( 1=1 AND del=0 ) LIMIT 1   [ RunTime:0.0253s ]
NOTIC: [8] Undefined index: page F:\phpStudy\WWW\minifengshimy\App\Ht\Controller\DoctorController.class.php 第 32 行.
SQL: SELECT * FROM `lr_doctor` WHERE ( 1=1 AND del=0 ) ORDER BY addtime desc LIMIT 0,20   [ RunTime:0.0007s ]
INFO: [ view_parse ] --START--
INFO: [ template_filter ] --START--
INFO: Run Behavior\ContentReplaceBehavior [ RunTime:0.000077s ]
INFO: [ template_filter ] --END-- [ RunTime:0.000139s ]
INFO: Run Behavior\ParseTemplateBehavior [ RunTime:0.012139s ]
INFO: [ view_parse ] --END-- [ RunTime:0.012211s ]
INFO: [ view_filter ] --START--
INFO: Run Behavior\WriteHtmlCacheBehavior [ RunTime:0.000579s ]
INFO: [ view_filter ] --END-- [ RunTime:0.000626s ]
INFO: [ app_end ] --START--
INFO: Run Behavior\ShowPageTraceBehavior [ RunTime:0.000991s ]
INFO: [ app_end ] --END-- [ RunTime:0.001051s ]

[ 2017-11-02T09:14:40+08:00 ] ::1 /minifengshimy/index.php/Ht/Doctor/add.html?id=8&page=0&name=&shop_id=0&tuijian=
NOTIC: [8] Use of undefined constant SHOW_PAGE_TRACE - assumed 'SHOW_PAGE_TRACE' F:\phpStudy\WWW\minifengshimy\App\Common\Conf\debug.php 第 4 行.
INFO: [ app_init ] --START--
INFO: Run Behavior\BuildLiteBehavior [ RunTime:0.000014s ]
INFO: [ app_init ] --END-- [ RunTime:0.000056s ]
INFO: [ app_begin ] --START--
INFO: Run Behavior\ReadHtmlCacheBehavior [ RunTime:0.000641s ]
INFO: [ app_begin ] --END-- [ RunTime:0.000697s ]
NOTIC: [8] Undefined index: type F:\phpStudy\WWW\minifengshimy\App\Ht\Controller\DoctorController.class.php 第 68 行.
NOTIC: [8] Undefined index: submit F:\phpStudy\WWW\minifengshimy\App\Ht\Controller\DoctorController.class.php 第 70 行.
SQL: SHOW COLUMNS FROM `lr_doctor_cat` [ RunTime:0.0270s ]
SQL: SELECT `id`,`name` FROM `lr_doctor_cat` WHERE ( del=0 )  [ RunTime:0.0004s ]
SQL: SHOW COLUMNS FROM `lr_doctor` [ RunTime:0.0030s ]
SQL: SELECT * FROM `lr_doctor` WHERE ( id=8 ) LIMIT 1   [ RunTime:0.0005s ]
SQL: SHOW COLUMNS FROM `lr_user` [ RunTime:0.0029s ]
SQL: SELECT `name` FROM `lr_user` WHERE ( id=1 ) LIMIT 1   [ RunTime:0.0003s ]
NOTIC: [8] Undefined variable: shop_id F:\phpStudy\WWW\minifengshimy\App\Ht\Controller\DoctorController.class.php 第 207 行.
INFO: [ view_parse ] --START--
INFO: [ template_filter ] --START--
INFO: Run Behavior\ContentReplaceBehavior [ RunTime:0.000197s ]
INFO: [ template_filter ] --END-- [ RunTime:0.000300s ]
NOTIC: [8] Undefined variable: img F:\phpStudy\WWW\minifengshimy\App\Runtime\Cache\Ht\2223f41ac69bcc4f65acac544a0ae8c2.php 第 14 行.
NOTIC: [8] Undefined variable: img F:\phpStudy\WWW\minifengshimy\App\Runtime\Cache\Ht\2223f41ac69bcc4f65acac544a0ae8c2.php 第 14 行.
NOTIC: [8] Undefined variable: img F:\phpStudy\WWW\minifengshimy\App\Runtime\Cache\Ht\2223f41ac69bcc4f65acac544a0ae8c2.php 第 14 行.
NOTIC: [2] Division by zero F:\phpStudy\WWW\minifengshimy\App\Runtime\Cache\Ht\2223f41ac69bcc4f65acac544a0ae8c2.php 第 14 行.
NOTIC: [8] Undefined variable: shangchang F:\phpStudy\WWW\minifengshimy\App\Runtime\Cache\Ht\2223f41ac69bcc4f65acac544a0ae8c2.php 第 99 行.
NOTIC: [8] Undefined index: shop_id F:\phpStudy\WWW\minifengshimy\App\Runtime\Cache\Ht\2223f41ac69bcc4f65acac544a0ae8c2.php 第 100 行.
INFO: Run Behavior\ParseTemplateBehavior [ RunTime:0.023645s ]
INFO: [ view_parse ] --END-- [ RunTime:0.023694s ]
INFO: [ view_filter ] --START--
INFO: Run Behavior\WriteHtmlCacheBehavior [ RunTime:0.000478s ]
INFO: [ view_filter ] --END-- [ RunTime:0.000521s ]
INFO: [ app_end ] --START--
INFO: Run Behavior\ShowPageTraceBehavior [ RunTime:0.000819s ]
INFO: [ app_end ] --END-- [ RunTime:0.000893s ]

[ 2017-11-02T09:14:42+08:00 ] ::1 /minifengshimy/index.php/Ht/Doctor/user.html?type=xz
NOTIC: [8] Use of undefined constant SHOW_PAGE_TRACE - assumed 'SHOW_PAGE_TRACE' F:\phpStudy\WWW\minifengshimy\App\Common\Conf\debug.php 第 4 行.
INFO: [ app_init ] --START--
INFO: Run Behavior\BuildLiteBehavior [ RunTime:0.000014s ]
INFO: [ app_init ] --END-- [ RunTime:0.000063s ]
INFO: [ app_begin ] --START--
INFO: Run Behavior\ReadHtmlCacheBehavior [ RunTime:0.000805s ]
INFO: [ app_begin ] --END-- [ RunTime:0.000874s ]
NOTIC: [8] Undefined index: id F:\phpStudy\WWW\minifengshimy\App\Ht\Controller\DoctorController.class.php 第 332 行.
NOTIC: [8] Undefined index: tel F:\phpStudy\WWW\minifengshimy\App\Ht\Controller\DoctorController.class.php 第 333 行.
NOTIC: [8] Undefined index: name F:\phpStudy\WWW\minifengshimy\App\Ht\Controller\DoctorController.class.php 第 334 行.
NOTIC: [8] Undefined index: name F:\phpStudy\WWW\minifengshimy\App\Ht\Controller\DoctorController.class.php 第 336 行.
SQL: SHOW COLUMNS FROM `lr_user` [ RunTime:0.0053s ]
SQL: SELECT COUNT(*) AS tp_count FROM `lr_user` WHERE ( 1=1 ) LIMIT 1   [ RunTime:0.0003s ]
NOTIC: [8] Undefined index: page F:\phpStudy\WWW\minifengshimy\App\Ht\Controller\DoctorController.class.php 第 346 行.
SQL: SELECT * FROM `lr_user` WHERE ( 1=1 ) ORDER BY id desc LIMIT 0,20000   [ RunTime:0.0006s ]
INFO: [ view_parse ] --START--
INFO: [ template_filter ] --START--
INFO: Run Behavior\ContentReplaceBehavior [ RunTime:0.000074s ]
INFO: [ template_filter ] --END-- [ RunTime:0.000139s ]
INFO: Run Behavior\ParseTemplateBehavior [ RunTime:0.064262s ]
INFO: [ view_parse ] --END-- [ RunTime:0.064341s ]
INFO: [ view_filter ] --START--
INFO: Run Behavior\WriteHtmlCacheBehavior [ RunTime:0.000487s ]
INFO: [ view_filter ] --END-- [ RunTime:0.000525s ]
INFO: [ app_end ] --START--
INFO: Run Behavior\ShowPageTraceBehavior [ RunTime:0.000737s ]
INFO: [ app_end ] --END-- [ RunTime:0.000784s ]

[ 2017-11-02T09:14:46+08:00 ] ::1 /minifengshimy/index.php/Ht/Doctor/add.html?id=8&page=0&type=&name=&shop_id=
NOTIC: [8] Use of undefined constant SHOW_PAGE_TRACE - assumed 'SHOW_PAGE_TRACE' F:\phpStudy\WWW\minifengshimy\App\Common\Conf\debug.php 第 4 行.
INFO: [ app_init ] --START--
INFO: Run Behavior\BuildLiteBehavior [ RunTime:0.000013s ]
INFO: [ app_init ] --END-- [ RunTime:0.000053s ]
INFO: [ app_begin ] --START--
INFO: Run Behavior\ReadHtmlCacheBehavior [ RunTime:0.000797s ]
INFO: [ app_begin ] --END-- [ RunTime:0.000870s ]
NOTIC: [8] Undefined index: shop_id F:\phpStudy\WWW\minifengshimy\App\Ht\Controller\DoctorController.class.php 第 82 行.
NOTIC: [8] Undefined index: sort F:\phpStudy\WWW\minifengshimy\App\Ht\Controller\DoctorController.class.php 第 84 行.
NOTIC: [8] Undefined index: is_yu F:\phpStudy\WWW\minifengshimy\App\Ht\Controller\DoctorController.class.php 第 89 行.
NOTIC: [8] Undefined index: is_online F:\phpStudy\WWW\minifengshimy\App\Ht\Controller\DoctorController.class.php 第 90 行.
NOTIC: [8] Undefined index: renqi F:\phpStudy\WWW\minifengshimy\App\Ht\Controller\DoctorController.class.php 第 92 行.
SQL: SHOW COLUMNS FROM `lr_doctor` [ RunTime:0.0029s ]
SQL: UPDATE `lr_doctor` SET `name`='LeeFon',`uid`='5',`password`='123456',`hospital`='银河医院',`position`='全能医生',`cztime`='周六',`price`='8',`cid`='2',`sort`='0',`updatetime`='1509585286',`digest`='该医生是一个全能的医生，就问你服不服',`zyjy`='毫无经验，吹咩，哈哈哈',`tel`='18845210365',`is_yu`='0',`is_online`='0',`service`='男科、女科',`renqi`='0' WHERE ( id=8 ) [ RunTime:0.0285s ]
INFO: [ view_parse ] --START--
INFO: [ template_filter ] --START--
INFO: Run Behavior\ContentReplaceBehavior [ RunTime:0.000049s ]
INFO: [ template_filter ] --END-- [ RunTime:0.000101s ]
INFO: Run Behavior\ParseTemplateBehavior [ RunTime:0.019009s ]
INFO: [ view_parse ] --END-- [ RunTime:0.019072s ]
INFO: [ view_filter ] --START--
INFO: Run Behavior\WriteHtmlCacheBehavior [ RunTime:0.000331s ]
INFO: [ view_filter ] --END-- [ RunTime:0.000366s ]

[ 2017-11-02T09:14:47+08:00 ] ::1 /minifengshimy/index.php/Ht/Doctor/add.html?id=8&page=0&name=&shop_id=0&tuijian=
NOTIC: [8] Use of undefined constant SHOW_PAGE_TRACE - assumed 'SHOW_PAGE_TRACE' F:\phpStudy\WWW\minifengshimy\App\Common\Conf\debug.php 第 4 行.
INFO: [ app_init ] --START--
INFO: Run Behavior\BuildLiteBehavior [ RunTime:0.000022s ]
INFO: [ app_init ] --END-- [ RunTime:0.000111s ]
INFO: [ app_begin ] --START--
INFO: Run Behavior\ReadHtmlCacheBehavior [ RunTime:0.000884s ]
INFO: [ app_begin ] --END-- [ RunTime:0.000968s ]
NOTIC: [8] Undefined index: type F:\phpStudy\WWW\minifengshimy\App\Ht\Controller\DoctorController.class.php 第 68 行.
NOTIC: [8] Undefined index: submit F:\phpStudy\WWW\minifengshimy\App\Ht\Controller\DoctorController.class.php 第 70 行.
SQL: SHOW COLUMNS FROM `lr_doctor_cat` [ RunTime:0.0028s ]
SQL: SELECT `id`,`name` FROM `lr_doctor_cat` WHERE ( del=0 )  [ RunTime:0.0003s ]
SQL: SHOW COLUMNS FROM `lr_doctor` [ RunTime:0.0030s ]
SQL: SELECT * FROM `lr_doctor` WHERE ( id=8 ) LIMIT 1   [ RunTime:0.0004s ]
SQL: SHOW COLUMNS FROM `lr_user` [ RunTime:0.0028s ]
SQL: SELECT `name` FROM `lr_user` WHERE ( id=5 ) LIMIT 1   [ RunTime:0.0003s ]
NOTIC: [8] Undefined variable: shop_id F:\phpStudy\WWW\minifengshimy\App\Ht\Controller\DoctorController.class.php 第 207 行.
INFO: [ view_parse ] --START--
INFO: [ template_filter ] --START--
INFO: Run Behavior\ContentReplaceBehavior [ RunTime:0.000118s ]
INFO: [ template_filter ] --END-- [ RunTime:0.000172s ]
NOTIC: [8] Undefined variable: img F:\phpStudy\WWW\minifengshimy\App\Runtime\Cache\Ht\2223f41ac69bcc4f65acac544a0ae8c2.php 第 14 行.
NOTIC: [8] Undefined variable: img F:\phpStudy\WWW\minifengshimy\App\Runtime\Cache\Ht\2223f41ac69bcc4f65acac544a0ae8c2.php 第 14 行.
NOTIC: [8] Undefined variable: img F:\phpStudy\WWW\minifengshimy\App\Runtime\Cache\Ht\2223f41ac69bcc4f65acac544a0ae8c2.php 第 14 行.
NOTIC: [2] Division by zero F:\phpStudy\WWW\minifengshimy\App\Runtime\Cache\Ht\2223f41ac69bcc4f65acac544a0ae8c2.php 第 14 行.
NOTIC: [8] Undefined variable: shangchang F:\phpStudy\WWW\minifengshimy\App\Runtime\Cache\Ht\2223f41ac69bcc4f65acac544a0ae8c2.php 第 99 行.
NOTIC: [8] Undefined index: shop_id F:\phpStudy\WWW\minifengshimy\App\Runtime\Cache\Ht\2223f41ac69bcc4f65acac544a0ae8c2.php 第 100 行.
INFO: Run Behavior\ParseTemplateBehavior [ RunTime:0.011075s ]
INFO: [ view_parse ] --END-- [ RunTime:0.011123s ]
INFO: [ view_filter ] --START--
INFO: Run Behavior\WriteHtmlCacheBehavior [ RunTime:0.000405s ]
INFO: [ view_filter ] --END-- [ RunTime:0.000443s ]
INFO: [ app_end ] --START--
INFO: Run Behavior\ShowPageTraceBehavior [ RunTime:0.000968s ]
INFO: [ app_end ] --END-- [ RunTime:0.001055s ]

[ 2017-11-02T09:24:10+08:00 ] ::1 /minifengshimy/index.php/Ht/Doctor/user.html?type=xz
NOTIC: [8] Use of undefined constant SHOW_PAGE_TRACE - assumed 'SHOW_PAGE_TRACE' F:\phpStudy\WWW\minifengshimy\App\Common\Conf\debug.php 第 4 行.
INFO: [ app_init ] --START--
INFO: Run Behavior\BuildLiteBehavior [ RunTime:0.000015s ]
INFO: [ app_init ] --END-- [ RunTime:0.000059s ]
INFO: [ app_begin ] --START--
INFO: Run Behavior\ReadHtmlCacheBehavior [ RunTime:0.000743s ]
INFO: [ app_begin ] --END-- [ RunTime:0.000990s ]
NOTIC: [8] Undefined index: id F:\phpStudy\WWW\minifengshimy\App\Ht\Controller\DoctorController.class.php 第 332 行.
NOTIC: [8] Undefined index: tel F:\phpStudy\WWW\minifengshimy\App\Ht\Controller\DoctorController.class.php 第 333 行.
NOTIC: [8] Undefined index: name F:\phpStudy\WWW\minifengshimy\App\Ht\Controller\DoctorController.class.php 第 334 行.
NOTIC: [8] Undefined index: name F:\phpStudy\WWW\minifengshimy\App\Ht\Controller\DoctorController.class.php 第 336 行.
SQL: SHOW COLUMNS FROM `lr_user` [ RunTime:0.0032s ]
SQL: SELECT COUNT(*) AS tp_count FROM `lr_user` WHERE ( 1=1 ) LIMIT 1   [ RunTime:0.0002s ]
NOTIC: [8] Undefined index: page F:\phpStudy\WWW\minifengshimy\App\Ht\Controller\DoctorController.class.php 第 346 行.
SQL: SELECT * FROM `lr_user` WHERE ( 1=1 ) ORDER BY id desc LIMIT 0,20000   [ RunTime:0.0005s ]
INFO: [ view_parse ] --START--
INFO: [ template_filter ] --START--
INFO: Run Behavior\ContentReplaceBehavior [ RunTime:0.000069s ]
INFO: [ template_filter ] --END-- [ RunTime:0.000122s ]
INFO: Run Behavior\ParseTemplateBehavior [ RunTime:0.010604s ]
INFO: [ view_parse ] --END-- [ RunTime:0.010662s ]
INFO: [ view_filter ] --START--
INFO: Run Behavior\WriteHtmlCacheBehavior [ RunTime:0.000557s ]
INFO: [ view_filter ] --END-- [ RunTime:0.000593s ]
INFO: [ app_end ] --START--
INFO: Run Behavior\ShowPageTraceBehavior [ RunTime:0.000810s ]
INFO: [ app_end ] --END-- [ RunTime:0.000856s ]

[ 2017-11-02T09:24:14+08:00 ] ::1 /minifengshimy/index.php/Ht/Doctor/add.html?id=8&page=0&type=&name=&shop_id=
NOTIC: [8] Use of undefined constant SHOW_PAGE_TRACE - assumed 'SHOW_PAGE_TRACE' F:\phpStudy\WWW\minifengshimy\App\Common\Conf\debug.php 第 4 行.
INFO: [ app_init ] --START--
INFO: Run Behavior\BuildLiteBehavior [ RunTime:0.000013s ]
INFO: [ app_init ] --END-- [ RunTime:0.000053s ]
INFO: [ app_begin ] --START--
INFO: Run Behavior\ReadHtmlCacheBehavior [ RunTime:0.000729s ]
INFO: [ app_begin ] --END-- [ RunTime:0.000808s ]
NOTIC: [8] Undefined index: shop_id F:\phpStudy\WWW\minifengshimy\App\Ht\Controller\DoctorController.class.php 第 82 行.
NOTIC: [8] Undefined index: sort F:\phpStudy\WWW\minifengshimy\App\Ht\Controller\DoctorController.class.php 第 84 行.
NOTIC: [8] Undefined index: is_yu F:\phpStudy\WWW\minifengshimy\App\Ht\Controller\DoctorController.class.php 第 89 行.
NOTIC: [8] Undefined index: is_online F:\phpStudy\WWW\minifengshimy\App\Ht\Controller\DoctorController.class.php 第 90 行.
NOTIC: [8] Undefined index: renqi F:\phpStudy\WWW\minifengshimy\App\Ht\Controller\DoctorController.class.php 第 92 行.
SQL: SHOW COLUMNS FROM `lr_doctor` [ RunTime:0.0030s ]
SQL: UPDATE `lr_doctor` SET `name`='LeeFon',`uid`='1',`password`='123456',`hospital`='银河医院',`position`='全能医生',`cztime`='周六',`price`='8',`cid`='2',`sort`='0',`updatetime`='1509585854',`digest`='该医生是一个全能的医生，就问你服不服',`zyjy`='毫无经验，吹咩，哈哈哈',`tel`='18845210365',`is_yu`='0',`is_online`='0',`service`='男科、女科',`renqi`='0' WHERE ( id=8 ) [ RunTime:0.0005s ]
INFO: [ view_parse ] --START--
INFO: [ template_filter ] --START--
INFO: Run Behavior\ContentReplaceBehavior [ RunTime:0.000064s ]
INFO: [ template_filter ] --END-- [ RunTime:0.000132s ]
INFO: Run Behavior\ParseTemplateBehavior [ RunTime:0.007085s ]
INFO: [ view_parse ] --END-- [ RunTime:0.007142s ]
INFO: [ view_filter ] --START--
INFO: Run Behavior\WriteHtmlCacheBehavior [ RunTime:0.000480s ]
INFO: [ view_filter ] --END-- [ RunTime:0.000517s ]

[ 2017-11-02T09:24:15+08:00 ] ::1 /minifengshimy/index.php/Ht/Doctor/add.html?id=8&page=0&name=&shop_id=0&tuijian=
NOTIC: [8] Use of undefined constant SHOW_PAGE_TRACE - assumed 'SHOW_PAGE_TRACE' F:\phpStudy\WWW\minifengshimy\App\Common\Conf\debug.php 第 4 行.
INFO: [ app_init ] --START--
INFO: Run Behavior\BuildLiteBehavior [ RunTime:0.000016s ]
INFO: [ app_init ] --END-- [ RunTime:0.000061s ]
INFO: [ app_begin ] --START--
INFO: Run Behavior\ReadHtmlCacheBehavior [ RunTime:0.000733s ]
INFO: [ app_begin ] --END-- [ RunTime:0.000804s ]
NOTIC: [8] Undefined index: type F:\phpStudy\WWW\minifengshimy\App\Ht\Controller\DoctorController.class.php 第 68 行.
NOTIC: [8] Undefined index: submit F:\phpStudy\WWW\minifengshimy\App\Ht\Controller\DoctorController.class.php 第 70 行.
SQL: SHOW COLUMNS FROM `lr_doctor_cat` [ RunTime:0.0093s ]
SQL: SELECT `id`,`name` FROM `lr_doctor_cat` WHERE ( del=0 )  [ RunTime:0.0005s ]
SQL: SHOW COLUMNS FROM `lr_doctor` [ RunTime:0.0039s ]
SQL: SELECT * FROM `lr_doctor` WHERE ( id=8 ) LIMIT 1   [ RunTime:0.0014s ]
SQL: SHOW COLUMNS FROM `lr_user` [ RunTime:0.0060s ]
SQL: SELECT `name` FROM `lr_user` WHERE ( id=1 ) LIMIT 1   [ RunTime:0.0004s ]
NOTIC: [8] Undefined variable: shop_id F:\phpStudy\WWW\minifengshimy\App\Ht\Controller\DoctorController.class.php 第 207 行.
INFO: [ view_parse ] --START--
INFO: [ template_filter ] --START--
INFO: Run Behavior\ContentReplaceBehavior [ RunTime:0.000131s ]
INFO: [ template_filter ] --END-- [ RunTime:0.000189s ]
NOTIC: [8] Undefined variable: img F:\phpStudy\WWW\minifengshimy\App\Runtime\Cache\Ht\2223f41ac69bcc4f65acac544a0ae8c2.php 第 14 行.
NOTIC: [8] Undefined variable: img F:\phpStudy\WWW\minifengshimy\App\Runtime\Cache\Ht\2223f41ac69bcc4f65acac544a0ae8c2.php 第 14 行.
NOTIC: [8] Undefined variable: img F:\phpStudy\WWW\minifengshimy\App\Runtime\Cache\Ht\2223f41ac69bcc4f65acac544a0ae8c2.php 第 14 行.
NOTIC: [2] Division by zero F:\phpStudy\WWW\minifengshimy\App\Runtime\Cache\Ht\2223f41ac69bcc4f65acac544a0ae8c2.php 第 14 行.
NOTIC: [8] Undefined variable: shangchang F:\phpStudy\WWW\minifengshimy\App\Runtime\Cache\Ht\2223f41ac69bcc4f65acac544a0ae8c2.php 第 99 行.
NOTIC: [8] Undefined index: shop_id F:\phpStudy\WWW\minifengshimy\App\Runtime\Cache\Ht\2223f41ac69bcc4f65acac544a0ae8c2.php 第 100 行.
INFO: Run Behavior\ParseTemplateBehavior [ RunTime:0.015808s ]
INFO: [ view_parse ] --END-- [ RunTime:0.015910s ]
INFO: [ view_filter ] --START--
INFO: Run Behavior\WriteHtmlCacheBehavior [ RunTime:0.001250s ]
INFO: [ view_filter ] --END-- [ RunTime:0.001327s ]
INFO: [ app_end ] --START--
INFO: Run Behavior\ShowPageTraceBehavior [ RunTime:0.002147s ]
INFO: [ app_end ] --END-- [ RunTime:0.002229s ]

