[ 2017-10-28T15:33:30+08:00 ] ::1 /minifengshimy/index.php/Ht/Index/index.html
NOTIC: [8] Use of undefined constant SHOW_PAGE_TRACE - assumed 'SHOW_PAGE_TRACE' F:\phpStudy\WWW\minifengshimy\App\Common\Conf\debug.php 第 4 行.
INFO: [ app_init ] --START--
INFO: Run Behavior\BuildLiteBehavior [ RunTime:0.000014s ]
INFO: [ app_init ] --END-- [ RunTime:0.000059s ]
INFO: [ app_begin ] --START--
INFO: Run Behavior\ReadHtmlCacheBehavior [ RunTime:0.000725s ]
INFO: [ app_begin ] --END-- [ RunTime:0.000784s ]

[ 2017-10-28T15:33:32+08:00 ] ::1 /minifengshimy/index.php/Ht/Login/index.html
NOTIC: [8] Use of undefined constant SHOW_PAGE_TRACE - assumed 'SHOW_PAGE_TRACE' F:\phpStudy\WWW\minifengshimy\App\Common\Conf\debug.php 第 4 行.
INFO: [ app_init ] --START--
INFO: Run Behavior\BuildLiteBehavior [ RunTime:0.000031s ]
INFO: [ app_init ] --END-- [ RunTime:0.000124s ]
INFO: [ app_begin ] --START--
INFO: Run Behavior\ReadHtmlCacheBehavior [ RunTime:0.000635s ]
INFO: [ app_begin ] --END-- [ RunTime:0.000694s ]
SQL: SHOW COLUMNS FROM `lr_program` [ RunTime:0.0359s ]
SQL: SELECT * FROM `lr_program` LIMIT 1   [ RunTime:0.0004s ]
INFO: [ view_parse ] --START--
INFO: [ template_filter ] --START--
INFO: Run Behavior\ContentReplaceBehavior [ RunTime:0.000064s ]
INFO: [ template_filter ] --END-- [ RunTime:0.000117s ]
NOTIC: [8] Undefined variable: key F:\phpStudy\WWW\minifengshimy\App\Runtime\Cache\Ht\2d4ce69e9c2d15d777794fcdbaefd3a2.php 第 24 行.
INFO: Run Behavior\ParseTemplateBehavior [ RunTime:0.016478s ]
INFO: [ view_parse ] --END-- [ RunTime:0.016542s ]
INFO: [ view_filter ] --START--
INFO: Run Behavior\WriteHtmlCacheBehavior [ RunTime:0.000601s ]
INFO: [ view_filter ] --END-- [ RunTime:0.000678s ]
INFO: [ app_end ] --START--
INFO: Run Behavior\ShowPageTraceBehavior [ RunTime:0.000920s ]
INFO: [ app_end ] --END-- [ RunTime:0.000967s ]

[ 2017-10-28T15:33:37+08:00 ] ::1 /minifengshimy/index.php/Ht/Login/index.html?key=
NOTIC: [8] Use of undefined constant SHOW_PAGE_TRACE - assumed 'SHOW_PAGE_TRACE' F:\phpStudy\WWW\minifengshimy\App\Common\Conf\debug.php 第 4 行.
INFO: [ app_init ] --START--
INFO: Run Behavior\BuildLiteBehavior [ RunTime:0.000013s ]
INFO: [ app_init ] --END-- [ RunTime:0.000052s ]
INFO: [ app_begin ] --START--
INFO: Run Behavior\ReadHtmlCacheBehavior [ RunTime:0.000881s ]
INFO: [ app_begin ] --END-- [ RunTime:0.000947s ]
SQL: SHOW COLUMNS FROM `lr_adminuser` [ RunTime:0.0646s ]
SQL: SELECT * FROM `lr_adminuser` WHERE ( name='admin' AND del<1 ) LIMIT 1   [ RunTime:0.0005s ]
SQL: SHOW COLUMNS FROM `lr_program` [ RunTime:0.0029s ]
SQL: SELECT * FROM `lr_program` LIMIT 1   [ RunTime:0.0003s ]
NOTIC: [8] Undefined index: shop_id F:\phpStudy\WWW\minifengshimy\App\Ht\Controller\LoginController.class.php 第 21 行.
INFO: [ app_end ] --START--
INFO: Run Behavior\ShowPageTraceBehavior [ RunTime:0.001725s ]
INFO: [ app_end ] --END-- [ RunTime:0.001840s ]

[ 2017-10-28T15:33:38+08:00 ] ::1 /minifengshimy/index.php/Ht/Index/index.html
NOTIC: [8] Use of undefined constant SHOW_PAGE_TRACE - assumed 'SHOW_PAGE_TRACE' F:\phpStudy\WWW\minifengshimy\App\Common\Conf\debug.php 第 4 行.
INFO: [ app_init ] --START--
INFO: Run Behavior\BuildLiteBehavior [ RunTime:0.000014s ]
INFO: [ app_init ] --END-- [ RunTime:0.000055s ]
INFO: [ app_begin ] --START--
INFO: Run Behavior\ReadHtmlCacheBehavior [ RunTime:0.000619s ]
INFO: [ app_begin ] --END-- [ RunTime:0.000671s ]
SQL: SHOW COLUMNS FROM `lr_web` [ RunTime:0.0411s ]
SQL: SELECT `concent` FROM `lr_web` WHERE ( id=5 ) LIMIT 1   [ RunTime:0.0003s ]
INFO: [ view_parse ] --START--
INFO: [ template_filter ] --START--
INFO: Run Behavior\ContentReplaceBehavior [ RunTime:0.000131s ]
INFO: [ template_filter ] --END-- [ RunTime:0.000217s ]
INFO: Run Behavior\ParseTemplateBehavior [ RunTime:0.075731s ]
INFO: [ view_parse ] --END-- [ RunTime:0.075830s ]
INFO: [ view_filter ] --START--
INFO: Run Behavior\WriteHtmlCacheBehavior [ RunTime:0.000673s ]
INFO: [ view_filter ] --END-- [ RunTime:0.000732s ]
INFO: [ app_end ] --START--
INFO: Run Behavior\ShowPageTraceBehavior [ RunTime:0.000927s ]
INFO: [ app_end ] --END-- [ RunTime:0.000987s ]

[ 2017-10-28T15:33:38+08:00 ] ::1 /minifengshimy/index.php/Ht/Page/adminindex.html
NOTIC: [8] Use of undefined constant SHOW_PAGE_TRACE - assumed 'SHOW_PAGE_TRACE' F:\phpStudy\WWW\minifengshimy\App\Common\Conf\debug.php 第 4 行.
INFO: [ app_init ] --START--
INFO: Run Behavior\BuildLiteBehavior [ RunTime:0.000015s ]
INFO: [ app_init ] --END-- [ RunTime:0.000060s ]
INFO: [ app_begin ] --START--
INFO: Run Behavior\ReadHtmlCacheBehavior [ RunTime:0.000679s ]
INFO: [ app_begin ] --END-- [ RunTime:0.000748s ]
INFO: [ view_parse ] --START--
INFO: [ template_filter ] --START--
INFO: Run Behavior\ContentReplaceBehavior [ RunTime:0.000057s ]
INFO: [ template_filter ] --END-- [ RunTime:0.000125s ]
INFO: Run Behavior\ParseTemplateBehavior [ RunTime:0.011877s ]
INFO: [ view_parse ] --END-- [ RunTime:0.011958s ]
INFO: [ view_filter ] --START--
INFO: Run Behavior\WriteHtmlCacheBehavior [ RunTime:0.008113s ]
INFO: [ view_filter ] --END-- [ RunTime:0.008195s ]
INFO: [ app_end ] --START--
INFO: Run Behavior\ShowPageTraceBehavior [ RunTime:0.000957s ]
INFO: [ app_end ] --END-- [ RunTime:0.001020s ]

[ 2017-10-28T15:33:41+08:00 ] ::1 /minifengshimy/index.php/Ht/Doctor/index.html
NOTIC: [8] Use of undefined constant SHOW_PAGE_TRACE - assumed 'SHOW_PAGE_TRACE' F:\phpStudy\WWW\minifengshimy\App\Common\Conf\debug.php 第 4 行.
INFO: [ app_init ] --START--
INFO: Run Behavior\BuildLiteBehavior [ RunTime:0.000013s ]
INFO: [ app_init ] --END-- [ RunTime:0.000054s ]
INFO: [ app_begin ] --START--
INFO: Run Behavior\ReadHtmlCacheBehavior [ RunTime:0.000724s ]
INFO: [ app_begin ] --END-- [ RunTime:0.000788s ]
NOTIC: [8] Undefined index: id F:\phpStudy\WWW\minifengshimy\App\Ht\Controller\DoctorController.class.php 第 14 行.
NOTIC: [8] Undefined index: shop_id F:\phpStudy\WWW\minifengshimy\App\Ht\Controller\DoctorController.class.php 第 15 行.
NOTIC: [8] Undefined index: type F:\phpStudy\WWW\minifengshimy\App\Ht\Controller\DoctorController.class.php 第 18 行.
NOTIC: [8] Undefined index: tuijian F:\phpStudy\WWW\minifengshimy\App\Ht\Controller\DoctorController.class.php 第 19 行.
NOTIC: [8] Undefined index: name F:\phpStudy\WWW\minifengshimy\App\Ht\Controller\DoctorController.class.php 第 20 行.
SQL: SHOW COLUMNS FROM `lr_doctor` [ RunTime:0.0038s ]
SQL: SELECT COUNT(*) AS tp_count FROM `lr_doctor` WHERE ( 1=1 AND del=0 ) LIMIT 1   [ RunTime:0.0003s ]
NOTIC: [8] Undefined index: page F:\phpStudy\WWW\minifengshimy\App\Ht\Controller\DoctorController.class.php 第 32 行.
SQL: SELECT * FROM `lr_doctor` WHERE ( 1=1 AND del=0 ) ORDER BY addtime desc LIMIT 0,20   [ RunTime:0.0016s ]
INFO: [ view_parse ] --START--
INFO: [ template_filter ] --START--
INFO: Run Behavior\ContentReplaceBehavior [ RunTime:0.000215s ]
INFO: [ template_filter ] --END-- [ RunTime:0.000354s ]
INFO: Run Behavior\ParseTemplateBehavior [ RunTime:0.056705s ]
INFO: [ view_parse ] --END-- [ RunTime:0.056857s ]
INFO: [ view_filter ] --START--
INFO: Run Behavior\WriteHtmlCacheBehavior [ RunTime:0.001372s ]
INFO: [ view_filter ] --END-- [ RunTime:0.001486s ]
INFO: [ app_end ] --START--
INFO: Run Behavior\ShowPageTraceBehavior [ RunTime:0.006356s ]
INFO: [ app_end ] --END-- [ RunTime:0.006534s ]

[ 2017-10-28T15:33:46+08:00 ] ::1 /minifengshimy/index.php/Ht/Doctor/add.html?id=8&page=0&name=&shop_id=0&tuijian=
NOTIC: [8] Use of undefined constant SHOW_PAGE_TRACE - assumed 'SHOW_PAGE_TRACE' F:\phpStudy\WWW\minifengshimy\App\Common\Conf\debug.php 第 4 行.
INFO: [ app_init ] --START--
INFO: Run Behavior\BuildLiteBehavior [ RunTime:0.000015s ]
INFO: [ app_init ] --END-- [ RunTime:0.000058s ]
INFO: [ app_begin ] --START--
INFO: Run Behavior\ReadHtmlCacheBehavior [ RunTime:0.000682s ]
INFO: [ app_begin ] --END-- [ RunTime:0.000752s ]
NOTIC: [8] Undefined index: type F:\phpStudy\WWW\minifengshimy\App\Ht\Controller\DoctorController.class.php 第 68 行.
NOTIC: [8] Undefined index: submit F:\phpStudy\WWW\minifengshimy\App\Ht\Controller\DoctorController.class.php 第 70 行.
SQL: SHOW COLUMNS FROM `lr_doctor_cat` [ RunTime:0.0036s ]
SQL: SELECT `id`,`name` FROM `lr_doctor_cat` WHERE ( del=0 )  [ RunTime:0.0003s ]
SQL: SHOW COLUMNS FROM `lr_doctor` [ RunTime:0.0028s ]
SQL: SELECT * FROM `lr_doctor` WHERE ( id=8 ) LIMIT 1   [ RunTime:0.0004s ]
SQL: SHOW COLUMNS FROM `lr_user` [ RunTime:0.0032s ]
SQL: SELECT `name` FROM `lr_user` WHERE ( id=5 ) LIMIT 1   [ RunTime:0.0003s ]
NOTIC: [8] Undefined variable: shop_id F:\phpStudy\WWW\minifengshimy\App\Ht\Controller\DoctorController.class.php 第 207 行.
INFO: [ view_parse ] --START--
INFO: [ template_filter ] --START--
INFO: Run Behavior\ContentReplaceBehavior [ RunTime:0.000115s ]
INFO: [ template_filter ] --END-- [ RunTime:0.000165s ]
NOTIC: [8] Undefined variable: img F:\phpStudy\WWW\minifengshimy\App\Runtime\Cache\Ht\2223f41ac69bcc4f65acac544a0ae8c2.php 第 14 行.
NOTIC: [8] Undefined variable: img F:\phpStudy\WWW\minifengshimy\App\Runtime\Cache\Ht\2223f41ac69bcc4f65acac544a0ae8c2.php 第 14 行.
NOTIC: [8] Undefined variable: img F:\phpStudy\WWW\minifengshimy\App\Runtime\Cache\Ht\2223f41ac69bcc4f65acac544a0ae8c2.php 第 14 行.
NOTIC: [2] Division by zero F:\phpStudy\WWW\minifengshimy\App\Runtime\Cache\Ht\2223f41ac69bcc4f65acac544a0ae8c2.php 第 14 行.
NOTIC: [8] Undefined variable: shangchang F:\phpStudy\WWW\minifengshimy\App\Runtime\Cache\Ht\2223f41ac69bcc4f65acac544a0ae8c2.php 第 99 行.
NOTIC: [8] Undefined index: shop_id F:\phpStudy\WWW\minifengshimy\App\Runtime\Cache\Ht\2223f41ac69bcc4f65acac544a0ae8c2.php 第 100 行.
INFO: Run Behavior\ParseTemplateBehavior [ RunTime:0.031436s ]
INFO: [ view_parse ] --END-- [ RunTime:0.031484s ]
INFO: [ view_filter ] --START--
INFO: Run Behavior\WriteHtmlCacheBehavior [ RunTime:0.000496s ]
INFO: [ view_filter ] --END-- [ RunTime:0.000532s ]
INFO: [ app_end ] --START--
INFO: Run Behavior\ShowPageTraceBehavior [ RunTime:0.001345s ]
INFO: [ app_end ] --END-- [ RunTime:0.001481s ]

[ 2017-10-28T15:33:47+08:00 ] ::1 /minifengshimy/index.php/Ht/Doctor/user.html?type=xz
NOTIC: [8] Use of undefined constant SHOW_PAGE_TRACE - assumed 'SHOW_PAGE_TRACE' F:\phpStudy\WWW\minifengshimy\App\Common\Conf\debug.php 第 4 行.
INFO: [ app_init ] --START--
INFO: Run Behavior\BuildLiteBehavior [ RunTime:0.000018s ]
INFO: [ app_init ] --END-- [ RunTime:0.000071s ]
INFO: [ app_begin ] --START--
INFO: Run Behavior\ReadHtmlCacheBehavior [ RunTime:0.000854s ]
INFO: [ app_begin ] --END-- [ RunTime:0.000928s ]
NOTIC: [8] Undefined index: id F:\phpStudy\WWW\minifengshimy\App\Ht\Controller\DoctorController.class.php 第 332 行.
NOTIC: [8] Undefined index: tel F:\phpStudy\WWW\minifengshimy\App\Ht\Controller\DoctorController.class.php 第 333 行.
NOTIC: [8] Undefined index: name F:\phpStudy\WWW\minifengshimy\App\Ht\Controller\DoctorController.class.php 第 334 行.
NOTIC: [8] Undefined index: name F:\phpStudy\WWW\minifengshimy\App\Ht\Controller\DoctorController.class.php 第 336 行.
SQL: SHOW COLUMNS FROM `lr_user` [ RunTime:0.0052s ]
SQL: SELECT COUNT(*) AS tp_count FROM `lr_user` WHERE ( 1=1 ) LIMIT 1   [ RunTime:0.0003s ]
NOTIC: [8] Undefined index: page F:\phpStudy\WWW\minifengshimy\App\Ht\Controller\DoctorController.class.php 第 346 行.
SQL: SELECT * FROM `lr_user` WHERE ( 1=1 ) ORDER BY id desc LIMIT 0,20000   [ RunTime:0.0005s ]
INFO: [ view_parse ] --START--
INFO: [ template_filter ] --START--
INFO: Run Behavior\ContentReplaceBehavior [ RunTime:0.000070s ]
INFO: [ template_filter ] --END-- [ RunTime:0.000126s ]
INFO: Run Behavior\ParseTemplateBehavior [ RunTime:0.033978s ]
INFO: [ view_parse ] --END-- [ RunTime:0.034036s ]
INFO: [ view_filter ] --START--
INFO: Run Behavior\WriteHtmlCacheBehavior [ RunTime:0.000494s ]
INFO: [ view_filter ] --END-- [ RunTime:0.000533s ]
INFO: [ app_end ] --START--
INFO: Run Behavior\ShowPageTraceBehavior [ RunTime:0.000671s ]
INFO: [ app_end ] --END-- [ RunTime:0.000710s ]

[ 2017-10-28T15:33:58+08:00 ] ::1 /minifengshimy/index.php/Ht/Doctor/add.html?id=8&page=0&type=&name=&shop_id=
NOTIC: [8] Use of undefined constant SHOW_PAGE_TRACE - assumed 'SHOW_PAGE_TRACE' F:\phpStudy\WWW\minifengshimy\App\Common\Conf\debug.php 第 4 行.
INFO: [ app_init ] --START--
INFO: Run Behavior\BuildLiteBehavior [ RunTime:0.000025s ]
INFO: [ app_init ] --END-- [ RunTime:0.000105s ]
INFO: [ app_begin ] --START--
INFO: Run Behavior\ReadHtmlCacheBehavior [ RunTime:0.001224s ]
INFO: [ app_begin ] --END-- [ RunTime:0.001336s ]
NOTIC: [8] Undefined index: shop_id F:\phpStudy\WWW\minifengshimy\App\Ht\Controller\DoctorController.class.php 第 82 行.
NOTIC: [8] Undefined index: sort F:\phpStudy\WWW\minifengshimy\App\Ht\Controller\DoctorController.class.php 第 84 行.
NOTIC: [8] Undefined index: is_yu F:\phpStudy\WWW\minifengshimy\App\Ht\Controller\DoctorController.class.php 第 89 行.
NOTIC: [8] Undefined index: is_online F:\phpStudy\WWW\minifengshimy\App\Ht\Controller\DoctorController.class.php 第 90 行.
NOTIC: [8] Undefined index: renqi F:\phpStudy\WWW\minifengshimy\App\Ht\Controller\DoctorController.class.php 第 92 行.
SQL: SHOW COLUMNS FROM `lr_doctor` [ RunTime:0.0036s ]
SQL: UPDATE `lr_doctor` SET `name`='LeeFon',`uid`='1',`password`='123456',`hospital`='银河医院',`position`='全能医生',`cztime`='周六',`price`='8',`cid`='2',`sort`='0',`updatetime`='1509176038',`digest`='该医生是一个全能的医生，就问你服不服',`zyjy`='毫无经验，吹咩，哈哈哈',`tel`='18845210365',`is_yu`='0',`is_online`='0',`service`='男科、女科',`renqi`='0' WHERE ( id=8 ) [ RunTime:0.0007s ]
INFO: [ view_parse ] --START--
INFO: [ template_filter ] --START--
INFO: Run Behavior\ContentReplaceBehavior [ RunTime:0.000057s ]
INFO: [ template_filter ] --END-- [ RunTime:0.000118s ]
INFO: Run Behavior\ParseTemplateBehavior [ RunTime:0.022706s ]
INFO: [ view_parse ] --END-- [ RunTime:0.022780s ]
INFO: [ view_filter ] --START--
INFO: Run Behavior\WriteHtmlCacheBehavior [ RunTime:0.000444s ]
INFO: [ view_filter ] --END-- [ RunTime:0.000492s ]

[ 2017-10-28T15:33:59+08:00 ] ::1 /minifengshimy/index.php/Ht/Doctor/add.html?id=8&page=0&name=&shop_id=0&tuijian=
NOTIC: [8] Use of undefined constant SHOW_PAGE_TRACE - assumed 'SHOW_PAGE_TRACE' F:\phpStudy\WWW\minifengshimy\App\Common\Conf\debug.php 第 4 行.
INFO: [ app_init ] --START--
INFO: Run Behavior\BuildLiteBehavior [ RunTime:0.000024s ]
INFO: [ app_init ] --END-- [ RunTime:0.000117s ]
INFO: [ app_begin ] --START--
INFO: Run Behavior\ReadHtmlCacheBehavior [ RunTime:0.003233s ]
INFO: [ app_begin ] --END-- [ RunTime:0.003401s ]
NOTIC: [8] Undefined index: type F:\phpStudy\WWW\minifengshimy\App\Ht\Controller\DoctorController.class.php 第 68 行.
NOTIC: [8] Undefined index: submit F:\phpStudy\WWW\minifengshimy\App\Ht\Controller\DoctorController.class.php 第 70 行.
SQL: SHOW COLUMNS FROM `lr_doctor_cat` [ RunTime:0.0032s ]
SQL: SELECT `id`,`name` FROM `lr_doctor_cat` WHERE ( del=0 )  [ RunTime:0.0005s ]
SQL: SHOW COLUMNS FROM `lr_doctor` [ RunTime:0.0078s ]
SQL: SELECT * FROM `lr_doctor` WHERE ( id=8 ) LIMIT 1   [ RunTime:0.0006s ]
SQL: SHOW COLUMNS FROM `lr_user` [ RunTime:0.0049s ]
SQL: SELECT `name` FROM `lr_user` WHERE ( id=1 ) LIMIT 1   [ RunTime:0.0003s ]
NOTIC: [8] Undefined variable: shop_id F:\phpStudy\WWW\minifengshimy\App\Ht\Controller\DoctorController.class.php 第 207 行.
INFO: [ view_parse ] --START--
INFO: [ template_filter ] --START--
INFO: Run Behavior\ContentReplaceBehavior [ RunTime:0.000188s ]
INFO: [ template_filter ] --END-- [ RunTime:0.000266s ]
NOTIC: [8] Undefined variable: img F:\phpStudy\WWW\minifengshimy\App\Runtime\Cache\Ht\2223f41ac69bcc4f65acac544a0ae8c2.php 第 14 行.
NOTIC: [8] Undefined variable: img F:\phpStudy\WWW\minifengshimy\App\Runtime\Cache\Ht\2223f41ac69bcc4f65acac544a0ae8c2.php 第 14 行.
NOTIC: [8] Undefined variable: img F:\phpStudy\WWW\minifengshimy\App\Runtime\Cache\Ht\2223f41ac69bcc4f65acac544a0ae8c2.php 第 14 行.
NOTIC: [2] Division by zero F:\phpStudy\WWW\minifengshimy\App\Runtime\Cache\Ht\2223f41ac69bcc4f65acac544a0ae8c2.php 第 14 行.
NOTIC: [8] Undefined variable: shangchang F:\phpStudy\WWW\minifengshimy\App\Runtime\Cache\Ht\2223f41ac69bcc4f65acac544a0ae8c2.php 第 99 行.
NOTIC: [8] Undefined index: shop_id F:\phpStudy\WWW\minifengshimy\App\Runtime\Cache\Ht\2223f41ac69bcc4f65acac544a0ae8c2.php 第 100 行.
INFO: Run Behavior\ParseTemplateBehavior [ RunTime:0.019991s ]
INFO: [ view_parse ] --END-- [ RunTime:0.020582s ]
INFO: [ view_filter ] --START--
INFO: Run Behavior\WriteHtmlCacheBehavior [ RunTime:0.001676s ]
INFO: [ view_filter ] --END-- [ RunTime:0.001788s ]
INFO: [ app_end ] --START--
INFO: Run Behavior\ShowPageTraceBehavior [ RunTime:0.001866s ]
INFO: [ app_end ] --END-- [ RunTime:0.001979s ]

[ 2017-10-28T15:36:21+08:00 ] ::1 /minifengshimy/index.php/Ht/User/index.html
NOTIC: [8] Use of undefined constant SHOW_PAGE_TRACE - assumed 'SHOW_PAGE_TRACE' F:\phpStudy\WWW\minifengshimy\App\Common\Conf\debug.php 第 4 行.
INFO: [ app_init ] --START--
INFO: Run Behavior\BuildLiteBehavior [ RunTime:0.000015s ]
INFO: [ app_init ] --END-- [ RunTime:0.000060s ]
INFO: [ app_begin ] --START--
INFO: Run Behavior\ReadHtmlCacheBehavior [ RunTime:0.000684s ]
INFO: [ app_begin ] --END-- [ RunTime:0.000738s ]
NOTIC: [8] Undefined index: type F:\phpStudy\WWW\minifengshimy\App\Ht\Controller\UserController.class.php 第 11 行.
NOTIC: [8] Undefined index: id F:\phpStudy\WWW\minifengshimy\App\Ht\Controller\UserController.class.php 第 12 行.
NOTIC: [8] Undefined index: tel F:\phpStudy\WWW\minifengshimy\App\Ht\Controller\UserController.class.php 第 13 行.
NOTIC: [8] Undefined index: name F:\phpStudy\WWW\minifengshimy\App\Ht\Controller\UserController.class.php 第 14 行.
NOTIC: [8] Undefined index: name F:\phpStudy\WWW\minifengshimy\App\Ht\Controller\UserController.class.php 第 16 行.
SQL: SHOW COLUMNS FROM `lr_user` [ RunTime:0.0030s ]
SQL: SELECT COUNT(*) AS tp_count FROM `lr_user` WHERE ( 1=1 ) LIMIT 1   [ RunTime:0.0002s ]
NOTIC: [8] Undefined index: page F:\phpStudy\WWW\minifengshimy\App\Ht\Controller\UserController.class.php 第 26 行.
SQL: SELECT * FROM `lr_user` WHERE ( 1=1 ) ORDER BY id desc LIMIT 0,20   [ RunTime:0.0004s ]
INFO: [ view_parse ] --START--
INFO: [ template_filter ] --START--
INFO: Run Behavior\ContentReplaceBehavior [ RunTime:0.000065s ]
INFO: [ template_filter ] --END-- [ RunTime:0.000114s ]
INFO: Run Behavior\ParseTemplateBehavior [ RunTime:0.014688s ]
INFO: [ view_parse ] --END-- [ RunTime:0.014746s ]
INFO: [ view_filter ] --START--
INFO: Run Behavior\WriteHtmlCacheBehavior [ RunTime:0.000522s ]
INFO: [ view_filter ] --END-- [ RunTime:0.000559s ]
INFO: [ app_end ] --START--
INFO: Run Behavior\ShowPageTraceBehavior [ RunTime:0.000694s ]
INFO: [ app_end ] --END-- [ RunTime:0.000735s ]

[ 2017-10-28T15:46:46+08:00 ] ::1 /minifengshimy/index.php/Ht/Doctor/index.html
NOTIC: [8] Use of undefined constant SHOW_PAGE_TRACE - assumed 'SHOW_PAGE_TRACE' F:\phpStudy\WWW\minifengshimy\App\Common\Conf\debug.php 第 4 行.
INFO: [ app_init ] --START--
INFO: Run Behavior\BuildLiteBehavior [ RunTime:0.000013s ]
INFO: [ app_init ] --END-- [ RunTime:0.000057s ]
INFO: [ app_begin ] --START--
INFO: Run Behavior\ReadHtmlCacheBehavior [ RunTime:0.000701s ]
INFO: [ app_begin ] --END-- [ RunTime:0.000762s ]
NOTIC: [8] Undefined index: id F:\phpStudy\WWW\minifengshimy\App\Ht\Controller\DoctorController.class.php 第 14 行.
NOTIC: [8] Undefined index: shop_id F:\phpStudy\WWW\minifengshimy\App\Ht\Controller\DoctorController.class.php 第 15 行.
NOTIC: [8] Undefined index: type F:\phpStudy\WWW\minifengshimy\App\Ht\Controller\DoctorController.class.php 第 18 行.
NOTIC: [8] Undefined index: tuijian F:\phpStudy\WWW\minifengshimy\App\Ht\Controller\DoctorController.class.php 第 19 行.
NOTIC: [8] Undefined index: name F:\phpStudy\WWW\minifengshimy\App\Ht\Controller\DoctorController.class.php 第 20 行.
SQL: SHOW COLUMNS FROM `lr_doctor` [ RunTime:0.0030s ]
SQL: SELECT COUNT(*) AS tp_count FROM `lr_doctor` WHERE ( 1=1 AND del=0 ) LIMIT 1   [ RunTime:0.0003s ]
NOTIC: [8] Undefined index: page F:\phpStudy\WWW\minifengshimy\App\Ht\Controller\DoctorController.class.php 第 32 行.
SQL: SELECT * FROM `lr_doctor` WHERE ( 1=1 AND del=0 ) ORDER BY addtime desc LIMIT 0,20   [ RunTime:0.0005s ]
INFO: [ view_parse ] --START--
INFO: [ template_filter ] --START--
INFO: Run Behavior\ContentReplaceBehavior [ RunTime:0.000117s ]
INFO: [ template_filter ] --END-- [ RunTime:0.000216s ]
INFO: Run Behavior\ParseTemplateBehavior [ RunTime:0.010214s ]
INFO: [ view_parse ] --END-- [ RunTime:0.010276s ]
INFO: [ view_filter ] --START--
INFO: Run Behavior\WriteHtmlCacheBehavior [ RunTime:0.000640s ]
INFO: [ view_filter ] --END-- [ RunTime:0.000691s ]
INFO: [ app_end ] --START--
INFO: Run Behavior\ShowPageTraceBehavior [ RunTime:0.001113s ]
INFO: [ app_end ] --END-- [ RunTime:0.001292s ]

[ 2017-10-28T15:48:46+08:00 ] ::1 /minifengshimy/index.php/Ht/Doctor/add.html?id=8&page=0&name=&shop_id=0&tuijian=
NOTIC: [8] Use of undefined constant SHOW_PAGE_TRACE - assumed 'SHOW_PAGE_TRACE' F:\phpStudy\WWW\minifengshimy\App\Common\Conf\debug.php 第 4 行.
INFO: [ app_init ] --START--
INFO: Run Behavior\BuildLiteBehavior [ RunTime:0.000015s ]
INFO: [ app_init ] --END-- [ RunTime:0.000058s ]
INFO: [ app_begin ] --START--
INFO: Run Behavior\ReadHtmlCacheBehavior [ RunTime:0.000755s ]
INFO: [ app_begin ] --END-- [ RunTime:0.000817s ]
NOTIC: [8] Undefined index: type F:\phpStudy\WWW\minifengshimy\App\Ht\Controller\DoctorController.class.php 第 68 行.
NOTIC: [8] Undefined index: submit F:\phpStudy\WWW\minifengshimy\App\Ht\Controller\DoctorController.class.php 第 70 行.
SQL: SHOW COLUMNS FROM `lr_doctor_cat` [ RunTime:0.0032s ]
SQL: SELECT `id`,`name` FROM `lr_doctor_cat` WHERE ( del=0 )  [ RunTime:0.0004s ]
SQL: SHOW COLUMNS FROM `lr_doctor` [ RunTime:0.0034s ]
SQL: SELECT * FROM `lr_doctor` WHERE ( id=8 ) LIMIT 1   [ RunTime:0.0005s ]
SQL: SHOW COLUMNS FROM `lr_user` [ RunTime:0.0028s ]
SQL: SELECT `name` FROM `lr_user` WHERE ( id=1 ) LIMIT 1   [ RunTime:0.0003s ]
NOTIC: [8] Undefined variable: shop_id F:\phpStudy\WWW\minifengshimy\App\Ht\Controller\DoctorController.class.php 第 207 行.
INFO: [ view_parse ] --START--
INFO: [ template_filter ] --START--
INFO: Run Behavior\ContentReplaceBehavior [ RunTime:0.000128s ]
INFO: [ template_filter ] --END-- [ RunTime:0.000182s ]
NOTIC: [8] Undefined variable: img F:\phpStudy\WWW\minifengshimy\App\Runtime\Cache\Ht\2223f41ac69bcc4f65acac544a0ae8c2.php 第 14 行.
NOTIC: [8] Undefined variable: img F:\phpStudy\WWW\minifengshimy\App\Runtime\Cache\Ht\2223f41ac69bcc4f65acac544a0ae8c2.php 第 14 行.
NOTIC: [8] Undefined variable: img F:\phpStudy\WWW\minifengshimy\App\Runtime\Cache\Ht\2223f41ac69bcc4f65acac544a0ae8c2.php 第 14 行.
NOTIC: [2] Division by zero F:\phpStudy\WWW\minifengshimy\App\Runtime\Cache\Ht\2223f41ac69bcc4f65acac544a0ae8c2.php 第 14 行.
NOTIC: [8] Undefined variable: shangchang F:\phpStudy\WWW\minifengshimy\App\Runtime\Cache\Ht\2223f41ac69bcc4f65acac544a0ae8c2.php 第 99 行.
NOTIC: [8] Undefined index: shop_id F:\phpStudy\WWW\minifengshimy\App\Runtime\Cache\Ht\2223f41ac69bcc4f65acac544a0ae8c2.php 第 100 行.
INFO: Run Behavior\ParseTemplateBehavior [ RunTime:0.011209s ]
INFO: [ view_parse ] --END-- [ RunTime:0.011256s ]
INFO: [ view_filter ] --START--
INFO: Run Behavior\WriteHtmlCacheBehavior [ RunTime:0.000409s ]
INFO: [ view_filter ] --END-- [ RunTime:0.000475s ]
INFO: [ app_end ] --START--
INFO: Run Behavior\ShowPageTraceBehavior [ RunTime:0.001052s ]
INFO: [ app_end ] --END-- [ RunTime:0.001112s ]

[ 2017-10-28T15:48:49+08:00 ] ::1 /minifengshimy/index.php/Ht/Doctor/user.html?type=xz
NOTIC: [8] Use of undefined constant SHOW_PAGE_TRACE - assumed 'SHOW_PAGE_TRACE' F:\phpStudy\WWW\minifengshimy\App\Common\Conf\debug.php 第 4 行.
INFO: [ app_init ] --START--
INFO: Run Behavior\BuildLiteBehavior [ RunTime:0.000016s ]
INFO: [ app_init ] --END-- [ RunTime:0.000078s ]
INFO: [ app_begin ] --START--
INFO: Run Behavior\ReadHtmlCacheBehavior [ RunTime:0.000927s ]
INFO: [ app_begin ] --END-- [ RunTime:0.001007s ]
NOTIC: [8] Undefined index: id F:\phpStudy\WWW\minifengshimy\App\Ht\Controller\DoctorController.class.php 第 332 行.
NOTIC: [8] Undefined index: tel F:\phpStudy\WWW\minifengshimy\App\Ht\Controller\DoctorController.class.php 第 333 行.
NOTIC: [8] Undefined index: name F:\phpStudy\WWW\minifengshimy\App\Ht\Controller\DoctorController.class.php 第 334 行.
NOTIC: [8] Undefined index: name F:\phpStudy\WWW\minifengshimy\App\Ht\Controller\DoctorController.class.php 第 336 行.
SQL: SHOW COLUMNS FROM `lr_user` [ RunTime:0.0033s ]
SQL: SELECT COUNT(*) AS tp_count FROM `lr_user` WHERE ( 1=1 ) LIMIT 1   [ RunTime:0.0002s ]
NOTIC: [8] Undefined index: page F:\phpStudy\WWW\minifengshimy\App\Ht\Controller\DoctorController.class.php 第 346 行.
SQL: SELECT * FROM `lr_user` WHERE ( 1=1 ) ORDER BY id desc LIMIT 0,20000   [ RunTime:0.0004s ]
INFO: [ view_parse ] --START--
INFO: [ template_filter ] --START--
INFO: Run Behavior\ContentReplaceBehavior [ RunTime:0.000069s ]
INFO: [ template_filter ] --END-- [ RunTime:0.000119s ]
INFO: Run Behavior\ParseTemplateBehavior [ RunTime:0.009470s ]
INFO: [ view_parse ] --END-- [ RunTime:0.009528s ]
INFO: [ view_filter ] --START--
INFO: Run Behavior\WriteHtmlCacheBehavior [ RunTime:0.000693s ]
INFO: [ view_filter ] --END-- [ RunTime:0.000748s ]
INFO: [ app_end ] --START--
INFO: Run Behavior\ShowPageTraceBehavior [ RunTime:0.000975s ]
INFO: [ app_end ] --END-- [ RunTime:0.001033s ]

[ 2017-10-28T15:48:54+08:00 ] ::1 /minifengshimy/index.php/Ht/Doctor/add.html?id=8&page=0&type=&name=&shop_id=
NOTIC: [8] Use of undefined constant SHOW_PAGE_TRACE - assumed 'SHOW_PAGE_TRACE' F:\phpStudy\WWW\minifengshimy\App\Common\Conf\debug.php 第 4 行.
INFO: [ app_init ] --START--
INFO: Run Behavior\BuildLiteBehavior [ RunTime:0.000014s ]
INFO: [ app_init ] --END-- [ RunTime:0.000055s ]
INFO: [ app_begin ] --START--
INFO: Run Behavior\ReadHtmlCacheBehavior [ RunTime:0.000769s ]
INFO: [ app_begin ] --END-- [ RunTime:0.000837s ]
NOTIC: [8] Undefined index: shop_id F:\phpStudy\WWW\minifengshimy\App\Ht\Controller\DoctorController.class.php 第 82 行.
NOTIC: [8] Undefined index: sort F:\phpStudy\WWW\minifengshimy\App\Ht\Controller\DoctorController.class.php 第 84 行.
NOTIC: [8] Undefined index: is_yu F:\phpStudy\WWW\minifengshimy\App\Ht\Controller\DoctorController.class.php 第 89 行.
NOTIC: [8] Undefined index: is_online F:\phpStudy\WWW\minifengshimy\App\Ht\Controller\DoctorController.class.php 第 90 行.
NOTIC: [8] Undefined index: renqi F:\phpStudy\WWW\minifengshimy\App\Ht\Controller\DoctorController.class.php 第 92 行.
SQL: SHOW COLUMNS FROM `lr_doctor` [ RunTime:0.0029s ]
SQL: UPDATE `lr_doctor` SET `name`='LeeFon',`uid`='5',`password`='123456',`hospital`='银河医院',`position`='全能医生',`cztime`='周六',`price`='8',`cid`='2',`sort`='0',`updatetime`='1509176934',`digest`='该医生是一个全能的医生，就问你服不服',`zyjy`='毫无经验，吹咩，哈哈哈',`tel`='18845210365',`is_yu`='0',`is_online`='0',`service`='男科、女科',`renqi`='0' WHERE ( id=8 ) [ RunTime:0.0004s ]
INFO: [ view_parse ] --START--
INFO: [ template_filter ] --START--
INFO: Run Behavior\ContentReplaceBehavior [ RunTime:0.000047s ]
INFO: [ template_filter ] --END-- [ RunTime:0.000100s ]
INFO: Run Behavior\ParseTemplateBehavior [ RunTime:0.006539s ]
INFO: [ view_parse ] --END-- [ RunTime:0.006605s ]
INFO: [ view_filter ] --START--
INFO: Run Behavior\WriteHtmlCacheBehavior [ RunTime:0.000387s ]
INFO: [ view_filter ] --END-- [ RunTime:0.000428s ]

[ 2017-10-28T15:48:55+08:00 ] ::1 /minifengshimy/index.php/Ht/Doctor/add.html?id=8&page=0&name=&shop_id=0&tuijian=
NOTIC: [8] Use of undefined constant SHOW_PAGE_TRACE - assumed 'SHOW_PAGE_TRACE' F:\phpStudy\WWW\minifengshimy\App\Common\Conf\debug.php 第 4 行.
INFO: [ app_init ] --START--
INFO: Run Behavior\BuildLiteBehavior [ RunTime:0.000016s ]
INFO: [ app_init ] --END-- [ RunTime:0.000060s ]
INFO: [ app_begin ] --START--
INFO: Run Behavior\ReadHtmlCacheBehavior [ RunTime:0.000929s ]
INFO: [ app_begin ] --END-- [ RunTime:0.001014s ]
NOTIC: [8] Undefined index: type F:\phpStudy\WWW\minifengshimy\App\Ht\Controller\DoctorController.class.php 第 68 行.
NOTIC: [8] Undefined index: submit F:\phpStudy\WWW\minifengshimy\App\Ht\Controller\DoctorController.class.php 第 70 行.
SQL: SHOW COLUMNS FROM `lr_doctor_cat` [ RunTime:0.0029s ]
SQL: SELECT `id`,`name` FROM `lr_doctor_cat` WHERE ( del=0 )  [ RunTime:0.0004s ]
SQL: SHOW COLUMNS FROM `lr_doctor` [ RunTime:0.0028s ]
SQL: SELECT * FROM `lr_doctor` WHERE ( id=8 ) LIMIT 1   [ RunTime:0.0005s ]
SQL: SHOW COLUMNS FROM `lr_user` [ RunTime:0.0053s ]
SQL: SELECT `name` FROM `lr_user` WHERE ( id=5 ) LIMIT 1   [ RunTime:0.0004s ]
NOTIC: [8] Undefined variable: shop_id F:\phpStudy\WWW\minifengshimy\App\Ht\Controller\DoctorController.class.php 第 207 行.
INFO: [ view_parse ] --START--
INFO: [ template_filter ] --START--
INFO: Run Behavior\ContentReplaceBehavior [ RunTime:0.000365s ]
INFO: [ template_filter ] --END-- [ RunTime:0.000444s ]
NOTIC: [8] Undefined variable: img F:\phpStudy\WWW\minifengshimy\App\Runtime\Cache\Ht\2223f41ac69bcc4f65acac544a0ae8c2.php 第 14 行.
NOTIC: [8] Undefined variable: img F:\phpStudy\WWW\minifengshimy\App\Runtime\Cache\Ht\2223f41ac69bcc4f65acac544a0ae8c2.php 第 14 行.
NOTIC: [8] Undefined variable: img F:\phpStudy\WWW\minifengshimy\App\Runtime\Cache\Ht\2223f41ac69bcc4f65acac544a0ae8c2.php 第 14 行.
NOTIC: [2] Division by zero F:\phpStudy\WWW\minifengshimy\App\Runtime\Cache\Ht\2223f41ac69bcc4f65acac544a0ae8c2.php 第 14 行.
NOTIC: [8] Undefined variable: shangchang F:\phpStudy\WWW\minifengshimy\App\Runtime\Cache\Ht\2223f41ac69bcc4f65acac544a0ae8c2.php 第 99 行.
NOTIC: [8] Undefined index: shop_id F:\phpStudy\WWW\minifengshimy\App\Runtime\Cache\Ht\2223f41ac69bcc4f65acac544a0ae8c2.php 第 100 行.
INFO: Run Behavior\ParseTemplateBehavior [ RunTime:0.020568s ]
INFO: [ view_parse ] --END-- [ RunTime:0.020769s ]
INFO: [ view_filter ] --START--
INFO: Run Behavior\WriteHtmlCacheBehavior [ RunTime:0.001704s ]
INFO: [ view_filter ] --END-- [ RunTime:0.001914s ]
INFO: [ app_end ] --START--
INFO: Run Behavior\ShowPageTraceBehavior [ RunTime:0.002886s ]
INFO: [ app_end ] --END-- [ RunTime:0.003047s ]

[ 2017-10-28T15:48:57+08:00 ] ::1 /minifengshimy/index.php/Ht/Doctor/index.html
NOTIC: [8] Use of undefined constant SHOW_PAGE_TRACE - assumed 'SHOW_PAGE_TRACE' F:\phpStudy\WWW\minifengshimy\App\Common\Conf\debug.php 第 4 行.
INFO: [ app_init ] --START--
INFO: Run Behavior\BuildLiteBehavior [ RunTime:0.000014s ]
INFO: [ app_init ] --END-- [ RunTime:0.000056s ]
INFO: [ app_begin ] --START--
INFO: Run Behavior\ReadHtmlCacheBehavior [ RunTime:0.000751s ]
INFO: [ app_begin ] --END-- [ RunTime:0.000818s ]
NOTIC: [8] Undefined index: id F:\phpStudy\WWW\minifengshimy\App\Ht\Controller\DoctorController.class.php 第 14 行.
NOTIC: [8] Undefined index: shop_id F:\phpStudy\WWW\minifengshimy\App\Ht\Controller\DoctorController.class.php 第 15 行.
NOTIC: [8] Undefined index: type F:\phpStudy\WWW\minifengshimy\App\Ht\Controller\DoctorController.class.php 第 18 行.
NOTIC: [8] Undefined index: tuijian F:\phpStudy\WWW\minifengshimy\App\Ht\Controller\DoctorController.class.php 第 19 行.
NOTIC: [8] Undefined index: name F:\phpStudy\WWW\minifengshimy\App\Ht\Controller\DoctorController.class.php 第 20 行.
SQL: SHOW COLUMNS FROM `lr_doctor` [ RunTime:0.0031s ]
SQL: SELECT COUNT(*) AS tp_count FROM `lr_doctor` WHERE ( 1=1 AND del=0 ) LIMIT 1   [ RunTime:0.0003s ]
NOTIC: [8] Undefined index: page F:\phpStudy\WWW\minifengshimy\App\Ht\Controller\DoctorController.class.php 第 32 行.
SQL: SELECT * FROM `lr_doctor` WHERE ( 1=1 AND del=0 ) ORDER BY addtime desc LIMIT 0,20   [ RunTime:0.0005s ]
INFO: [ view_parse ] --START--
INFO: [ template_filter ] --START--
INFO: Run Behavior\ContentReplaceBehavior [ RunTime:0.000076s ]
INFO: [ template_filter ] --END-- [ RunTime:0.000134s ]
INFO: Run Behavior\ParseTemplateBehavior [ RunTime:0.010106s ]
INFO: [ view_parse ] --END-- [ RunTime:0.010163s ]
INFO: [ view_filter ] --START--
INFO: Run Behavior\WriteHtmlCacheBehavior [ RunTime:0.000482s ]
INFO: [ view_filter ] --END-- [ RunTime:0.000526s ]
INFO: [ app_end ] --START--
INFO: Run Behavior\ShowPageTraceBehavior [ RunTime:0.001074s ]
INFO: [ app_end ] --END-- [ RunTime:0.001136s ]

[ 2017-10-28T16:00:43+08:00 ] ::1 /minifengshimy/index.php/Ht/Doctor/add.html?id=8&page=0&name=&shop_id=0&tuijian=
NOTIC: [8] Use of undefined constant SHOW_PAGE_TRACE - assumed 'SHOW_PAGE_TRACE' F:\phpStudy\WWW\minifengshimy\App\Common\Conf\debug.php 第 4 行.
INFO: [ app_init ] --START--
INFO: Run Behavior\BuildLiteBehavior [ RunTime:0.000014s ]
INFO: [ app_init ] --END-- [ RunTime:0.000054s ]
INFO: [ app_begin ] --START--
INFO: Run Behavior\ReadHtmlCacheBehavior [ RunTime:0.000854s ]
INFO: [ app_begin ] --END-- [ RunTime:0.000917s ]
NOTIC: [8] Undefined index: type F:\phpStudy\WWW\minifengshimy\App\Ht\Controller\DoctorController.class.php 第 68 行.
NOTIC: [8] Undefined index: submit F:\phpStudy\WWW\minifengshimy\App\Ht\Controller\DoctorController.class.php 第 70 行.
SQL: SHOW COLUMNS FROM `lr_doctor_cat` [ RunTime:0.0033s ]
SQL: SELECT `id`,`name` FROM `lr_doctor_cat` WHERE ( del=0 )  [ RunTime:0.0004s ]
SQL: SHOW COLUMNS FROM `lr_doctor` [ RunTime:0.0028s ]
SQL: SELECT * FROM `lr_doctor` WHERE ( id=8 ) LIMIT 1   [ RunTime:0.0004s ]
SQL: SHOW COLUMNS FROM `lr_user` [ RunTime:0.0037s ]
SQL: SELECT `name` FROM `lr_user` WHERE ( id=5 ) LIMIT 1   [ RunTime:0.0003s ]
NOTIC: [8] Undefined variable: shop_id F:\phpStudy\WWW\minifengshimy\App\Ht\Controller\DoctorController.class.php 第 207 行.
INFO: [ view_parse ] --START--
INFO: [ template_filter ] --START--
INFO: Run Behavior\ContentReplaceBehavior [ RunTime:0.000116s ]
INFO: [ template_filter ] --END-- [ RunTime:0.000166s ]
NOTIC: [8] Undefined variable: img F:\phpStudy\WWW\minifengshimy\App\Runtime\Cache\Ht\2223f41ac69bcc4f65acac544a0ae8c2.php 第 14 行.
NOTIC: [8] Undefined variable: img F:\phpStudy\WWW\minifengshimy\App\Runtime\Cache\Ht\2223f41ac69bcc4f65acac544a0ae8c2.php 第 14 行.
NOTIC: [8] Undefined variable: img F:\phpStudy\WWW\minifengshimy\App\Runtime\Cache\Ht\2223f41ac69bcc4f65acac544a0ae8c2.php 第 14 行.
NOTIC: [2] Division by zero F:\phpStudy\WWW\minifengshimy\App\Runtime\Cache\Ht\2223f41ac69bcc4f65acac544a0ae8c2.php 第 14 行.
NOTIC: [8] Undefined variable: shangchang F:\phpStudy\WWW\minifengshimy\App\Runtime\Cache\Ht\2223f41ac69bcc4f65acac544a0ae8c2.php 第 99 行.
NOTIC: [8] Undefined index: shop_id F:\phpStudy\WWW\minifengshimy\App\Runtime\Cache\Ht\2223f41ac69bcc4f65acac544a0ae8c2.php 第 100 行.
INFO: Run Behavior\ParseTemplateBehavior [ RunTime:0.010574s ]
INFO: [ view_parse ] --END-- [ RunTime:0.010620s ]
INFO: [ view_filter ] --START--
INFO: Run Behavior\WriteHtmlCacheBehavior [ RunTime:0.000518s ]
INFO: [ view_filter ] --END-- [ RunTime:0.000556s ]
INFO: [ app_end ] --START--
INFO: Run Behavior\ShowPageTraceBehavior [ RunTime:0.001529s ]
INFO: [ app_end ] --END-- [ RunTime:0.001593s ]

[ 2017-10-28T16:00:44+08:00 ] ::1 /minifengshimy/index.php/Ht/Doctor/user.html?type=xz
NOTIC: [8] Use of undefined constant SHOW_PAGE_TRACE - assumed 'SHOW_PAGE_TRACE' F:\phpStudy\WWW\minifengshimy\App\Common\Conf\debug.php 第 4 行.
INFO: [ app_init ] --START--
INFO: Run Behavior\BuildLiteBehavior [ RunTime:0.000014s ]
INFO: [ app_init ] --END-- [ RunTime:0.000056s ]
INFO: [ app_begin ] --START--
INFO: Run Behavior\ReadHtmlCacheBehavior [ RunTime:0.000686s ]
INFO: [ app_begin ] --END-- [ RunTime:0.000756s ]
NOTIC: [8] Undefined index: id F:\phpStudy\WWW\minifengshimy\App\Ht\Controller\DoctorController.class.php 第 332 行.
NOTIC: [8] Undefined index: tel F:\phpStudy\WWW\minifengshimy\App\Ht\Controller\DoctorController.class.php 第 333 行.
NOTIC: [8] Undefined index: name F:\phpStudy\WWW\minifengshimy\App\Ht\Controller\DoctorController.class.php 第 334 行.
NOTIC: [8] Undefined index: name F:\phpStudy\WWW\minifengshimy\App\Ht\Controller\DoctorController.class.php 第 336 行.
SQL: SHOW COLUMNS FROM `lr_user` [ RunTime:0.0057s ]
SQL: SELECT COUNT(*) AS tp_count FROM `lr_user` WHERE ( 1=1 ) LIMIT 1   [ RunTime:0.0004s ]
NOTIC: [8] Undefined index: page F:\phpStudy\WWW\minifengshimy\App\Ht\Controller\DoctorController.class.php 第 346 行.
SQL: SELECT * FROM `lr_user` WHERE ( 1=1 ) ORDER BY id desc LIMIT 0,20000   [ RunTime:0.0007s ]
INFO: [ view_parse ] --START--
INFO: [ template_filter ] --START--
INFO: Run Behavior\ContentReplaceBehavior [ RunTime:0.000064s ]
INFO: [ template_filter ] --END-- [ RunTime:0.000115s ]
INFO: Run Behavior\ParseTemplateBehavior [ RunTime:0.010276s ]
INFO: [ view_parse ] --END-- [ RunTime:0.010358s ]
INFO: [ view_filter ] --START--
INFO: Run Behavior\WriteHtmlCacheBehavior [ RunTime:0.000609s ]
INFO: [ view_filter ] --END-- [ RunTime:0.000654s ]
INFO: [ app_end ] --START--
INFO: Run Behavior\ShowPageTraceBehavior [ RunTime:0.002512s ]
INFO: [ app_end ] --END-- [ RunTime:0.002574s ]

[ 2017-10-28T16:00:48+08:00 ] ::1 /minifengshimy/index.php/Ht/Doctor/add.html?id=8&page=0&type=&name=&shop_id=
NOTIC: [8] Use of undefined constant SHOW_PAGE_TRACE - assumed 'SHOW_PAGE_TRACE' F:\phpStudy\WWW\minifengshimy\App\Common\Conf\debug.php 第 4 行.
INFO: [ app_init ] --START--
INFO: Run Behavior\BuildLiteBehavior [ RunTime:0.000014s ]
INFO: [ app_init ] --END-- [ RunTime:0.000054s ]
INFO: [ app_begin ] --START--
INFO: Run Behavior\ReadHtmlCacheBehavior [ RunTime:0.000616s ]
INFO: [ app_begin ] --END-- [ RunTime:0.000669s ]
NOTIC: [8] Undefined index: shop_id F:\phpStudy\WWW\minifengshimy\App\Ht\Controller\DoctorController.class.php 第 82 行.
NOTIC: [8] Undefined index: sort F:\phpStudy\WWW\minifengshimy\App\Ht\Controller\DoctorController.class.php 第 84 行.
NOTIC: [8] Undefined index: is_yu F:\phpStudy\WWW\minifengshimy\App\Ht\Controller\DoctorController.class.php 第 89 行.
NOTIC: [8] Undefined index: is_online F:\phpStudy\WWW\minifengshimy\App\Ht\Controller\DoctorController.class.php 第 90 行.
NOTIC: [8] Undefined index: renqi F:\phpStudy\WWW\minifengshimy\App\Ht\Controller\DoctorController.class.php 第 92 行.
SQL: SHOW COLUMNS FROM `lr_doctor` [ RunTime:0.0029s ]
SQL: UPDATE `lr_doctor` SET `name`='LeeFon',`uid`='1',`password`='123456',`hospital`='银河医院',`position`='全能医生',`cztime`='周六',`price`='8',`cid`='2',`sort`='0',`updatetime`='1509177648',`digest`='该医生是一个全能的医生，就问你服不服',`zyjy`='毫无经验，吹咩，哈哈哈',`tel`='18845210365',`is_yu`='0',`is_online`='0',`service`='男科、女科',`renqi`='0' WHERE ( id=8 ) [ RunTime:0.0004s ]
INFO: [ view_parse ] --START--
INFO: [ template_filter ] --START--
INFO: Run Behavior\ContentReplaceBehavior [ RunTime:0.000056s ]
INFO: [ template_filter ] --END-- [ RunTime:0.000108s ]
INFO: Run Behavior\ParseTemplateBehavior [ RunTime:0.007675s ]
INFO: [ view_parse ] --END-- [ RunTime:0.007733s ]
INFO: [ view_filter ] --START--
INFO: Run Behavior\WriteHtmlCacheBehavior [ RunTime:0.000471s ]
INFO: [ view_filter ] --END-- [ RunTime:0.000507s ]

[ 2017-10-28T16:00:50+08:00 ] ::1 /minifengshimy/index.php/Ht/Doctor/add.html?id=8&page=0&name=&shop_id=0&tuijian=
NOTIC: [8] Use of undefined constant SHOW_PAGE_TRACE - assumed 'SHOW_PAGE_TRACE' F:\phpStudy\WWW\minifengshimy\App\Common\Conf\debug.php 第 4 行.
INFO: [ app_init ] --START--
INFO: Run Behavior\BuildLiteBehavior [ RunTime:0.000018s ]
INFO: [ app_init ] --END-- [ RunTime:0.000073s ]
INFO: [ app_begin ] --START--
INFO: Run Behavior\ReadHtmlCacheBehavior [ RunTime:0.000876s ]
INFO: [ app_begin ] --END-- [ RunTime:0.000951s ]
NOTIC: [8] Undefined index: type F:\phpStudy\WWW\minifengshimy\App\Ht\Controller\DoctorController.class.php 第 68 行.
NOTIC: [8] Undefined index: submit F:\phpStudy\WWW\minifengshimy\App\Ht\Controller\DoctorController.class.php 第 70 行.
SQL: SHOW COLUMNS FROM `lr_doctor_cat` [ RunTime:0.0030s ]
SQL: SELECT `id`,`name` FROM `lr_doctor_cat` WHERE ( del=0 )  [ RunTime:0.0017s ]
SQL: SHOW COLUMNS FROM `lr_doctor` [ RunTime:0.0077s ]
SQL: SELECT * FROM `lr_doctor` WHERE ( id=8 ) LIMIT 1   [ RunTime:0.0005s ]
SQL: SHOW COLUMNS FROM `lr_user` [ RunTime:0.0035s ]
SQL: SELECT `name` FROM `lr_user` WHERE ( id=1 ) LIMIT 1   [ RunTime:0.0006s ]
NOTIC: [8] Undefined variable: shop_id F:\phpStudy\WWW\minifengshimy\App\Ht\Controller\DoctorController.class.php 第 207 行.
INFO: [ view_parse ] --START--
INFO: [ template_filter ] --START--
INFO: Run Behavior\ContentReplaceBehavior [ RunTime:0.000131s ]
INFO: [ template_filter ] --END-- [ RunTime:0.000190s ]
NOTIC: [8] Undefined variable: img F:\phpStudy\WWW\minifengshimy\App\Runtime\Cache\Ht\2223f41ac69bcc4f65acac544a0ae8c2.php 第 14 行.
NOTIC: [8] Undefined variable: img F:\phpStudy\WWW\minifengshimy\App\Runtime\Cache\Ht\2223f41ac69bcc4f65acac544a0ae8c2.php 第 14 行.
NOTIC: [8] Undefined variable: img F:\phpStudy\WWW\minifengshimy\App\Runtime\Cache\Ht\2223f41ac69bcc4f65acac544a0ae8c2.php 第 14 行.
NOTIC: [2] Division by zero F:\phpStudy\WWW\minifengshimy\App\Runtime\Cache\Ht\2223f41ac69bcc4f65acac544a0ae8c2.php 第 14 行.
NOTIC: [8] Undefined variable: shangchang F:\phpStudy\WWW\minifengshimy\App\Runtime\Cache\Ht\2223f41ac69bcc4f65acac544a0ae8c2.php 第 99 行.
NOTIC: [8] Undefined index: shop_id F:\phpStudy\WWW\minifengshimy\App\Runtime\Cache\Ht\2223f41ac69bcc4f65acac544a0ae8c2.php 第 100 行.
INFO: Run Behavior\ParseTemplateBehavior [ RunTime:0.030912s ]
INFO: [ view_parse ] --END-- [ RunTime:0.030994s ]
INFO: [ view_filter ] --START--
INFO: Run Behavior\WriteHtmlCacheBehavior [ RunTime:0.000614s ]
INFO: [ view_filter ] --END-- [ RunTime:0.000668s ]
INFO: [ app_end ] --START--
INFO: Run Behavior\ShowPageTraceBehavior [ RunTime:0.001885s ]
INFO: [ app_end ] --END-- [ RunTime:0.001971s ]

[ 2017-10-28T16:14:59+08:00 ] ::1 /minifengshimy/index.php/Ht/Doctor/user.html?type=xz
NOTIC: [8] Use of undefined constant SHOW_PAGE_TRACE - assumed 'SHOW_PAGE_TRACE' F:\phpStudy\WWW\minifengshimy\App\Common\Conf\debug.php 第 4 行.
INFO: [ app_init ] --START--
INFO: Run Behavior\BuildLiteBehavior [ RunTime:0.000015s ]
INFO: [ app_init ] --END-- [ RunTime:0.000068s ]
INFO: [ app_begin ] --START--
INFO: Run Behavior\ReadHtmlCacheBehavior [ RunTime:0.000699s ]
INFO: [ app_begin ] --END-- [ RunTime:0.000754s ]
NOTIC: [8] Undefined index: id F:\phpStudy\WWW\minifengshimy\App\Ht\Controller\DoctorController.class.php 第 332 行.
NOTIC: [8] Undefined index: tel F:\phpStudy\WWW\minifengshimy\App\Ht\Controller\DoctorController.class.php 第 333 行.
NOTIC: [8] Undefined index: name F:\phpStudy\WWW\minifengshimy\App\Ht\Controller\DoctorController.class.php 第 334 行.
NOTIC: [8] Undefined index: name F:\phpStudy\WWW\minifengshimy\App\Ht\Controller\DoctorController.class.php 第 336 行.
SQL: SHOW COLUMNS FROM `lr_user` [ RunTime:0.0030s ]
SQL: SELECT COUNT(*) AS tp_count FROM `lr_user` WHERE ( 1=1 ) LIMIT 1   [ RunTime:0.0018s ]
NOTIC: [8] Undefined index: page F:\phpStudy\WWW\minifengshimy\App\Ht\Controller\DoctorController.class.php 第 346 行.
SQL: SELECT * FROM `lr_user` WHERE ( 1=1 ) ORDER BY id desc LIMIT 0,20000   [ RunTime:0.0006s ]
INFO: [ view_parse ] --START--
INFO: [ template_filter ] --START--
INFO: Run Behavior\ContentReplaceBehavior [ RunTime:0.000067s ]
INFO: [ template_filter ] --END-- [ RunTime:0.000117s ]
INFO: Run Behavior\ParseTemplateBehavior [ RunTime:0.009504s ]
INFO: [ view_parse ] --END-- [ RunTime:0.009561s ]
INFO: [ view_filter ] --START--
INFO: Run Behavior\WriteHtmlCacheBehavior [ RunTime:0.000554s ]
INFO: [ view_filter ] --END-- [ RunTime:0.000611s ]
INFO: [ app_end ] --START--
INFO: Run Behavior\ShowPageTraceBehavior [ RunTime:0.000825s ]
INFO: [ app_end ] --END-- [ RunTime:0.000870s ]

[ 2017-10-28T16:15:06+08:00 ] ::1 /minifengshimy/index.php/Ht/Doctor/add.html?id=8&page=0&type=&name=&shop_id=
NOTIC: [8] Use of undefined constant SHOW_PAGE_TRACE - assumed 'SHOW_PAGE_TRACE' F:\phpStudy\WWW\minifengshimy\App\Common\Conf\debug.php 第 4 行.
INFO: [ app_init ] --START--
INFO: Run Behavior\BuildLiteBehavior [ RunTime:0.000013s ]
INFO: [ app_init ] --END-- [ RunTime:0.000052s ]
INFO: [ app_begin ] --START--
INFO: Run Behavior\ReadHtmlCacheBehavior [ RunTime:0.000717s ]
INFO: [ app_begin ] --END-- [ RunTime:0.000780s ]
NOTIC: [8] Undefined index: shop_id F:\phpStudy\WWW\minifengshimy\App\Ht\Controller\DoctorController.class.php 第 82 行.
NOTIC: [8] Undefined index: sort F:\phpStudy\WWW\minifengshimy\App\Ht\Controller\DoctorController.class.php 第 84 行.
NOTIC: [8] Undefined index: is_yu F:\phpStudy\WWW\minifengshimy\App\Ht\Controller\DoctorController.class.php 第 89 行.
NOTIC: [8] Undefined index: is_online F:\phpStudy\WWW\minifengshimy\App\Ht\Controller\DoctorController.class.php 第 90 行.
NOTIC: [8] Undefined index: renqi F:\phpStudy\WWW\minifengshimy\App\Ht\Controller\DoctorController.class.php 第 92 行.
SQL: SHOW COLUMNS FROM `lr_doctor` [ RunTime:0.0029s ]
SQL: UPDATE `lr_doctor` SET `name`='LeeFon',`uid`='5',`password`='123456',`hospital`='银河医院',`position`='全能医生',`cztime`='周六',`price`='8',`cid`='2',`sort`='0',`updatetime`='1509178506',`digest`='该医生是一个全能的医生，就问你服不服',`zyjy`='毫无经验，吹咩，哈哈哈',`tel`='18845210365',`is_yu`='0',`is_online`='0',`service`='男科、女科',`renqi`='0' WHERE ( id=8 ) [ RunTime:0.0004s ]
INFO: [ view_parse ] --START--
INFO: [ template_filter ] --START--
INFO: Run Behavior\ContentReplaceBehavior [ RunTime:0.000051s ]
INFO: [ template_filter ] --END-- [ RunTime:0.000105s ]
INFO: Run Behavior\ParseTemplateBehavior [ RunTime:0.007364s ]
INFO: [ view_parse ] --END-- [ RunTime:0.007421s ]
INFO: [ view_filter ] --START--
INFO: Run Behavior\WriteHtmlCacheBehavior [ RunTime:0.000448s ]
INFO: [ view_filter ] --END-- [ RunTime:0.000485s ]

[ 2017-10-28T16:15:07+08:00 ] ::1 /minifengshimy/index.php/Ht/Doctor/add.html?id=8&page=0&name=&shop_id=0&tuijian=
NOTIC: [8] Use of undefined constant SHOW_PAGE_TRACE - assumed 'SHOW_PAGE_TRACE' F:\phpStudy\WWW\minifengshimy\App\Common\Conf\debug.php 第 4 行.
INFO: [ app_init ] --START--
INFO: Run Behavior\BuildLiteBehavior [ RunTime:0.000025s ]
INFO: [ app_init ] --END-- [ RunTime:0.000127s ]
INFO: [ app_begin ] --START--
INFO: Run Behavior\ReadHtmlCacheBehavior [ RunTime:0.000844s ]
INFO: [ app_begin ] --END-- [ RunTime:0.000918s ]
NOTIC: [8] Undefined index: type F:\phpStudy\WWW\minifengshimy\App\Ht\Controller\DoctorController.class.php 第 68 行.
NOTIC: [8] Undefined index: submit F:\phpStudy\WWW\minifengshimy\App\Ht\Controller\DoctorController.class.php 第 70 行.
SQL: SHOW COLUMNS FROM `lr_doctor_cat` [ RunTime:0.0035s ]
SQL: SELECT `id`,`name` FROM `lr_doctor_cat` WHERE ( del=0 )  [ RunTime:0.0004s ]
SQL: SHOW COLUMNS FROM `lr_doctor` [ RunTime:0.0046s ]
SQL: SELECT * FROM `lr_doctor` WHERE ( id=8 ) LIMIT 1   [ RunTime:0.0005s ]
SQL: SHOW COLUMNS FROM `lr_user` [ RunTime:0.0081s ]
SQL: SELECT `name` FROM `lr_user` WHERE ( id=5 ) LIMIT 1   [ RunTime:0.0004s ]
NOTIC: [8] Undefined variable: shop_id F:\phpStudy\WWW\minifengshimy\App\Ht\Controller\DoctorController.class.php 第 207 行.
INFO: [ view_parse ] --START--
INFO: [ template_filter ] --START--
INFO: Run Behavior\ContentReplaceBehavior [ RunTime:0.000295s ]
INFO: [ template_filter ] --END-- [ RunTime:0.000424s ]
NOTIC: [8] Undefined variable: img F:\phpStudy\WWW\minifengshimy\App\Runtime\Cache\Ht\2223f41ac69bcc4f65acac544a0ae8c2.php 第 14 行.
NOTIC: [8] Undefined variable: img F:\phpStudy\WWW\minifengshimy\App\Runtime\Cache\Ht\2223f41ac69bcc4f65acac544a0ae8c2.php 第 14 行.
NOTIC: [8] Undefined variable: img F:\phpStudy\WWW\minifengshimy\App\Runtime\Cache\Ht\2223f41ac69bcc4f65acac544a0ae8c2.php 第 14 行.
NOTIC: [2] Division by zero F:\phpStudy\WWW\minifengshimy\App\Runtime\Cache\Ht\2223f41ac69bcc4f65acac544a0ae8c2.php 第 14 行.
NOTIC: [8] Undefined variable: shangchang F:\phpStudy\WWW\minifengshimy\App\Runtime\Cache\Ht\2223f41ac69bcc4f65acac544a0ae8c2.php 第 99 行.
NOTIC: [8] Undefined index: shop_id F:\phpStudy\WWW\minifengshimy\App\Runtime\Cache\Ht\2223f41ac69bcc4f65acac544a0ae8c2.php 第 100 行.
INFO: Run Behavior\ParseTemplateBehavior [ RunTime:0.016486s ]
INFO: [ view_parse ] --END-- [ RunTime:0.016537s ]
INFO: [ view_filter ] --START--
INFO: Run Behavior\WriteHtmlCacheBehavior [ RunTime:0.000496s ]
INFO: [ view_filter ] --END-- [ RunTime:0.000535s ]
INFO: [ app_end ] --START--
INFO: Run Behavior\ShowPageTraceBehavior [ RunTime:0.001380s ]
INFO: [ app_end ] --END-- [ RunTime:0.001487s ]

[ 2017-10-28T16:15:12+08:00 ] ::1 /minifengshimy/index.php/Ht/Doctor/index.html
NOTIC: [8] Use of undefined constant SHOW_PAGE_TRACE - assumed 'SHOW_PAGE_TRACE' F:\phpStudy\WWW\minifengshimy\App\Common\Conf\debug.php 第 4 行.
INFO: [ app_init ] --START--
INFO: Run Behavior\BuildLiteBehavior [ RunTime:0.000013s ]
INFO: [ app_init ] --END-- [ RunTime:0.000053s ]
INFO: [ app_begin ] --START--
INFO: Run Behavior\ReadHtmlCacheBehavior [ RunTime:0.000717s ]
INFO: [ app_begin ] --END-- [ RunTime:0.001007s ]
NOTIC: [8] Undefined index: id F:\phpStudy\WWW\minifengshimy\App\Ht\Controller\DoctorController.class.php 第 14 行.
NOTIC: [8] Undefined index: shop_id F:\phpStudy\WWW\minifengshimy\App\Ht\Controller\DoctorController.class.php 第 15 行.
NOTIC: [8] Undefined index: type F:\phpStudy\WWW\minifengshimy\App\Ht\Controller\DoctorController.class.php 第 18 行.
NOTIC: [8] Undefined index: tuijian F:\phpStudy\WWW\minifengshimy\App\Ht\Controller\DoctorController.class.php 第 19 行.
NOTIC: [8] Undefined index: name F:\phpStudy\WWW\minifengshimy\App\Ht\Controller\DoctorController.class.php 第 20 行.
SQL: SHOW COLUMNS FROM `lr_doctor` [ RunTime:0.0029s ]
SQL: SELECT COUNT(*) AS tp_count FROM `lr_doctor` WHERE ( 1=1 AND del=0 ) LIMIT 1   [ RunTime:0.0003s ]
NOTIC: [8] Undefined index: page F:\phpStudy\WWW\minifengshimy\App\Ht\Controller\DoctorController.class.php 第 32 行.
SQL: SELECT * FROM `lr_doctor` WHERE ( 1=1 AND del=0 ) ORDER BY addtime desc LIMIT 0,20   [ RunTime:0.0005s ]
INFO: [ view_parse ] --START--
INFO: [ template_filter ] --START--
INFO: Run Behavior\ContentReplaceBehavior [ RunTime:0.000069s ]
INFO: [ template_filter ] --END-- [ RunTime:0.000118s ]
INFO: Run Behavior\ParseTemplateBehavior [ RunTime:0.009786s ]
INFO: [ view_parse ] --END-- [ RunTime:0.009848s ]
INFO: [ view_filter ] --START--
INFO: Run Behavior\WriteHtmlCacheBehavior [ RunTime:0.000655s ]
INFO: [ view_filter ] --END-- [ RunTime:0.000741s ]
INFO: [ app_end ] --START--
INFO: Run Behavior\ShowPageTraceBehavior [ RunTime:0.002054s ]
INFO: [ app_end ] --END-- [ RunTime:0.002143s ]

[ 2017-10-28T17:02:27+08:00 ] ::1 /minifengshimy/index.php/Ht/Doctor/index.html
NOTIC: [8] Use of undefined constant SHOW_PAGE_TRACE - assumed 'SHOW_PAGE_TRACE' F:\phpStudy\WWW\minifengshimy\App\Common\Conf\debug.php 第 4 行.
INFO: [ app_init ] --START--
INFO: Run Behavior\BuildLiteBehavior [ RunTime:0.000015s ]
INFO: [ app_init ] --END-- [ RunTime:0.000061s ]
INFO: [ app_begin ] --START--
INFO: Run Behavior\ReadHtmlCacheBehavior [ RunTime:0.001078s ]
INFO: [ app_begin ] --END-- [ RunTime:0.001155s ]
NOTIC: [8] Undefined index: id F:\phpStudy\WWW\minifengshimy\App\Ht\Controller\DoctorController.class.php 第 14 行.
NOTIC: [8] Undefined index: shop_id F:\phpStudy\WWW\minifengshimy\App\Ht\Controller\DoctorController.class.php 第 15 行.
NOTIC: [8] Undefined index: type F:\phpStudy\WWW\minifengshimy\App\Ht\Controller\DoctorController.class.php 第 18 行.
NOTIC: [8] Undefined index: tuijian F:\phpStudy\WWW\minifengshimy\App\Ht\Controller\DoctorController.class.php 第 19 行.
NOTIC: [8] Undefined index: name F:\phpStudy\WWW\minifengshimy\App\Ht\Controller\DoctorController.class.php 第 20 行.
SQL: SHOW COLUMNS FROM `lr_doctor` [ RunTime:0.0029s ]
SQL: SELECT COUNT(*) AS tp_count FROM `lr_doctor` WHERE ( 1=1 AND del=0 ) LIMIT 1   [ RunTime:0.0003s ]
NOTIC: [8] Undefined index: page F:\phpStudy\WWW\minifengshimy\App\Ht\Controller\DoctorController.class.php 第 32 行.
SQL: SELECT * FROM `lr_doctor` WHERE ( 1=1 AND del=0 ) ORDER BY addtime desc LIMIT 0,20   [ RunTime:0.0005s ]
INFO: [ view_parse ] --START--
INFO: [ template_filter ] --START--
INFO: Run Behavior\ContentReplaceBehavior [ RunTime:0.000077s ]
INFO: [ template_filter ] --END-- [ RunTime:0.000130s ]
INFO: Run Behavior\ParseTemplateBehavior [ RunTime:0.010302s ]
INFO: [ view_parse ] --END-- [ RunTime:0.010357s ]
INFO: [ view_filter ] --START--
INFO: Run Behavior\WriteHtmlCacheBehavior [ RunTime:0.000568s ]
INFO: [ view_filter ] --END-- [ RunTime:0.000605s ]
INFO: [ app_end ] --START--
INFO: Run Behavior\ShowPageTraceBehavior [ RunTime:0.001090s ]
INFO: [ app_end ] --END-- [ RunTime:0.001173s ]

[ 2017-10-28T17:02:28+08:00 ] ::1 /minifengshimy/index.php/Ht/Doctor/add.html?id=8&page=0&name=&shop_id=0&tuijian=
NOTIC: [8] Use of undefined constant SHOW_PAGE_TRACE - assumed 'SHOW_PAGE_TRACE' F:\phpStudy\WWW\minifengshimy\App\Common\Conf\debug.php 第 4 行.
INFO: [ app_init ] --START--
INFO: Run Behavior\BuildLiteBehavior [ RunTime:0.000015s ]
INFO: [ app_init ] --END-- [ RunTime:0.000058s ]
INFO: [ app_begin ] --START--
INFO: Run Behavior\ReadHtmlCacheBehavior [ RunTime:0.000655s ]
INFO: [ app_begin ] --END-- [ RunTime:0.000718s ]
NOTIC: [8] Undefined index: type F:\phpStudy\WWW\minifengshimy\App\Ht\Controller\DoctorController.class.php 第 68 行.
NOTIC: [8] Undefined index: submit F:\phpStudy\WWW\minifengshimy\App\Ht\Controller\DoctorController.class.php 第 70 行.
SQL: SHOW COLUMNS FROM `lr_doctor_cat` [ RunTime:0.0038s ]
SQL: SELECT `id`,`name` FROM `lr_doctor_cat` WHERE ( del=0 )  [ RunTime:0.0004s ]
SQL: SHOW COLUMNS FROM `lr_doctor` [ RunTime:0.0038s ]
SQL: SELECT * FROM `lr_doctor` WHERE ( id=8 ) LIMIT 1   [ RunTime:0.0005s ]
SQL: SHOW COLUMNS FROM `lr_user` [ RunTime:0.0035s ]
SQL: SELECT `name` FROM `lr_user` WHERE ( id=5 ) LIMIT 1   [ RunTime:0.0003s ]
NOTIC: [8] Undefined variable: shop_id F:\phpStudy\WWW\minifengshimy\App\Ht\Controller\DoctorController.class.php 第 207 行.
INFO: [ view_parse ] --START--
INFO: [ template_filter ] --START--
INFO: Run Behavior\ContentReplaceBehavior [ RunTime:0.000135s ]
INFO: [ template_filter ] --END-- [ RunTime:0.000198s ]
NOTIC: [8] Undefined variable: img F:\phpStudy\WWW\minifengshimy\App\Runtime\Cache\Ht\2223f41ac69bcc4f65acac544a0ae8c2.php 第 14 行.
NOTIC: [8] Undefined variable: img F:\phpStudy\WWW\minifengshimy\App\Runtime\Cache\Ht\2223f41ac69bcc4f65acac544a0ae8c2.php 第 14 行.
NOTIC: [8] Undefined variable: img F:\phpStudy\WWW\minifengshimy\App\Runtime\Cache\Ht\2223f41ac69bcc4f65acac544a0ae8c2.php 第 14 行.
NOTIC: [2] Division by zero F:\phpStudy\WWW\minifengshimy\App\Runtime\Cache\Ht\2223f41ac69bcc4f65acac544a0ae8c2.php 第 14 行.
NOTIC: [8] Undefined variable: shangchang F:\phpStudy\WWW\minifengshimy\App\Runtime\Cache\Ht\2223f41ac69bcc4f65acac544a0ae8c2.php 第 99 行.
NOTIC: [8] Undefined index: shop_id F:\phpStudy\WWW\minifengshimy\App\Runtime\Cache\Ht\2223f41ac69bcc4f65acac544a0ae8c2.php 第 100 行.
INFO: Run Behavior\ParseTemplateBehavior [ RunTime:0.012097s ]
INFO: [ view_parse ] --END-- [ RunTime:0.012147s ]
INFO: [ view_filter ] --START--
INFO: Run Behavior\WriteHtmlCacheBehavior [ RunTime:0.000631s ]
INFO: [ view_filter ] --END-- [ RunTime:0.000682s ]
INFO: [ app_end ] --START--
INFO: Run Behavior\ShowPageTraceBehavior [ RunTime:0.001217s ]
INFO: [ app_end ] --END-- [ RunTime:0.001411s ]

[ 2017-10-28T17:37:47+08:00 ] ::1 /minifengshimy/index.php/Ht/Doctor/index.html
NOTIC: [8] Use of undefined constant SHOW_PAGE_TRACE - assumed 'SHOW_PAGE_TRACE' F:\phpStudy\WWW\minifengshimy\App\Common\Conf\debug.php 第 4 行.
INFO: [ app_init ] --START--
INFO: Run Behavior\BuildLiteBehavior [ RunTime:0.000014s ]
INFO: [ app_init ] --END-- [ RunTime:0.000054s ]
INFO: [ app_begin ] --START--
INFO: Run Behavior\ReadHtmlCacheBehavior [ RunTime:0.000953s ]
INFO: [ app_begin ] --END-- [ RunTime:0.001013s ]
NOTIC: [8] Undefined index: id F:\phpStudy\WWW\minifengshimy\App\Ht\Controller\DoctorController.class.php 第 14 行.
NOTIC: [8] Undefined index: shop_id F:\phpStudy\WWW\minifengshimy\App\Ht\Controller\DoctorController.class.php 第 15 行.
NOTIC: [8] Undefined index: type F:\phpStudy\WWW\minifengshimy\App\Ht\Controller\DoctorController.class.php 第 18 行.
NOTIC: [8] Undefined index: tuijian F:\phpStudy\WWW\minifengshimy\App\Ht\Controller\DoctorController.class.php 第 19 行.
NOTIC: [8] Undefined index: name F:\phpStudy\WWW\minifengshimy\App\Ht\Controller\DoctorController.class.php 第 20 行.
SQL: SHOW COLUMNS FROM `lr_doctor` [ RunTime:0.0030s ]
SQL: SELECT COUNT(*) AS tp_count FROM `lr_doctor` WHERE ( 1=1 AND del=0 ) LIMIT 1   [ RunTime:0.0003s ]
NOTIC: [8] Undefined index: page F:\phpStudy\WWW\minifengshimy\App\Ht\Controller\DoctorController.class.php 第 32 行.
SQL: SELECT * FROM `lr_doctor` WHERE ( 1=1 AND del=0 ) ORDER BY addtime desc LIMIT 0,20   [ RunTime:0.0005s ]
INFO: [ view_parse ] --START--
INFO: [ template_filter ] --START--
INFO: Run Behavior\ContentReplaceBehavior [ RunTime:0.000071s ]
INFO: [ template_filter ] --END-- [ RunTime:0.000120s ]
INFO: Run Behavior\ParseTemplateBehavior [ RunTime:0.010244s ]
INFO: [ view_parse ] --END-- [ RunTime:0.010299s ]
INFO: [ view_filter ] --START--
INFO: Run Behavior\WriteHtmlCacheBehavior [ RunTime:0.000665s ]
INFO: [ view_filter ] --END-- [ RunTime:0.000709s ]
INFO: [ app_end ] --START--
INFO: Run Behavior\ShowPageTraceBehavior [ RunTime:0.001327s ]
INFO: [ app_end ] --END-- [ RunTime:0.001402s ]

[ 2017-10-28T17:37:49+08:00 ] ::1 /minifengshimy/index.php/Ht/Doctor/add.html?id=8&page=0&name=&shop_id=0&tuijian=
NOTIC: [8] Use of undefined constant SHOW_PAGE_TRACE - assumed 'SHOW_PAGE_TRACE' F:\phpStudy\WWW\minifengshimy\App\Common\Conf\debug.php 第 4 行.
INFO: [ app_init ] --START--
INFO: Run Behavior\BuildLiteBehavior [ RunTime:0.000014s ]
INFO: [ app_init ] --END-- [ RunTime:0.000055s ]
INFO: [ app_begin ] --START--
INFO: Run Behavior\ReadHtmlCacheBehavior [ RunTime:0.000766s ]
INFO: [ app_begin ] --END-- [ RunTime:0.000832s ]
NOTIC: [8] Undefined index: type F:\phpStudy\WWW\minifengshimy\App\Ht\Controller\DoctorController.class.php 第 68 行.
NOTIC: [8] Undefined index: submit F:\phpStudy\WWW\minifengshimy\App\Ht\Controller\DoctorController.class.php 第 70 行.
SQL: SHOW COLUMNS FROM `lr_doctor_cat` [ RunTime:0.0029s ]
SQL: SELECT `id`,`name` FROM `lr_doctor_cat` WHERE ( del=0 )  [ RunTime:0.0004s ]
SQL: SHOW COLUMNS FROM `lr_doctor` [ RunTime:0.0033s ]
SQL: SELECT * FROM `lr_doctor` WHERE ( id=8 ) LIMIT 1   [ RunTime:0.0004s ]
SQL: SHOW COLUMNS FROM `lr_user` [ RunTime:0.0033s ]
SQL: SELECT `name` FROM `lr_user` WHERE ( id=5 ) LIMIT 1   [ RunTime:0.0003s ]
NOTIC: [8] Undefined variable: shop_id F:\phpStudy\WWW\minifengshimy\App\Ht\Controller\DoctorController.class.php 第 207 行.
INFO: [ view_parse ] --START--
INFO: [ template_filter ] --START--
INFO: Run Behavior\ContentReplaceBehavior [ RunTime:0.000125s ]
INFO: [ template_filter ] --END-- [ RunTime:0.000179s ]
NOTIC: [8] Undefined variable: img F:\phpStudy\WWW\minifengshimy\App\Runtime\Cache\Ht\2223f41ac69bcc4f65acac544a0ae8c2.php 第 14 行.
NOTIC: [8] Undefined variable: img F:\phpStudy\WWW\minifengshimy\App\Runtime\Cache\Ht\2223f41ac69bcc4f65acac544a0ae8c2.php 第 14 行.
NOTIC: [8] Undefined variable: img F:\phpStudy\WWW\minifengshimy\App\Runtime\Cache\Ht\2223f41ac69bcc4f65acac544a0ae8c2.php 第 14 行.
NOTIC: [2] Division by zero F:\phpStudy\WWW\minifengshimy\App\Runtime\Cache\Ht\2223f41ac69bcc4f65acac544a0ae8c2.php 第 14 行.
NOTIC: [8] Undefined variable: shangchang F:\phpStudy\WWW\minifengshimy\App\Runtime\Cache\Ht\2223f41ac69bcc4f65acac544a0ae8c2.php 第 99 行.
NOTIC: [8] Undefined index: shop_id F:\phpStudy\WWW\minifengshimy\App\Runtime\Cache\Ht\2223f41ac69bcc4f65acac544a0ae8c2.php 第 100 行.
INFO: Run Behavior\ParseTemplateBehavior [ RunTime:0.011234s ]
INFO: [ view_parse ] --END-- [ RunTime:0.011294s ]
INFO: [ view_filter ] --START--
INFO: Run Behavior\WriteHtmlCacheBehavior [ RunTime:0.000620s ]
INFO: [ view_filter ] --END-- [ RunTime:0.000662s ]
INFO: [ app_end ] --START--
INFO: Run Behavior\ShowPageTraceBehavior [ RunTime:0.001122s ]
INFO: [ app_end ] --END-- [ RunTime:0.001185s ]

[ 2017-10-28T17:37:51+08:00 ] ::1 /minifengshimy/index.php/Ht/Doctor/user.html?type=xz
NOTIC: [8] Use of undefined constant SHOW_PAGE_TRACE - assumed 'SHOW_PAGE_TRACE' F:\phpStudy\WWW\minifengshimy\App\Common\Conf\debug.php 第 4 行.
INFO: [ app_init ] --START--
INFO: Run Behavior\BuildLiteBehavior [ RunTime:0.000014s ]
INFO: [ app_init ] --END-- [ RunTime:0.000057s ]
INFO: [ app_begin ] --START--
INFO: Run Behavior\ReadHtmlCacheBehavior [ RunTime:0.000700s ]
INFO: [ app_begin ] --END-- [ RunTime:0.000770s ]
NOTIC: [8] Undefined index: id F:\phpStudy\WWW\minifengshimy\App\Ht\Controller\DoctorController.class.php 第 332 行.
NOTIC: [8] Undefined index: tel F:\phpStudy\WWW\minifengshimy\App\Ht\Controller\DoctorController.class.php 第 333 行.
NOTIC: [8] Undefined index: name F:\phpStudy\WWW\minifengshimy\App\Ht\Controller\DoctorController.class.php 第 334 行.
NOTIC: [8] Undefined index: name F:\phpStudy\WWW\minifengshimy\App\Ht\Controller\DoctorController.class.php 第 336 行.
SQL: SHOW COLUMNS FROM `lr_user` [ RunTime:0.0040s ]
SQL: SELECT COUNT(*) AS tp_count FROM `lr_user` WHERE ( 1=1 ) LIMIT 1   [ RunTime:0.0003s ]
NOTIC: [8] Undefined index: page F:\phpStudy\WWW\minifengshimy\App\Ht\Controller\DoctorController.class.php 第 346 行.
SQL: SELECT * FROM `lr_user` WHERE ( 1=1 ) ORDER BY id desc LIMIT 0,20000   [ RunTime:0.0004s ]
INFO: [ view_parse ] --START--
INFO: [ template_filter ] --START--
INFO: Run Behavior\ContentReplaceBehavior [ RunTime:0.000072s ]
INFO: [ template_filter ] --END-- [ RunTime:0.000134s ]
INFO: Run Behavior\ParseTemplateBehavior [ RunTime:0.013591s ]
INFO: [ view_parse ] --END-- [ RunTime:0.013651s ]
INFO: [ view_filter ] --START--
INFO: Run Behavior\WriteHtmlCacheBehavior [ RunTime:0.000520s ]
INFO: [ view_filter ] --END-- [ RunTime:0.000572s ]
INFO: [ app_end ] --START--
INFO: Run Behavior\ShowPageTraceBehavior [ RunTime:0.000800s ]
INFO: [ app_end ] --END-- [ RunTime:0.000850s ]

[ 2017-10-28T17:37:57+08:00 ] ::1 /minifengshimy/index.php/Ht/Doctor/add.html?id=8&page=0&type=&name=&shop_id=
NOTIC: [8] Use of undefined constant SHOW_PAGE_TRACE - assumed 'SHOW_PAGE_TRACE' F:\phpStudy\WWW\minifengshimy\App\Common\Conf\debug.php 第 4 行.
INFO: [ app_init ] --START--
INFO: Run Behavior\BuildLiteBehavior [ RunTime:0.000016s ]
INFO: [ app_init ] --END-- [ RunTime:0.000071s ]
INFO: [ app_begin ] --START--
INFO: Run Behavior\ReadHtmlCacheBehavior [ RunTime:0.000669s ]
INFO: [ app_begin ] --END-- [ RunTime:0.000737s ]
NOTIC: [8] Undefined index: shop_id F:\phpStudy\WWW\minifengshimy\App\Ht\Controller\DoctorController.class.php 第 82 行.
NOTIC: [8] Undefined index: sort F:\phpStudy\WWW\minifengshimy\App\Ht\Controller\DoctorController.class.php 第 84 行.
NOTIC: [8] Undefined index: is_yu F:\phpStudy\WWW\minifengshimy\App\Ht\Controller\DoctorController.class.php 第 89 行.
NOTIC: [8] Undefined index: is_online F:\phpStudy\WWW\minifengshimy\App\Ht\Controller\DoctorController.class.php 第 90 行.
NOTIC: [8] Undefined index: renqi F:\phpStudy\WWW\minifengshimy\App\Ht\Controller\DoctorController.class.php 第 92 行.
SQL: SHOW COLUMNS FROM `lr_doctor` [ RunTime:0.0043s ]
SQL: UPDATE `lr_doctor` SET `name`='LeeFon',`uid`='1',`password`='123456',`hospital`='银河医院',`position`='全能医生',`cztime`='周六',`price`='8',`cid`='2',`sort`='0',`updatetime`='1509183477',`digest`='该医生是一个全能的医生，就问你服不服',`zyjy`='毫无经验，吹咩，哈哈哈',`tel`='18845210365',`is_yu`='0',`is_online`='0',`service`='男科、女科',`renqi`='0' WHERE ( id=8 ) [ RunTime:0.0006s ]
INFO: [ view_parse ] --START--
INFO: [ template_filter ] --START--
INFO: Run Behavior\ContentReplaceBehavior [ RunTime:0.000051s ]
INFO: [ template_filter ] --END-- [ RunTime:0.000103s ]
INFO: Run Behavior\ParseTemplateBehavior [ RunTime:0.007350s ]
INFO: [ view_parse ] --END-- [ RunTime:0.007412s ]
INFO: [ view_filter ] --START--
INFO: Run Behavior\WriteHtmlCacheBehavior [ RunTime:0.000463s ]
INFO: [ view_filter ] --END-- [ RunTime:0.000503s ]

[ 2017-10-28T17:37:58+08:00 ] ::1 /minifengshimy/index.php/Ht/Doctor/add.html?id=8&page=0&name=&shop_id=0&tuijian=
NOTIC: [8] Use of undefined constant SHOW_PAGE_TRACE - assumed 'SHOW_PAGE_TRACE' F:\phpStudy\WWW\minifengshimy\App\Common\Conf\debug.php 第 4 行.
INFO: [ app_init ] --START--
INFO: Run Behavior\BuildLiteBehavior [ RunTime:0.000016s ]
INFO: [ app_init ] --END-- [ RunTime:0.000063s ]
INFO: [ app_begin ] --START--
INFO: Run Behavior\ReadHtmlCacheBehavior [ RunTime:0.000783s ]
INFO: [ app_begin ] --END-- [ RunTime:0.000856s ]
NOTIC: [8] Undefined index: type F:\phpStudy\WWW\minifengshimy\App\Ht\Controller\DoctorController.class.php 第 68 行.
NOTIC: [8] Undefined index: submit F:\phpStudy\WWW\minifengshimy\App\Ht\Controller\DoctorController.class.php 第 70 行.
SQL: SHOW COLUMNS FROM `lr_doctor_cat` [ RunTime:0.0036s ]
SQL: SELECT `id`,`name` FROM `lr_doctor_cat` WHERE ( del=0 )  [ RunTime:0.0020s ]
SQL: SHOW COLUMNS FROM `lr_doctor` [ RunTime:0.0033s ]
SQL: SELECT * FROM `lr_doctor` WHERE ( id=8 ) LIMIT 1   [ RunTime:0.0005s ]
SQL: SHOW COLUMNS FROM `lr_user` [ RunTime:0.0031s ]
SQL: SELECT `name` FROM `lr_user` WHERE ( id=1 ) LIMIT 1   [ RunTime:0.0004s ]
NOTIC: [8] Undefined variable: shop_id F:\phpStudy\WWW\minifengshimy\App\Ht\Controller\DoctorController.class.php 第 207 行.
INFO: [ view_parse ] --START--
INFO: [ template_filter ] --START--
INFO: Run Behavior\ContentReplaceBehavior [ RunTime:0.000126s ]
INFO: [ template_filter ] --END-- [ RunTime:0.000184s ]
NOTIC: [8] Undefined variable: img F:\phpStudy\WWW\minifengshimy\App\Runtime\Cache\Ht\2223f41ac69bcc4f65acac544a0ae8c2.php 第 14 行.
NOTIC: [8] Undefined variable: img F:\phpStudy\WWW\minifengshimy\App\Runtime\Cache\Ht\2223f41ac69bcc4f65acac544a0ae8c2.php 第 14 行.
NOTIC: [8] Undefined variable: img F:\phpStudy\WWW\minifengshimy\App\Runtime\Cache\Ht\2223f41ac69bcc4f65acac544a0ae8c2.php 第 14 行.
NOTIC: [2] Division by zero F:\phpStudy\WWW\minifengshimy\App\Runtime\Cache\Ht\2223f41ac69bcc4f65acac544a0ae8c2.php 第 14 行.
NOTIC: [8] Undefined variable: shangchang F:\phpStudy\WWW\minifengshimy\App\Runtime\Cache\Ht\2223f41ac69bcc4f65acac544a0ae8c2.php 第 99 行.
NOTIC: [8] Undefined index: shop_id F:\phpStudy\WWW\minifengshimy\App\Runtime\Cache\Ht\2223f41ac69bcc4f65acac544a0ae8c2.php 第 100 行.
INFO: Run Behavior\ParseTemplateBehavior [ RunTime:0.012444s ]
INFO: [ view_parse ] --END-- [ RunTime:0.012507s ]
INFO: [ view_filter ] --START--
INFO: Run Behavior\WriteHtmlCacheBehavior [ RunTime:0.000616s ]
INFO: [ view_filter ] --END-- [ RunTime:0.000662s ]
INFO: [ app_end ] --START--
INFO: Run Behavior\ShowPageTraceBehavior [ RunTime:0.001108s ]
INFO: [ app_end ] --END-- [ RunTime:0.001268s ]

