[ 2017-10-19T11:18:55+08:00 ] ::1 /minifengshimy/Data/UploadFiles/medicine/20171019/1508381150977903.jpgUploadFiles/medicine/20171019/1508381150848010.pngUploadFiles/medicine/20171019/1508381151754966.jpg
NOTIC: [8] Use of undefined constant SHOW_PAGE_TRACE - assumed 'SHOW_PAGE_TRACE' F:\phpStudy\WWW\minifengshimy\App\Common\Conf\debug.php 第 4 行.
INFO: [ app_init ] --START--
INFO: Run Behavior\BuildLiteBehavior [ RunTime:0.000017s ]
INFO: [ app_init ] --END-- [ RunTime:0.000074s ]
ERR: 无法加载模块:Data

[ 2017-10-19T11:18:56+08:00 ] ::1 /minifengshimy/Data/UploadFiles/medicine/20171019/1508381150977903.jpgUploadFiles/medicine/20171019/1508381150848010.pngUploadFiles/medicine/20171019/1508381151754966.jpg
NOTIC: [8] Use of undefined constant SHOW_PAGE_TRACE - assumed 'SHOW_PAGE_TRACE' F:\phpStudy\WWW\minifengshimy\App\Common\Conf\debug.php 第 4 行.
INFO: [ app_init ] --START--
INFO: Run Behavior\BuildLiteBehavior [ RunTime:0.000016s ]
INFO: [ app_init ] --END-- [ RunTime:0.000062s ]
ERR: 无法加载模块:Data

[ 2017-10-19T11:28:02+08:00 ] ::1 /minifengshimy/Data/UploadFiles/medicine/20171019/1508383673540596.pngUploadFiles/medicine/20171019/1508383674483576.jpgUploadFiles/medicine/20171019/1508383674439517.png
NOTIC: [8] Use of undefined constant SHOW_PAGE_TRACE - assumed 'SHOW_PAGE_TRACE' F:\phpStudy\WWW\minifengshimy\App\Common\Conf\debug.php 第 4 行.
INFO: [ app_init ] --START--
INFO: Run Behavior\BuildLiteBehavior [ RunTime:0.000016s ]
INFO: [ app_init ] --END-- [ RunTime:0.000063s ]
ERR: 无法加载模块:Data

[ 2017-10-19T11:28:02+08:00 ] ::1 /minifengshimy/Data/UploadFiles/medicine/20171019/1508383673540596.pngUploadFiles/medicine/20171019/1508383674483576.jpgUploadFiles/medicine/20171019/1508383674439517.png
NOTIC: [8] Use of undefined constant SHOW_PAGE_TRACE - assumed 'SHOW_PAGE_TRACE' F:\phpStudy\WWW\minifengshimy\App\Common\Conf\debug.php 第 4 行.
INFO: [ app_init ] --START--
INFO: Run Behavior\BuildLiteBehavior [ RunTime:0.000016s ]
INFO: [ app_init ] --END-- [ RunTime:0.000072s ]
ERR: 无法加载模块:Data

[ 2017-10-19T11:37:59+08:00 ] ::1 /minifengshimy/Data/UploadFiles/medicine/20171019/1508384274930991.jpgUploadFiles/medicine/20171019/1508384274353465.png
NOTIC: [8] Use of undefined constant SHOW_PAGE_TRACE - assumed 'SHOW_PAGE_TRACE' F:\phpStudy\WWW\minifengshimy\App\Common\Conf\debug.php 第 4 行.
INFO: [ app_init ] --START--
INFO: Run Behavior\BuildLiteBehavior [ RunTime:0.000019s ]
INFO: [ app_init ] --END-- [ RunTime:0.000072s ]
ERR: 无法加载模块:Data

[ 2017-10-19T11:37:59+08:00 ] ::1 /minifengshimy/Data/UploadFiles/medicine/20171019/1508384274930991.jpgUploadFiles/medicine/20171019/1508384274353465.png
NOTIC: [8] Use of undefined constant SHOW_PAGE_TRACE - assumed 'SHOW_PAGE_TRACE' F:\phpStudy\WWW\minifengshimy\App\Common\Conf\debug.php 第 4 行.
INFO: [ app_init ] --START--
INFO: Run Behavior\BuildLiteBehavior [ RunTime:0.000014s ]
INFO: [ app_init ] --END-- [ RunTime:0.000061s ]
ERR: 无法加载模块:Data

[ 2017-10-19T11:39:34+08:00 ] ::1 /minifengshimy/Data/UploadFiles/medicine/20171019/1508384274930991.jpgUploadFiles/medicine/20171019/1508384274353465.png
NOTIC: [8] Use of undefined constant SHOW_PAGE_TRACE - assumed 'SHOW_PAGE_TRACE' F:\phpStudy\WWW\minifengshimy\App\Common\Conf\debug.php 第 4 行.
INFO: [ app_init ] --START--
INFO: Run Behavior\BuildLiteBehavior [ RunTime:0.000017s ]
INFO: [ app_init ] --END-- [ RunTime:0.000161s ]
ERR: 无法加载模块:Data

[ 2017-10-19T11:39:34+08:00 ] ::1 /minifengshimy/Data/UploadFiles/medicine/20171019/1508384274930991.jpgUploadFiles/medicine/20171019/1508384274353465.png
NOTIC: [8] Use of undefined constant SHOW_PAGE_TRACE - assumed 'SHOW_PAGE_TRACE' F:\phpStudy\WWW\minifengshimy\App\Common\Conf\debug.php 第 4 行.
INFO: [ app_init ] --START--
INFO: Run Behavior\BuildLiteBehavior [ RunTime:0.000040s ]
INFO: [ app_init ] --END-- [ RunTime:0.000129s ]
ERR: 无法加载模块:Data

