[ 2017-10-27T15:03:15+08:00 ] ::1 /minifengshimy/index.php/Api/Login/getsessionkey
NOTIC: [8] Use of undefined constant SHOW_PAGE_TRACE - assumed 'SHOW_PAGE_TRACE' F:\phpStudy\WWW\minifengshimy\App\Common\Conf\debug.php 第 4 行.
INFO: [ app_init ] --START--
INFO: Run Behavior\BuildLiteBehavior [ RunTime:0.000016s ]
INFO: [ app_init ] --END-- [ RunTime:0.000062s ]
NOTIC: [8] Undefined variable: sckey F:\phpStudy\WWW\minifengshimy\App\Api\Conf\config.php 第 33 行.
NOTIC: [8] Undefined variable: sckey F:\phpStudy\WWW\minifengshimy\App\Api\Conf\config.php 第 33 行.
NOTIC: [8] Undefined variable: sckey F:\phpStudy\WWW\minifengshimy\App\Api\Conf\config.php 第 33 行.
NOTIC: [8] Use of undefined constant LOAD_EXT_CONFIG - assumed 'LOAD_EXT_CONFIG' F:\phpStudy\WWW\minifengshimy\App\Api\Conf\config.php 第 40 行.

[ 2017-10-27T15:03:15+08:00 ] ::1 /minifengshimy/index.php/Api/Login/authlogin
NOTIC: [8] Use of undefined constant SHOW_PAGE_TRACE - assumed 'SHOW_PAGE_TRACE' F:\phpStudy\WWW\minifengshimy\App\Common\Conf\debug.php 第 4 行.
INFO: [ app_init ] --START--
INFO: Run Behavior\BuildLiteBehavior [ RunTime:0.000016s ]
INFO: [ app_init ] --END-- [ RunTime:0.000062s ]
NOTIC: [8] Undefined variable: sckey F:\phpStudy\WWW\minifengshimy\App\Api\Conf\config.php 第 33 行.
NOTIC: [8] Undefined variable: sckey F:\phpStudy\WWW\minifengshimy\App\Api\Conf\config.php 第 33 行.
NOTIC: [8] Undefined variable: sckey F:\phpStudy\WWW\minifengshimy\App\Api\Conf\config.php 第 33 行.
NOTIC: [8] Use of undefined constant LOAD_EXT_CONFIG - assumed 'LOAD_EXT_CONFIG' F:\phpStudy\WWW\minifengshimy\App\Api\Conf\config.php 第 40 行.

[ 2017-10-27T15:03:21+08:00 ] ::1 /minifengshimy/index.php/Api/Index/index
NOTIC: [8] Use of undefined constant SHOW_PAGE_TRACE - assumed 'SHOW_PAGE_TRACE' F:\phpStudy\WWW\minifengshimy\App\Common\Conf\debug.php 第 4 行.
INFO: [ app_init ] --START--
INFO: Run Behavior\BuildLiteBehavior [ RunTime:0.000016s ]
INFO: [ app_init ] --END-- [ RunTime:0.000065s ]
NOTIC: [8] Undefined variable: sckey F:\phpStudy\WWW\minifengshimy\App\Api\Conf\config.php 第 33 行.
NOTIC: [8] Undefined variable: sckey F:\phpStudy\WWW\minifengshimy\App\Api\Conf\config.php 第 33 行.
NOTIC: [8] Undefined variable: sckey F:\phpStudy\WWW\minifengshimy\App\Api\Conf\config.php 第 33 行.
NOTIC: [8] Use of undefined constant LOAD_EXT_CONFIG - assumed 'LOAD_EXT_CONFIG' F:\phpStudy\WWW\minifengshimy\App\Api\Conf\config.php 第 40 行.

[ 2017-10-27T15:03:46+08:00 ] ::1 /minifengshimy/index.php/Api/Report/index
NOTIC: [8] Use of undefined constant SHOW_PAGE_TRACE - assumed 'SHOW_PAGE_TRACE' F:\phpStudy\WWW\minifengshimy\App\Common\Conf\debug.php 第 4 行.
INFO: [ app_init ] --START--
INFO: Run Behavior\BuildLiteBehavior [ RunTime:0.000016s ]
INFO: [ app_init ] --END-- [ RunTime:0.000100s ]
NOTIC: [8] Undefined variable: sckey F:\phpStudy\WWW\minifengshimy\App\Api\Conf\config.php 第 33 行.
NOTIC: [8] Undefined variable: sckey F:\phpStudy\WWW\minifengshimy\App\Api\Conf\config.php 第 33 行.
NOTIC: [8] Undefined variable: sckey F:\phpStudy\WWW\minifengshimy\App\Api\Conf\config.php 第 33 行.
NOTIC: [8] Use of undefined constant LOAD_EXT_CONFIG - assumed 'LOAD_EXT_CONFIG' F:\phpStudy\WWW\minifengshimy\App\Api\Conf\config.php 第 40 行.

[ 2017-10-27T15:03:49+08:00 ] ::1 /minifengshimy/index.php/Api/Report/detail
NOTIC: [8] Use of undefined constant SHOW_PAGE_TRACE - assumed 'SHOW_PAGE_TRACE' F:\phpStudy\WWW\minifengshimy\App\Common\Conf\debug.php 第 4 行.
INFO: [ app_init ] --START--
INFO: Run Behavior\BuildLiteBehavior [ RunTime:0.000015s ]
INFO: [ app_init ] --END-- [ RunTime:0.000056s ]
NOTIC: [8] Undefined variable: sckey F:\phpStudy\WWW\minifengshimy\App\Api\Conf\config.php 第 33 行.
NOTIC: [8] Undefined variable: sckey F:\phpStudy\WWW\minifengshimy\App\Api\Conf\config.php 第 33 行.
NOTIC: [8] Undefined variable: sckey F:\phpStudy\WWW\minifengshimy\App\Api\Conf\config.php 第 33 行.
NOTIC: [8] Use of undefined constant LOAD_EXT_CONFIG - assumed 'LOAD_EXT_CONFIG' F:\phpStudy\WWW\minifengshimy\App\Api\Conf\config.php 第 40 行.

[ 2017-10-27T15:03:52+08:00 ] ::1 /minifengshimy/index.php/Api/Report/index
NOTIC: [8] Use of undefined constant SHOW_PAGE_TRACE - assumed 'SHOW_PAGE_TRACE' F:\phpStudy\WWW\minifengshimy\App\Common\Conf\debug.php 第 4 行.
INFO: [ app_init ] --START--
INFO: Run Behavior\BuildLiteBehavior [ RunTime:0.000016s ]
INFO: [ app_init ] --END-- [ RunTime:0.000058s ]
NOTIC: [8] Undefined variable: sckey F:\phpStudy\WWW\minifengshimy\App\Api\Conf\config.php 第 33 行.
NOTIC: [8] Undefined variable: sckey F:\phpStudy\WWW\minifengshimy\App\Api\Conf\config.php 第 33 行.
NOTIC: [8] Undefined variable: sckey F:\phpStudy\WWW\minifengshimy\App\Api\Conf\config.php 第 33 行.
NOTIC: [8] Use of undefined constant LOAD_EXT_CONFIG - assumed 'LOAD_EXT_CONFIG' F:\phpStudy\WWW\minifengshimy\App\Api\Conf\config.php 第 40 行.

[ 2017-10-27T15:31:39+08:00 ] ::1 /minifengshimy/index.php/Api/Login/getsessionkey
NOTIC: [8] Use of undefined constant SHOW_PAGE_TRACE - assumed 'SHOW_PAGE_TRACE' F:\phpStudy\WWW\minifengshimy\App\Common\Conf\debug.php 第 4 行.
INFO: [ app_init ] --START--
INFO: Run Behavior\BuildLiteBehavior [ RunTime:0.000015s ]
INFO: [ app_init ] --END-- [ RunTime:0.000066s ]
NOTIC: [8] Undefined variable: sckey F:\phpStudy\WWW\minifengshimy\App\Api\Conf\config.php 第 33 行.
NOTIC: [8] Undefined variable: sckey F:\phpStudy\WWW\minifengshimy\App\Api\Conf\config.php 第 33 行.
NOTIC: [8] Undefined variable: sckey F:\phpStudy\WWW\minifengshimy\App\Api\Conf\config.php 第 33 行.
NOTIC: [8] Use of undefined constant LOAD_EXT_CONFIG - assumed 'LOAD_EXT_CONFIG' F:\phpStudy\WWW\minifengshimy\App\Api\Conf\config.php 第 40 行.

[ 2017-10-27T15:31:39+08:00 ] ::1 /minifengshimy/index.php/Api/Login/authlogin
NOTIC: [8] Use of undefined constant SHOW_PAGE_TRACE - assumed 'SHOW_PAGE_TRACE' F:\phpStudy\WWW\minifengshimy\App\Common\Conf\debug.php 第 4 行.
INFO: [ app_init ] --START--
INFO: Run Behavior\BuildLiteBehavior [ RunTime:0.000013s ]
INFO: [ app_init ] --END-- [ RunTime:0.000054s ]
NOTIC: [8] Undefined variable: sckey F:\phpStudy\WWW\minifengshimy\App\Api\Conf\config.php 第 33 行.
NOTIC: [8] Undefined variable: sckey F:\phpStudy\WWW\minifengshimy\App\Api\Conf\config.php 第 33 行.
NOTIC: [8] Undefined variable: sckey F:\phpStudy\WWW\minifengshimy\App\Api\Conf\config.php 第 33 行.
NOTIC: [8] Use of undefined constant LOAD_EXT_CONFIG - assumed 'LOAD_EXT_CONFIG' F:\phpStudy\WWW\minifengshimy\App\Api\Conf\config.php 第 40 行.

[ 2017-10-27T15:31:42+08:00 ] ::1 /minifengshimy/index.php/Api/Index/index
NOTIC: [8] Use of undefined constant SHOW_PAGE_TRACE - assumed 'SHOW_PAGE_TRACE' F:\phpStudy\WWW\minifengshimy\App\Common\Conf\debug.php 第 4 行.
INFO: [ app_init ] --START--
INFO: Run Behavior\BuildLiteBehavior [ RunTime:0.000015s ]
INFO: [ app_init ] --END-- [ RunTime:0.000057s ]
NOTIC: [8] Undefined variable: sckey F:\phpStudy\WWW\minifengshimy\App\Api\Conf\config.php 第 33 行.
NOTIC: [8] Undefined variable: sckey F:\phpStudy\WWW\minifengshimy\App\Api\Conf\config.php 第 33 行.
NOTIC: [8] Undefined variable: sckey F:\phpStudy\WWW\minifengshimy\App\Api\Conf\config.php 第 33 行.
NOTIC: [8] Use of undefined constant LOAD_EXT_CONFIG - assumed 'LOAD_EXT_CONFIG' F:\phpStudy\WWW\minifengshimy\App\Api\Conf\config.php 第 40 行.

[ 2017-10-27T15:32:17+08:00 ] ::1 /minifengshimy/index.php/Api/Doctor/lists
NOTIC: [8] Use of undefined constant SHOW_PAGE_TRACE - assumed 'SHOW_PAGE_TRACE' F:\phpStudy\WWW\minifengshimy\App\Common\Conf\debug.php 第 4 行.
INFO: [ app_init ] --START--
INFO: Run Behavior\BuildLiteBehavior [ RunTime:0.000015s ]
INFO: [ app_init ] --END-- [ RunTime:0.000056s ]
NOTIC: [8] Undefined variable: sckey F:\phpStudy\WWW\minifengshimy\App\Api\Conf\config.php 第 33 行.
NOTIC: [8] Undefined variable: sckey F:\phpStudy\WWW\minifengshimy\App\Api\Conf\config.php 第 33 行.
NOTIC: [8] Undefined variable: sckey F:\phpStudy\WWW\minifengshimy\App\Api\Conf\config.php 第 33 行.
NOTIC: [8] Use of undefined constant LOAD_EXT_CONFIG - assumed 'LOAD_EXT_CONFIG' F:\phpStudy\WWW\minifengshimy\App\Api\Conf\config.php 第 40 行.

[ 2017-10-27T15:32:28+08:00 ] ::1 /minifengshimy/index.php/Api/Doctor/lists
NOTIC: [8] Use of undefined constant SHOW_PAGE_TRACE - assumed 'SHOW_PAGE_TRACE' F:\phpStudy\WWW\minifengshimy\App\Common\Conf\debug.php 第 4 行.
INFO: [ app_init ] --START--
INFO: Run Behavior\BuildLiteBehavior [ RunTime:0.000013s ]
INFO: [ app_init ] --END-- [ RunTime:0.000055s ]
NOTIC: [8] Undefined variable: sckey F:\phpStudy\WWW\minifengshimy\App\Api\Conf\config.php 第 33 行.
NOTIC: [8] Undefined variable: sckey F:\phpStudy\WWW\minifengshimy\App\Api\Conf\config.php 第 33 行.
NOTIC: [8] Undefined variable: sckey F:\phpStudy\WWW\minifengshimy\App\Api\Conf\config.php 第 33 行.
NOTIC: [8] Use of undefined constant LOAD_EXT_CONFIG - assumed 'LOAD_EXT_CONFIG' F:\phpStudy\WWW\minifengshimy\App\Api\Conf\config.php 第 40 行.

[ 2017-10-27T15:32:31+08:00 ] ::1 /minifengshimy/index.php/Api/Doctor/details
NOTIC: [8] Use of undefined constant SHOW_PAGE_TRACE - assumed 'SHOW_PAGE_TRACE' F:\phpStudy\WWW\minifengshimy\App\Common\Conf\debug.php 第 4 行.
INFO: [ app_init ] --START--
INFO: Run Behavior\BuildLiteBehavior [ RunTime:0.000016s ]
INFO: [ app_init ] --END-- [ RunTime:0.000105s ]
NOTIC: [8] Undefined variable: sckey F:\phpStudy\WWW\minifengshimy\App\Api\Conf\config.php 第 33 行.
NOTIC: [8] Undefined variable: sckey F:\phpStudy\WWW\minifengshimy\App\Api\Conf\config.php 第 33 行.
NOTIC: [8] Undefined variable: sckey F:\phpStudy\WWW\minifengshimy\App\Api\Conf\config.php 第 33 行.
NOTIC: [8] Use of undefined constant LOAD_EXT_CONFIG - assumed 'LOAD_EXT_CONFIG' F:\phpStudy\WWW\minifengshimy\App\Api\Conf\config.php 第 40 行.

[ 2017-10-27T15:32:38+08:00 ] ::1 /minifengshimy/index.php/Api/Index/index
NOTIC: [8] Use of undefined constant SHOW_PAGE_TRACE - assumed 'SHOW_PAGE_TRACE' F:\phpStudy\WWW\minifengshimy\App\Common\Conf\debug.php 第 4 行.
INFO: [ app_init ] --START--
INFO: Run Behavior\BuildLiteBehavior [ RunTime:0.000016s ]
INFO: [ app_init ] --END-- [ RunTime:0.000090s ]
NOTIC: [8] Undefined variable: sckey F:\phpStudy\WWW\minifengshimy\App\Api\Conf\config.php 第 33 行.
NOTIC: [8] Undefined variable: sckey F:\phpStudy\WWW\minifengshimy\App\Api\Conf\config.php 第 33 行.
NOTIC: [8] Undefined variable: sckey F:\phpStudy\WWW\minifengshimy\App\Api\Conf\config.php 第 33 行.
NOTIC: [8] Use of undefined constant LOAD_EXT_CONFIG - assumed 'LOAD_EXT_CONFIG' F:\phpStudy\WWW\minifengshimy\App\Api\Conf\config.php 第 40 行.

[ 2017-10-27T15:32:44+08:00 ] ::1 /minifengshimy/index.php/Api/User/myOrder
NOTIC: [8] Use of undefined constant SHOW_PAGE_TRACE - assumed 'SHOW_PAGE_TRACE' F:\phpStudy\WWW\minifengshimy\App\Common\Conf\debug.php 第 4 行.
INFO: [ app_init ] --START--
INFO: Run Behavior\BuildLiteBehavior [ RunTime:0.000016s ]
INFO: [ app_init ] --END-- [ RunTime:0.000074s ]
NOTIC: [8] Undefined variable: sckey F:\phpStudy\WWW\minifengshimy\App\Api\Conf\config.php 第 33 行.
NOTIC: [8] Undefined variable: sckey F:\phpStudy\WWW\minifengshimy\App\Api\Conf\config.php 第 33 行.
NOTIC: [8] Undefined variable: sckey F:\phpStudy\WWW\minifengshimy\App\Api\Conf\config.php 第 33 行.
NOTIC: [8] Use of undefined constant LOAD_EXT_CONFIG - assumed 'LOAD_EXT_CONFIG' F:\phpStudy\WWW\minifengshimy\App\Api\Conf\config.php 第 40 行.

[ 2017-10-27T15:43:20+08:00 ] ::1 /minifengshimy/index.php/Api/Login/getsessionkey
NOTIC: [8] Use of undefined constant SHOW_PAGE_TRACE - assumed 'SHOW_PAGE_TRACE' F:\phpStudy\WWW\minifengshimy\App\Common\Conf\debug.php 第 4 行.
INFO: [ app_init ] --START--
INFO: Run Behavior\BuildLiteBehavior [ RunTime:0.000014s ]
INFO: [ app_init ] --END-- [ RunTime:0.000060s ]
NOTIC: [8] Undefined variable: sckey F:\phpStudy\WWW\minifengshimy\App\Api\Conf\config.php 第 33 行.
NOTIC: [8] Undefined variable: sckey F:\phpStudy\WWW\minifengshimy\App\Api\Conf\config.php 第 33 行.
NOTIC: [8] Undefined variable: sckey F:\phpStudy\WWW\minifengshimy\App\Api\Conf\config.php 第 33 行.
NOTIC: [8] Use of undefined constant LOAD_EXT_CONFIG - assumed 'LOAD_EXT_CONFIG' F:\phpStudy\WWW\minifengshimy\App\Api\Conf\config.php 第 40 行.

[ 2017-10-27T15:43:20+08:00 ] ::1 /minifengshimy/index.php/Api/Login/authlogin
NOTIC: [8] Use of undefined constant SHOW_PAGE_TRACE - assumed 'SHOW_PAGE_TRACE' F:\phpStudy\WWW\minifengshimy\App\Common\Conf\debug.php 第 4 行.
INFO: [ app_init ] --START--
INFO: Run Behavior\BuildLiteBehavior [ RunTime:0.000016s ]
INFO: [ app_init ] --END-- [ RunTime:0.000067s ]
NOTIC: [8] Undefined variable: sckey F:\phpStudy\WWW\minifengshimy\App\Api\Conf\config.php 第 33 行.
NOTIC: [8] Undefined variable: sckey F:\phpStudy\WWW\minifengshimy\App\Api\Conf\config.php 第 33 行.
NOTIC: [8] Undefined variable: sckey F:\phpStudy\WWW\minifengshimy\App\Api\Conf\config.php 第 33 行.
NOTIC: [8] Use of undefined constant LOAD_EXT_CONFIG - assumed 'LOAD_EXT_CONFIG' F:\phpStudy\WWW\minifengshimy\App\Api\Conf\config.php 第 40 行.

[ 2017-10-27T15:43:23+08:00 ] ::1 /minifengshimy/index.php/Api/Index/index
NOTIC: [8] Use of undefined constant SHOW_PAGE_TRACE - assumed 'SHOW_PAGE_TRACE' F:\phpStudy\WWW\minifengshimy\App\Common\Conf\debug.php 第 4 行.
INFO: [ app_init ] --START--
INFO: Run Behavior\BuildLiteBehavior [ RunTime:0.000013s ]
INFO: [ app_init ] --END-- [ RunTime:0.000059s ]
NOTIC: [8] Undefined variable: sckey F:\phpStudy\WWW\minifengshimy\App\Api\Conf\config.php 第 33 行.
NOTIC: [8] Undefined variable: sckey F:\phpStudy\WWW\minifengshimy\App\Api\Conf\config.php 第 33 行.
NOTIC: [8] Undefined variable: sckey F:\phpStudy\WWW\minifengshimy\App\Api\Conf\config.php 第 33 行.
NOTIC: [8] Use of undefined constant LOAD_EXT_CONFIG - assumed 'LOAD_EXT_CONFIG' F:\phpStudy\WWW\minifengshimy\App\Api\Conf\config.php 第 40 行.

[ 2017-10-27T15:47:01+08:00 ] ::1 /minifengshimy/index.php/Api/Login/getsessionkey
NOTIC: [8] Use of undefined constant SHOW_PAGE_TRACE - assumed 'SHOW_PAGE_TRACE' F:\phpStudy\WWW\minifengshimy\App\Common\Conf\debug.php 第 4 行.
INFO: [ app_init ] --START--
INFO: Run Behavior\BuildLiteBehavior [ RunTime:0.000015s ]
INFO: [ app_init ] --END-- [ RunTime:0.000063s ]
NOTIC: [8] Undefined variable: sckey F:\phpStudy\WWW\minifengshimy\App\Api\Conf\config.php 第 33 行.
NOTIC: [8] Undefined variable: sckey F:\phpStudy\WWW\minifengshimy\App\Api\Conf\config.php 第 33 行.
NOTIC: [8] Undefined variable: sckey F:\phpStudy\WWW\minifengshimy\App\Api\Conf\config.php 第 33 行.
NOTIC: [8] Use of undefined constant LOAD_EXT_CONFIG - assumed 'LOAD_EXT_CONFIG' F:\phpStudy\WWW\minifengshimy\App\Api\Conf\config.php 第 40 行.

[ 2017-10-27T15:47:01+08:00 ] ::1 /minifengshimy/index.php/Api/Login/authlogin
NOTIC: [8] Use of undefined constant SHOW_PAGE_TRACE - assumed 'SHOW_PAGE_TRACE' F:\phpStudy\WWW\minifengshimy\App\Common\Conf\debug.php 第 4 行.
INFO: [ app_init ] --START--
INFO: Run Behavior\BuildLiteBehavior [ RunTime:0.000019s ]
INFO: [ app_init ] --END-- [ RunTime:0.000067s ]
NOTIC: [8] Undefined variable: sckey F:\phpStudy\WWW\minifengshimy\App\Api\Conf\config.php 第 33 行.
NOTIC: [8] Undefined variable: sckey F:\phpStudy\WWW\minifengshimy\App\Api\Conf\config.php 第 33 行.
NOTIC: [8] Undefined variable: sckey F:\phpStudy\WWW\minifengshimy\App\Api\Conf\config.php 第 33 行.
NOTIC: [8] Use of undefined constant LOAD_EXT_CONFIG - assumed 'LOAD_EXT_CONFIG' F:\phpStudy\WWW\minifengshimy\App\Api\Conf\config.php 第 40 行.

[ 2017-10-27T15:47:04+08:00 ] ::1 /minifengshimy/index.php/Api/Index/index
NOTIC: [8] Use of undefined constant SHOW_PAGE_TRACE - assumed 'SHOW_PAGE_TRACE' F:\phpStudy\WWW\minifengshimy\App\Common\Conf\debug.php 第 4 行.
INFO: [ app_init ] --START--
INFO: Run Behavior\BuildLiteBehavior [ RunTime:0.000014s ]
INFO: [ app_init ] --END-- [ RunTime:0.000067s ]
NOTIC: [8] Undefined variable: sckey F:\phpStudy\WWW\minifengshimy\App\Api\Conf\config.php 第 33 行.
NOTIC: [8] Undefined variable: sckey F:\phpStudy\WWW\minifengshimy\App\Api\Conf\config.php 第 33 行.
NOTIC: [8] Undefined variable: sckey F:\phpStudy\WWW\minifengshimy\App\Api\Conf\config.php 第 33 行.
NOTIC: [8] Use of undefined constant LOAD_EXT_CONFIG - assumed 'LOAD_EXT_CONFIG' F:\phpStudy\WWW\minifengshimy\App\Api\Conf\config.php 第 40 行.

[ 2017-10-27T15:57:32+08:00 ] ::1 /minifengshimy/index.php/Api/Login/getsessionkey
NOTIC: [8] Use of undefined constant SHOW_PAGE_TRACE - assumed 'SHOW_PAGE_TRACE' F:\phpStudy\WWW\minifengshimy\App\Common\Conf\debug.php 第 4 行.
INFO: [ app_init ] --START--
INFO: Run Behavior\BuildLiteBehavior [ RunTime:0.000045s ]
INFO: [ app_init ] --END-- [ RunTime:0.000107s ]
NOTIC: [8] Undefined variable: sckey F:\phpStudy\WWW\minifengshimy\App\Api\Conf\config.php 第 33 行.
NOTIC: [8] Undefined variable: sckey F:\phpStudy\WWW\minifengshimy\App\Api\Conf\config.php 第 33 行.
NOTIC: [8] Undefined variable: sckey F:\phpStudy\WWW\minifengshimy\App\Api\Conf\config.php 第 33 行.
NOTIC: [8] Use of undefined constant LOAD_EXT_CONFIG - assumed 'LOAD_EXT_CONFIG' F:\phpStudy\WWW\minifengshimy\App\Api\Conf\config.php 第 40 行.

[ 2017-10-27T15:57:32+08:00 ] ::1 /minifengshimy/index.php/Api/Login/authlogin
NOTIC: [8] Use of undefined constant SHOW_PAGE_TRACE - assumed 'SHOW_PAGE_TRACE' F:\phpStudy\WWW\minifengshimy\App\Common\Conf\debug.php 第 4 行.
INFO: [ app_init ] --START--
INFO: Run Behavior\BuildLiteBehavior [ RunTime:0.000016s ]
INFO: [ app_init ] --END-- [ RunTime:0.000067s ]
NOTIC: [8] Undefined variable: sckey F:\phpStudy\WWW\minifengshimy\App\Api\Conf\config.php 第 33 行.
NOTIC: [8] Undefined variable: sckey F:\phpStudy\WWW\minifengshimy\App\Api\Conf\config.php 第 33 行.
NOTIC: [8] Undefined variable: sckey F:\phpStudy\WWW\minifengshimy\App\Api\Conf\config.php 第 33 行.
NOTIC: [8] Use of undefined constant LOAD_EXT_CONFIG - assumed 'LOAD_EXT_CONFIG' F:\phpStudy\WWW\minifengshimy\App\Api\Conf\config.php 第 40 行.

[ 2017-10-27T15:57:35+08:00 ] ::1 /minifengshimy/index.php/Api/Index/index
NOTIC: [8] Use of undefined constant SHOW_PAGE_TRACE - assumed 'SHOW_PAGE_TRACE' F:\phpStudy\WWW\minifengshimy\App\Common\Conf\debug.php 第 4 行.
INFO: [ app_init ] --START--
INFO: Run Behavior\BuildLiteBehavior [ RunTime:0.000016s ]
INFO: [ app_init ] --END-- [ RunTime:0.000066s ]
NOTIC: [8] Undefined variable: sckey F:\phpStudy\WWW\minifengshimy\App\Api\Conf\config.php 第 33 行.
NOTIC: [8] Undefined variable: sckey F:\phpStudy\WWW\minifengshimy\App\Api\Conf\config.php 第 33 行.
NOTIC: [8] Undefined variable: sckey F:\phpStudy\WWW\minifengshimy\App\Api\Conf\config.php 第 33 行.
NOTIC: [8] Use of undefined constant LOAD_EXT_CONFIG - assumed 'LOAD_EXT_CONFIG' F:\phpStudy\WWW\minifengshimy\App\Api\Conf\config.php 第 40 行.

[ 2017-10-27T15:58:43+08:00 ] ::1 /minifengshimy/index.php/Api/Login/getsessionkey
NOTIC: [8] Use of undefined constant SHOW_PAGE_TRACE - assumed 'SHOW_PAGE_TRACE' F:\phpStudy\WWW\minifengshimy\App\Common\Conf\debug.php 第 4 行.
INFO: [ app_init ] --START--
INFO: Run Behavior\BuildLiteBehavior [ RunTime:0.000016s ]
INFO: [ app_init ] --END-- [ RunTime:0.000069s ]
NOTIC: [8] Undefined variable: sckey F:\phpStudy\WWW\minifengshimy\App\Api\Conf\config.php 第 33 行.
NOTIC: [8] Undefined variable: sckey F:\phpStudy\WWW\minifengshimy\App\Api\Conf\config.php 第 33 行.
NOTIC: [8] Undefined variable: sckey F:\phpStudy\WWW\minifengshimy\App\Api\Conf\config.php 第 33 行.
NOTIC: [8] Use of undefined constant LOAD_EXT_CONFIG - assumed 'LOAD_EXT_CONFIG' F:\phpStudy\WWW\minifengshimy\App\Api\Conf\config.php 第 40 行.

[ 2017-10-27T15:58:43+08:00 ] ::1 /minifengshimy/index.php/Api/Login/authlogin
NOTIC: [8] Use of undefined constant SHOW_PAGE_TRACE - assumed 'SHOW_PAGE_TRACE' F:\phpStudy\WWW\minifengshimy\App\Common\Conf\debug.php 第 4 行.
INFO: [ app_init ] --START--
INFO: Run Behavior\BuildLiteBehavior [ RunTime:0.000015s ]
INFO: [ app_init ] --END-- [ RunTime:0.000062s ]
NOTIC: [8] Undefined variable: sckey F:\phpStudy\WWW\minifengshimy\App\Api\Conf\config.php 第 33 行.
NOTIC: [8] Undefined variable: sckey F:\phpStudy\WWW\minifengshimy\App\Api\Conf\config.php 第 33 行.
NOTIC: [8] Undefined variable: sckey F:\phpStudy\WWW\minifengshimy\App\Api\Conf\config.php 第 33 行.
NOTIC: [8] Use of undefined constant LOAD_EXT_CONFIG - assumed 'LOAD_EXT_CONFIG' F:\phpStudy\WWW\minifengshimy\App\Api\Conf\config.php 第 40 行.

[ 2017-10-27T15:58:47+08:00 ] ::1 /minifengshimy/index.php/Api/Index/index
NOTIC: [8] Use of undefined constant SHOW_PAGE_TRACE - assumed 'SHOW_PAGE_TRACE' F:\phpStudy\WWW\minifengshimy\App\Common\Conf\debug.php 第 4 行.
INFO: [ app_init ] --START--
INFO: Run Behavior\BuildLiteBehavior [ RunTime:0.000016s ]
INFO: [ app_init ] --END-- [ RunTime:0.000068s ]
NOTIC: [8] Undefined variable: sckey F:\phpStudy\WWW\minifengshimy\App\Api\Conf\config.php 第 33 行.
NOTIC: [8] Undefined variable: sckey F:\phpStudy\WWW\minifengshimy\App\Api\Conf\config.php 第 33 行.
NOTIC: [8] Undefined variable: sckey F:\phpStudy\WWW\minifengshimy\App\Api\Conf\config.php 第 33 行.
NOTIC: [8] Use of undefined constant LOAD_EXT_CONFIG - assumed 'LOAD_EXT_CONFIG' F:\phpStudy\WWW\minifengshimy\App\Api\Conf\config.php 第 40 行.

[ 2017-10-27T15:59:32+08:00 ] ::1 /minifengshimy/index.php/Api/Login/getsessionkey
NOTIC: [8] Use of undefined constant SHOW_PAGE_TRACE - assumed 'SHOW_PAGE_TRACE' F:\phpStudy\WWW\minifengshimy\App\Common\Conf\debug.php 第 4 行.
INFO: [ app_init ] --START--
INFO: Run Behavior\BuildLiteBehavior [ RunTime:0.000018s ]
INFO: [ app_init ] --END-- [ RunTime:0.000131s ]
NOTIC: [8] Undefined variable: sckey F:\phpStudy\WWW\minifengshimy\App\Api\Conf\config.php 第 33 行.
NOTIC: [8] Undefined variable: sckey F:\phpStudy\WWW\minifengshimy\App\Api\Conf\config.php 第 33 行.
NOTIC: [8] Undefined variable: sckey F:\phpStudy\WWW\minifengshimy\App\Api\Conf\config.php 第 33 行.
NOTIC: [8] Use of undefined constant LOAD_EXT_CONFIG - assumed 'LOAD_EXT_CONFIG' F:\phpStudy\WWW\minifengshimy\App\Api\Conf\config.php 第 40 行.

[ 2017-10-27T15:59:32+08:00 ] ::1 /minifengshimy/index.php/Api/Login/authlogin
NOTIC: [8] Use of undefined constant SHOW_PAGE_TRACE - assumed 'SHOW_PAGE_TRACE' F:\phpStudy\WWW\minifengshimy\App\Common\Conf\debug.php 第 4 行.
INFO: [ app_init ] --START--
INFO: Run Behavior\BuildLiteBehavior [ RunTime:0.000016s ]
INFO: [ app_init ] --END-- [ RunTime:0.000062s ]
NOTIC: [8] Undefined variable: sckey F:\phpStudy\WWW\minifengshimy\App\Api\Conf\config.php 第 33 行.
NOTIC: [8] Undefined variable: sckey F:\phpStudy\WWW\minifengshimy\App\Api\Conf\config.php 第 33 行.
NOTIC: [8] Undefined variable: sckey F:\phpStudy\WWW\minifengshimy\App\Api\Conf\config.php 第 33 行.
NOTIC: [8] Use of undefined constant LOAD_EXT_CONFIG - assumed 'LOAD_EXT_CONFIG' F:\phpStudy\WWW\minifengshimy\App\Api\Conf\config.php 第 40 行.

[ 2017-10-27T15:59:35+08:00 ] ::1 /minifengshimy/index.php/Api/Index/index
NOTIC: [8] Use of undefined constant SHOW_PAGE_TRACE - assumed 'SHOW_PAGE_TRACE' F:\phpStudy\WWW\minifengshimy\App\Common\Conf\debug.php 第 4 行.
INFO: [ app_init ] --START--
INFO: Run Behavior\BuildLiteBehavior [ RunTime:0.000015s ]
INFO: [ app_init ] --END-- [ RunTime:0.000063s ]
NOTIC: [8] Undefined variable: sckey F:\phpStudy\WWW\minifengshimy\App\Api\Conf\config.php 第 33 行.
NOTIC: [8] Undefined variable: sckey F:\phpStudy\WWW\minifengshimy\App\Api\Conf\config.php 第 33 行.
NOTIC: [8] Undefined variable: sckey F:\phpStudy\WWW\minifengshimy\App\Api\Conf\config.php 第 33 行.
NOTIC: [8] Use of undefined constant LOAD_EXT_CONFIG - assumed 'LOAD_EXT_CONFIG' F:\phpStudy\WWW\minifengshimy\App\Api\Conf\config.php 第 40 行.

[ 2017-10-27T15:59:58+08:00 ] ::1 /minifengshimy/index.php/Api/Login/getsessionkey
NOTIC: [8] Use of undefined constant SHOW_PAGE_TRACE - assumed 'SHOW_PAGE_TRACE' F:\phpStudy\WWW\minifengshimy\App\Common\Conf\debug.php 第 4 行.
INFO: [ app_init ] --START--
INFO: Run Behavior\BuildLiteBehavior [ RunTime:0.000016s ]
INFO: [ app_init ] --END-- [ RunTime:0.000064s ]
NOTIC: [8] Undefined variable: sckey F:\phpStudy\WWW\minifengshimy\App\Api\Conf\config.php 第 33 行.
NOTIC: [8] Undefined variable: sckey F:\phpStudy\WWW\minifengshimy\App\Api\Conf\config.php 第 33 行.
NOTIC: [8] Undefined variable: sckey F:\phpStudy\WWW\minifengshimy\App\Api\Conf\config.php 第 33 行.
NOTIC: [8] Use of undefined constant LOAD_EXT_CONFIG - assumed 'LOAD_EXT_CONFIG' F:\phpStudy\WWW\minifengshimy\App\Api\Conf\config.php 第 40 行.

[ 2017-10-27T15:59:58+08:00 ] ::1 /minifengshimy/index.php/Api/Login/authlogin
NOTIC: [8] Use of undefined constant SHOW_PAGE_TRACE - assumed 'SHOW_PAGE_TRACE' F:\phpStudy\WWW\minifengshimy\App\Common\Conf\debug.php 第 4 行.
INFO: [ app_init ] --START--
INFO: Run Behavior\BuildLiteBehavior [ RunTime:0.000016s ]
INFO: [ app_init ] --END-- [ RunTime:0.000067s ]
NOTIC: [8] Undefined variable: sckey F:\phpStudy\WWW\minifengshimy\App\Api\Conf\config.php 第 33 行.
NOTIC: [8] Undefined variable: sckey F:\phpStudy\WWW\minifengshimy\App\Api\Conf\config.php 第 33 行.
NOTIC: [8] Undefined variable: sckey F:\phpStudy\WWW\minifengshimy\App\Api\Conf\config.php 第 33 行.
NOTIC: [8] Use of undefined constant LOAD_EXT_CONFIG - assumed 'LOAD_EXT_CONFIG' F:\phpStudy\WWW\minifengshimy\App\Api\Conf\config.php 第 40 行.

[ 2017-10-27T16:00:01+08:00 ] ::1 /minifengshimy/index.php/Api/Index/index
NOTIC: [8] Use of undefined constant SHOW_PAGE_TRACE - assumed 'SHOW_PAGE_TRACE' F:\phpStudy\WWW\minifengshimy\App\Common\Conf\debug.php 第 4 行.
INFO: [ app_init ] --START--
INFO: Run Behavior\BuildLiteBehavior [ RunTime:0.000018s ]
INFO: [ app_init ] --END-- [ RunTime:0.000086s ]
NOTIC: [8] Undefined variable: sckey F:\phpStudy\WWW\minifengshimy\App\Api\Conf\config.php 第 33 行.
NOTIC: [8] Undefined variable: sckey F:\phpStudy\WWW\minifengshimy\App\Api\Conf\config.php 第 33 行.
NOTIC: [8] Undefined variable: sckey F:\phpStudy\WWW\minifengshimy\App\Api\Conf\config.php 第 33 行.
NOTIC: [8] Use of undefined constant LOAD_EXT_CONFIG - assumed 'LOAD_EXT_CONFIG' F:\phpStudy\WWW\minifengshimy\App\Api\Conf\config.php 第 40 行.

[ 2017-10-27T16:00:21+08:00 ] ::1 /minifengshimy/index.php/Api/Medicine/index
NOTIC: [8] Use of undefined constant SHOW_PAGE_TRACE - assumed 'SHOW_PAGE_TRACE' F:\phpStudy\WWW\minifengshimy\App\Common\Conf\debug.php 第 4 行.
INFO: [ app_init ] --START--
INFO: Run Behavior\BuildLiteBehavior [ RunTime:0.000014s ]
INFO: [ app_init ] --END-- [ RunTime:0.000061s ]
NOTIC: [8] Undefined variable: sckey F:\phpStudy\WWW\minifengshimy\App\Api\Conf\config.php 第 33 行.
NOTIC: [8] Undefined variable: sckey F:\phpStudy\WWW\minifengshimy\App\Api\Conf\config.php 第 33 行.
NOTIC: [8] Undefined variable: sckey F:\phpStudy\WWW\minifengshimy\App\Api\Conf\config.php 第 33 行.
NOTIC: [8] Use of undefined constant LOAD_EXT_CONFIG - assumed 'LOAD_EXT_CONFIG' F:\phpStudy\WWW\minifengshimy\App\Api\Conf\config.php 第 40 行.

[ 2017-10-27T16:01:40+08:00 ] ::1 /minifengshimy/index.php/Api/Index/index
NOTIC: [8] Use of undefined constant SHOW_PAGE_TRACE - assumed 'SHOW_PAGE_TRACE' F:\phpStudy\WWW\minifengshimy\App\Common\Conf\debug.php 第 4 行.
INFO: [ app_init ] --START--
INFO: Run Behavior\BuildLiteBehavior [ RunTime:0.000017s ]
INFO: [ app_init ] --END-- [ RunTime:0.000096s ]
NOTIC: [8] Undefined variable: sckey F:\phpStudy\WWW\minifengshimy\App\Api\Conf\config.php 第 33 行.
NOTIC: [8] Undefined variable: sckey F:\phpStudy\WWW\minifengshimy\App\Api\Conf\config.php 第 33 行.
NOTIC: [8] Undefined variable: sckey F:\phpStudy\WWW\minifengshimy\App\Api\Conf\config.php 第 33 行.
NOTIC: [8] Use of undefined constant LOAD_EXT_CONFIG - assumed 'LOAD_EXT_CONFIG' F:\phpStudy\WWW\minifengshimy\App\Api\Conf\config.php 第 40 行.

[ 2017-10-27T16:01:45+08:00 ] ::1 /minifengshimy/index.php/Api/Login/getsessionkey
NOTIC: [8] Use of undefined constant SHOW_PAGE_TRACE - assumed 'SHOW_PAGE_TRACE' F:\phpStudy\WWW\minifengshimy\App\Common\Conf\debug.php 第 4 行.
INFO: [ app_init ] --START--
INFO: Run Behavior\BuildLiteBehavior [ RunTime:0.000017s ]
INFO: [ app_init ] --END-- [ RunTime:0.000067s ]
NOTIC: [8] Undefined variable: sckey F:\phpStudy\WWW\minifengshimy\App\Api\Conf\config.php 第 33 行.
NOTIC: [8] Undefined variable: sckey F:\phpStudy\WWW\minifengshimy\App\Api\Conf\config.php 第 33 行.
NOTIC: [8] Undefined variable: sckey F:\phpStudy\WWW\minifengshimy\App\Api\Conf\config.php 第 33 行.
NOTIC: [8] Use of undefined constant LOAD_EXT_CONFIG - assumed 'LOAD_EXT_CONFIG' F:\phpStudy\WWW\minifengshimy\App\Api\Conf\config.php 第 40 行.

[ 2017-10-27T16:01:45+08:00 ] ::1 /minifengshimy/index.php/Api/Login/authlogin
NOTIC: [8] Use of undefined constant SHOW_PAGE_TRACE - assumed 'SHOW_PAGE_TRACE' F:\phpStudy\WWW\minifengshimy\App\Common\Conf\debug.php 第 4 行.
INFO: [ app_init ] --START--
INFO: Run Behavior\BuildLiteBehavior [ RunTime:0.000014s ]
INFO: [ app_init ] --END-- [ RunTime:0.000056s ]
NOTIC: [8] Undefined variable: sckey F:\phpStudy\WWW\minifengshimy\App\Api\Conf\config.php 第 33 行.
NOTIC: [8] Undefined variable: sckey F:\phpStudy\WWW\minifengshimy\App\Api\Conf\config.php 第 33 行.
NOTIC: [8] Undefined variable: sckey F:\phpStudy\WWW\minifengshimy\App\Api\Conf\config.php 第 33 行.
NOTIC: [8] Use of undefined constant LOAD_EXT_CONFIG - assumed 'LOAD_EXT_CONFIG' F:\phpStudy\WWW\minifengshimy\App\Api\Conf\config.php 第 40 行.

[ 2017-10-27T16:03:18+08:00 ] ::1 /minifengshimy/index.php/Api/Login/getsessionkey
NOTIC: [8] Use of undefined constant SHOW_PAGE_TRACE - assumed 'SHOW_PAGE_TRACE' F:\phpStudy\WWW\minifengshimy\App\Common\Conf\debug.php 第 4 行.
INFO: [ app_init ] --START--
INFO: Run Behavior\BuildLiteBehavior [ RunTime:0.000017s ]
INFO: [ app_init ] --END-- [ RunTime:0.000069s ]
NOTIC: [8] Undefined variable: sckey F:\phpStudy\WWW\minifengshimy\App\Api\Conf\config.php 第 33 行.
NOTIC: [8] Undefined variable: sckey F:\phpStudy\WWW\minifengshimy\App\Api\Conf\config.php 第 33 行.
NOTIC: [8] Undefined variable: sckey F:\phpStudy\WWW\minifengshimy\App\Api\Conf\config.php 第 33 行.
NOTIC: [8] Use of undefined constant LOAD_EXT_CONFIG - assumed 'LOAD_EXT_CONFIG' F:\phpStudy\WWW\minifengshimy\App\Api\Conf\config.php 第 40 行.

[ 2017-10-27T16:03:18+08:00 ] ::1 /minifengshimy/index.php/Api/Login/authlogin
NOTIC: [8] Use of undefined constant SHOW_PAGE_TRACE - assumed 'SHOW_PAGE_TRACE' F:\phpStudy\WWW\minifengshimy\App\Common\Conf\debug.php 第 4 行.
INFO: [ app_init ] --START--
INFO: Run Behavior\BuildLiteBehavior [ RunTime:0.000016s ]
INFO: [ app_init ] --END-- [ RunTime:0.000059s ]
NOTIC: [8] Undefined variable: sckey F:\phpStudy\WWW\minifengshimy\App\Api\Conf\config.php 第 33 行.
NOTIC: [8] Undefined variable: sckey F:\phpStudy\WWW\minifengshimy\App\Api\Conf\config.php 第 33 行.
NOTIC: [8] Undefined variable: sckey F:\phpStudy\WWW\minifengshimy\App\Api\Conf\config.php 第 33 行.
NOTIC: [8] Use of undefined constant LOAD_EXT_CONFIG - assumed 'LOAD_EXT_CONFIG' F:\phpStudy\WWW\minifengshimy\App\Api\Conf\config.php 第 40 行.

[ 2017-10-27T16:03:21+08:00 ] ::1 /minifengshimy/index.php/Api/Index/index
NOTIC: [8] Use of undefined constant SHOW_PAGE_TRACE - assumed 'SHOW_PAGE_TRACE' F:\phpStudy\WWW\minifengshimy\App\Common\Conf\debug.php 第 4 行.
INFO: [ app_init ] --START--
INFO: Run Behavior\BuildLiteBehavior [ RunTime:0.000015s ]
INFO: [ app_init ] --END-- [ RunTime:0.000070s ]
NOTIC: [8] Undefined variable: sckey F:\phpStudy\WWW\minifengshimy\App\Api\Conf\config.php 第 33 行.
NOTIC: [8] Undefined variable: sckey F:\phpStudy\WWW\minifengshimy\App\Api\Conf\config.php 第 33 行.
NOTIC: [8] Undefined variable: sckey F:\phpStudy\WWW\minifengshimy\App\Api\Conf\config.php 第 33 行.
NOTIC: [8] Use of undefined constant LOAD_EXT_CONFIG - assumed 'LOAD_EXT_CONFIG' F:\phpStudy\WWW\minifengshimy\App\Api\Conf\config.php 第 40 行.

[ 2017-10-27T16:03:49+08:00 ] ::1 /minifengshimy/index.php/Api/Login/getsessionkey
NOTIC: [8] Use of undefined constant SHOW_PAGE_TRACE - assumed 'SHOW_PAGE_TRACE' F:\phpStudy\WWW\minifengshimy\App\Common\Conf\debug.php 第 4 行.
INFO: [ app_init ] --START--
INFO: Run Behavior\BuildLiteBehavior [ RunTime:0.000015s ]
INFO: [ app_init ] --END-- [ RunTime:0.000065s ]
NOTIC: [8] Undefined variable: sckey F:\phpStudy\WWW\minifengshimy\App\Api\Conf\config.php 第 33 行.
NOTIC: [8] Undefined variable: sckey F:\phpStudy\WWW\minifengshimy\App\Api\Conf\config.php 第 33 行.
NOTIC: [8] Undefined variable: sckey F:\phpStudy\WWW\minifengshimy\App\Api\Conf\config.php 第 33 行.
NOTIC: [8] Use of undefined constant LOAD_EXT_CONFIG - assumed 'LOAD_EXT_CONFIG' F:\phpStudy\WWW\minifengshimy\App\Api\Conf\config.php 第 40 行.

[ 2017-10-27T16:03:49+08:00 ] ::1 /minifengshimy/index.php/Api/Login/authlogin
NOTIC: [8] Use of undefined constant SHOW_PAGE_TRACE - assumed 'SHOW_PAGE_TRACE' F:\phpStudy\WWW\minifengshimy\App\Common\Conf\debug.php 第 4 行.
INFO: [ app_init ] --START--
INFO: Run Behavior\BuildLiteBehavior [ RunTime:0.000018s ]
INFO: [ app_init ] --END-- [ RunTime:0.000437s ]
NOTIC: [8] Undefined variable: sckey F:\phpStudy\WWW\minifengshimy\App\Api\Conf\config.php 第 33 行.
NOTIC: [8] Undefined variable: sckey F:\phpStudy\WWW\minifengshimy\App\Api\Conf\config.php 第 33 行.
NOTIC: [8] Undefined variable: sckey F:\phpStudy\WWW\minifengshimy\App\Api\Conf\config.php 第 33 行.
NOTIC: [8] Use of undefined constant LOAD_EXT_CONFIG - assumed 'LOAD_EXT_CONFIG' F:\phpStudy\WWW\minifengshimy\App\Api\Conf\config.php 第 40 行.

[ 2017-10-27T16:03:52+08:00 ] ::1 /minifengshimy/index.php/Api/Index/index
NOTIC: [8] Use of undefined constant SHOW_PAGE_TRACE - assumed 'SHOW_PAGE_TRACE' F:\phpStudy\WWW\minifengshimy\App\Common\Conf\debug.php 第 4 行.
INFO: [ app_init ] --START--
INFO: Run Behavior\BuildLiteBehavior [ RunTime:0.000019s ]
INFO: [ app_init ] --END-- [ RunTime:0.000093s ]
NOTIC: [8] Undefined variable: sckey F:\phpStudy\WWW\minifengshimy\App\Api\Conf\config.php 第 33 行.
NOTIC: [8] Undefined variable: sckey F:\phpStudy\WWW\minifengshimy\App\Api\Conf\config.php 第 33 行.
NOTIC: [8] Undefined variable: sckey F:\phpStudy\WWW\minifengshimy\App\Api\Conf\config.php 第 33 行.
NOTIC: [8] Use of undefined constant LOAD_EXT_CONFIG - assumed 'LOAD_EXT_CONFIG' F:\phpStudy\WWW\minifengshimy\App\Api\Conf\config.php 第 40 行.

[ 2017-10-27T16:05:24+08:00 ] ::1 /minifengshimy/index.php/Api/Login/getsessionkey
NOTIC: [8] Use of undefined constant SHOW_PAGE_TRACE - assumed 'SHOW_PAGE_TRACE' F:\phpStudy\WWW\minifengshimy\App\Common\Conf\debug.php 第 4 行.
INFO: [ app_init ] --START--
INFO: Run Behavior\BuildLiteBehavior [ RunTime:0.000016s ]
INFO: [ app_init ] --END-- [ RunTime:0.000067s ]
NOTIC: [8] Undefined variable: sckey F:\phpStudy\WWW\minifengshimy\App\Api\Conf\config.php 第 33 行.
NOTIC: [8] Undefined variable: sckey F:\phpStudy\WWW\minifengshimy\App\Api\Conf\config.php 第 33 行.
NOTIC: [8] Undefined variable: sckey F:\phpStudy\WWW\minifengshimy\App\Api\Conf\config.php 第 33 行.
NOTIC: [8] Use of undefined constant LOAD_EXT_CONFIG - assumed 'LOAD_EXT_CONFIG' F:\phpStudy\WWW\minifengshimy\App\Api\Conf\config.php 第 40 行.

[ 2017-10-27T16:05:24+08:00 ] ::1 /minifengshimy/index.php/Api/Login/authlogin
NOTIC: [8] Use of undefined constant SHOW_PAGE_TRACE - assumed 'SHOW_PAGE_TRACE' F:\phpStudy\WWW\minifengshimy\App\Common\Conf\debug.php 第 4 行.
INFO: [ app_init ] --START--
INFO: Run Behavior\BuildLiteBehavior [ RunTime:0.000015s ]
INFO: [ app_init ] --END-- [ RunTime:0.000064s ]
NOTIC: [8] Undefined variable: sckey F:\phpStudy\WWW\minifengshimy\App\Api\Conf\config.php 第 33 行.
NOTIC: [8] Undefined variable: sckey F:\phpStudy\WWW\minifengshimy\App\Api\Conf\config.php 第 33 行.
NOTIC: [8] Undefined variable: sckey F:\phpStudy\WWW\minifengshimy\App\Api\Conf\config.php 第 33 行.
NOTIC: [8] Use of undefined constant LOAD_EXT_CONFIG - assumed 'LOAD_EXT_CONFIG' F:\phpStudy\WWW\minifengshimy\App\Api\Conf\config.php 第 40 行.

[ 2017-10-27T16:05:27+08:00 ] ::1 /minifengshimy/index.php/Api/Index/index
NOTIC: [8] Use of undefined constant SHOW_PAGE_TRACE - assumed 'SHOW_PAGE_TRACE' F:\phpStudy\WWW\minifengshimy\App\Common\Conf\debug.php 第 4 行.
INFO: [ app_init ] --START--
INFO: Run Behavior\BuildLiteBehavior [ RunTime:0.000015s ]
INFO: [ app_init ] --END-- [ RunTime:0.000061s ]
NOTIC: [8] Undefined variable: sckey F:\phpStudy\WWW\minifengshimy\App\Api\Conf\config.php 第 33 行.
NOTIC: [8] Undefined variable: sckey F:\phpStudy\WWW\minifengshimy\App\Api\Conf\config.php 第 33 行.
NOTIC: [8] Undefined variable: sckey F:\phpStudy\WWW\minifengshimy\App\Api\Conf\config.php 第 33 行.
NOTIC: [8] Use of undefined constant LOAD_EXT_CONFIG - assumed 'LOAD_EXT_CONFIG' F:\phpStudy\WWW\minifengshimy\App\Api\Conf\config.php 第 40 行.

[ 2017-10-27T16:05:46+08:00 ] ::1 /minifengshimy/index.php/Api/Login/getsessionkey
NOTIC: [8] Use of undefined constant SHOW_PAGE_TRACE - assumed 'SHOW_PAGE_TRACE' F:\phpStudy\WWW\minifengshimy\App\Common\Conf\debug.php 第 4 行.
INFO: [ app_init ] --START--
INFO: Run Behavior\BuildLiteBehavior [ RunTime:0.000028s ]
INFO: [ app_init ] --END-- [ RunTime:0.000114s ]
NOTIC: [8] Undefined variable: sckey F:\phpStudy\WWW\minifengshimy\App\Api\Conf\config.php 第 33 行.
NOTIC: [8] Undefined variable: sckey F:\phpStudy\WWW\minifengshimy\App\Api\Conf\config.php 第 33 行.
NOTIC: [8] Undefined variable: sckey F:\phpStudy\WWW\minifengshimy\App\Api\Conf\config.php 第 33 行.
NOTIC: [8] Use of undefined constant LOAD_EXT_CONFIG - assumed 'LOAD_EXT_CONFIG' F:\phpStudy\WWW\minifengshimy\App\Api\Conf\config.php 第 40 行.

[ 2017-10-27T16:05:46+08:00 ] ::1 /minifengshimy/index.php/Api/Login/authlogin
NOTIC: [8] Use of undefined constant SHOW_PAGE_TRACE - assumed 'SHOW_PAGE_TRACE' F:\phpStudy\WWW\minifengshimy\App\Common\Conf\debug.php 第 4 行.
INFO: [ app_init ] --START--
INFO: Run Behavior\BuildLiteBehavior [ RunTime:0.000014s ]
INFO: [ app_init ] --END-- [ RunTime:0.000061s ]
NOTIC: [8] Undefined variable: sckey F:\phpStudy\WWW\minifengshimy\App\Api\Conf\config.php 第 33 行.
NOTIC: [8] Undefined variable: sckey F:\phpStudy\WWW\minifengshimy\App\Api\Conf\config.php 第 33 行.
NOTIC: [8] Undefined variable: sckey F:\phpStudy\WWW\minifengshimy\App\Api\Conf\config.php 第 33 行.
NOTIC: [8] Use of undefined constant LOAD_EXT_CONFIG - assumed 'LOAD_EXT_CONFIG' F:\phpStudy\WWW\minifengshimy\App\Api\Conf\config.php 第 40 行.

[ 2017-10-27T16:05:50+08:00 ] ::1 /minifengshimy/index.php/Api/Index/index
NOTIC: [8] Use of undefined constant SHOW_PAGE_TRACE - assumed 'SHOW_PAGE_TRACE' F:\phpStudy\WWW\minifengshimy\App\Common\Conf\debug.php 第 4 行.
INFO: [ app_init ] --START--
INFO: Run Behavior\BuildLiteBehavior [ RunTime:0.000015s ]
INFO: [ app_init ] --END-- [ RunTime:0.000088s ]
NOTIC: [8] Undefined variable: sckey F:\phpStudy\WWW\minifengshimy\App\Api\Conf\config.php 第 33 行.
NOTIC: [8] Undefined variable: sckey F:\phpStudy\WWW\minifengshimy\App\Api\Conf\config.php 第 33 行.
NOTIC: [8] Undefined variable: sckey F:\phpStudy\WWW\minifengshimy\App\Api\Conf\config.php 第 33 行.
NOTIC: [8] Use of undefined constant LOAD_EXT_CONFIG - assumed 'LOAD_EXT_CONFIG' F:\phpStudy\WWW\minifengshimy\App\Api\Conf\config.php 第 40 行.

[ 2017-10-27T16:05:54+08:00 ] ::1 /minifengshimy/index.php/Api/Login/getsessionkey
NOTIC: [8] Use of undefined constant SHOW_PAGE_TRACE - assumed 'SHOW_PAGE_TRACE' F:\phpStudy\WWW\minifengshimy\App\Common\Conf\debug.php 第 4 行.
INFO: [ app_init ] --START--
INFO: Run Behavior\BuildLiteBehavior [ RunTime:0.000014s ]
INFO: [ app_init ] --END-- [ RunTime:0.000062s ]
NOTIC: [8] Undefined variable: sckey F:\phpStudy\WWW\minifengshimy\App\Api\Conf\config.php 第 33 行.
NOTIC: [8] Undefined variable: sckey F:\phpStudy\WWW\minifengshimy\App\Api\Conf\config.php 第 33 行.
NOTIC: [8] Undefined variable: sckey F:\phpStudy\WWW\minifengshimy\App\Api\Conf\config.php 第 33 行.
NOTIC: [8] Use of undefined constant LOAD_EXT_CONFIG - assumed 'LOAD_EXT_CONFIG' F:\phpStudy\WWW\minifengshimy\App\Api\Conf\config.php 第 40 行.

[ 2017-10-27T16:05:54+08:00 ] ::1 /minifengshimy/index.php/Api/Login/authlogin
NOTIC: [8] Use of undefined constant SHOW_PAGE_TRACE - assumed 'SHOW_PAGE_TRACE' F:\phpStudy\WWW\minifengshimy\App\Common\Conf\debug.php 第 4 行.
INFO: [ app_init ] --START--
INFO: Run Behavior\BuildLiteBehavior [ RunTime:0.000014s ]
INFO: [ app_init ] --END-- [ RunTime:0.000060s ]
NOTIC: [8] Undefined variable: sckey F:\phpStudy\WWW\minifengshimy\App\Api\Conf\config.php 第 33 行.
NOTIC: [8] Undefined variable: sckey F:\phpStudy\WWW\minifengshimy\App\Api\Conf\config.php 第 33 行.
NOTIC: [8] Undefined variable: sckey F:\phpStudy\WWW\minifengshimy\App\Api\Conf\config.php 第 33 行.
NOTIC: [8] Use of undefined constant LOAD_EXT_CONFIG - assumed 'LOAD_EXT_CONFIG' F:\phpStudy\WWW\minifengshimy\App\Api\Conf\config.php 第 40 行.

[ 2017-10-27T16:05:57+08:00 ] ::1 /minifengshimy/index.php/Api/Index/index
NOTIC: [8] Use of undefined constant SHOW_PAGE_TRACE - assumed 'SHOW_PAGE_TRACE' F:\phpStudy\WWW\minifengshimy\App\Common\Conf\debug.php 第 4 行.
INFO: [ app_init ] --START--
INFO: Run Behavior\BuildLiteBehavior [ RunTime:0.000015s ]
INFO: [ app_init ] --END-- [ RunTime:0.000063s ]
NOTIC: [8] Undefined variable: sckey F:\phpStudy\WWW\minifengshimy\App\Api\Conf\config.php 第 33 行.
NOTIC: [8] Undefined variable: sckey F:\phpStudy\WWW\minifengshimy\App\Api\Conf\config.php 第 33 行.
NOTIC: [8] Undefined variable: sckey F:\phpStudy\WWW\minifengshimy\App\Api\Conf\config.php 第 33 行.
NOTIC: [8] Use of undefined constant LOAD_EXT_CONFIG - assumed 'LOAD_EXT_CONFIG' F:\phpStudy\WWW\minifengshimy\App\Api\Conf\config.php 第 40 行.

[ 2017-10-27T16:07:10+08:00 ] ::1 /minifengshimy/index.php/Api/Login/getsessionkey
NOTIC: [8] Use of undefined constant SHOW_PAGE_TRACE - assumed 'SHOW_PAGE_TRACE' F:\phpStudy\WWW\minifengshimy\App\Common\Conf\debug.php 第 4 行.
INFO: [ app_init ] --START--
INFO: Run Behavior\BuildLiteBehavior [ RunTime:0.000014s ]
INFO: [ app_init ] --END-- [ RunTime:0.000058s ]
NOTIC: [8] Undefined variable: sckey F:\phpStudy\WWW\minifengshimy\App\Api\Conf\config.php 第 33 行.
NOTIC: [8] Undefined variable: sckey F:\phpStudy\WWW\minifengshimy\App\Api\Conf\config.php 第 33 行.
NOTIC: [8] Undefined variable: sckey F:\phpStudy\WWW\minifengshimy\App\Api\Conf\config.php 第 33 行.
NOTIC: [8] Use of undefined constant LOAD_EXT_CONFIG - assumed 'LOAD_EXT_CONFIG' F:\phpStudy\WWW\minifengshimy\App\Api\Conf\config.php 第 40 行.

[ 2017-10-27T16:07:11+08:00 ] ::1 /minifengshimy/index.php/Api/Login/authlogin
NOTIC: [8] Use of undefined constant SHOW_PAGE_TRACE - assumed 'SHOW_PAGE_TRACE' F:\phpStudy\WWW\minifengshimy\App\Common\Conf\debug.php 第 4 行.
INFO: [ app_init ] --START--
INFO: Run Behavior\BuildLiteBehavior [ RunTime:0.000015s ]
INFO: [ app_init ] --END-- [ RunTime:0.000062s ]
NOTIC: [8] Undefined variable: sckey F:\phpStudy\WWW\minifengshimy\App\Api\Conf\config.php 第 33 行.
NOTIC: [8] Undefined variable: sckey F:\phpStudy\WWW\minifengshimy\App\Api\Conf\config.php 第 33 行.
NOTIC: [8] Undefined variable: sckey F:\phpStudy\WWW\minifengshimy\App\Api\Conf\config.php 第 33 行.
NOTIC: [8] Use of undefined constant LOAD_EXT_CONFIG - assumed 'LOAD_EXT_CONFIG' F:\phpStudy\WWW\minifengshimy\App\Api\Conf\config.php 第 40 行.

[ 2017-10-27T16:07:14+08:00 ] ::1 /minifengshimy/index.php/Api/Index/index
NOTIC: [8] Use of undefined constant SHOW_PAGE_TRACE - assumed 'SHOW_PAGE_TRACE' F:\phpStudy\WWW\minifengshimy\App\Common\Conf\debug.php 第 4 行.
INFO: [ app_init ] --START--
INFO: Run Behavior\BuildLiteBehavior [ RunTime:0.000014s ]
INFO: [ app_init ] --END-- [ RunTime:0.000059s ]
NOTIC: [8] Undefined variable: sckey F:\phpStudy\WWW\minifengshimy\App\Api\Conf\config.php 第 33 行.
NOTIC: [8] Undefined variable: sckey F:\phpStudy\WWW\minifengshimy\App\Api\Conf\config.php 第 33 行.
NOTIC: [8] Undefined variable: sckey F:\phpStudy\WWW\minifengshimy\App\Api\Conf\config.php 第 33 行.
NOTIC: [8] Use of undefined constant LOAD_EXT_CONFIG - assumed 'LOAD_EXT_CONFIG' F:\phpStudy\WWW\minifengshimy\App\Api\Conf\config.php 第 40 行.

[ 2017-10-27T16:07:39+08:00 ] ::1 /minifengshimy/index.php/Api/Login/getsessionkey
NOTIC: [8] Use of undefined constant SHOW_PAGE_TRACE - assumed 'SHOW_PAGE_TRACE' F:\phpStudy\WWW\minifengshimy\App\Common\Conf\debug.php 第 4 行.
INFO: [ app_init ] --START--
INFO: Run Behavior\BuildLiteBehavior [ RunTime:0.000015s ]
INFO: [ app_init ] --END-- [ RunTime:0.000062s ]
NOTIC: [8] Undefined variable: sckey F:\phpStudy\WWW\minifengshimy\App\Api\Conf\config.php 第 33 行.
NOTIC: [8] Undefined variable: sckey F:\phpStudy\WWW\minifengshimy\App\Api\Conf\config.php 第 33 行.
NOTIC: [8] Undefined variable: sckey F:\phpStudy\WWW\minifengshimy\App\Api\Conf\config.php 第 33 行.
NOTIC: [8] Use of undefined constant LOAD_EXT_CONFIG - assumed 'LOAD_EXT_CONFIG' F:\phpStudy\WWW\minifengshimy\App\Api\Conf\config.php 第 40 行.

[ 2017-10-27T16:07:39+08:00 ] ::1 /minifengshimy/index.php/Api/Login/authlogin
NOTIC: [8] Use of undefined constant SHOW_PAGE_TRACE - assumed 'SHOW_PAGE_TRACE' F:\phpStudy\WWW\minifengshimy\App\Common\Conf\debug.php 第 4 行.
INFO: [ app_init ] --START--
INFO: Run Behavior\BuildLiteBehavior [ RunTime:0.000015s ]
INFO: [ app_init ] --END-- [ RunTime:0.000059s ]
NOTIC: [8] Undefined variable: sckey F:\phpStudy\WWW\minifengshimy\App\Api\Conf\config.php 第 33 行.
NOTIC: [8] Undefined variable: sckey F:\phpStudy\WWW\minifengshimy\App\Api\Conf\config.php 第 33 行.
NOTIC: [8] Undefined variable: sckey F:\phpStudy\WWW\minifengshimy\App\Api\Conf\config.php 第 33 行.
NOTIC: [8] Use of undefined constant LOAD_EXT_CONFIG - assumed 'LOAD_EXT_CONFIG' F:\phpStudy\WWW\minifengshimy\App\Api\Conf\config.php 第 40 行.

[ 2017-10-27T16:07:42+08:00 ] ::1 /minifengshimy/index.php/Api/Index/index
NOTIC: [8] Use of undefined constant SHOW_PAGE_TRACE - assumed 'SHOW_PAGE_TRACE' F:\phpStudy\WWW\minifengshimy\App\Common\Conf\debug.php 第 4 行.
INFO: [ app_init ] --START--
INFO: Run Behavior\BuildLiteBehavior [ RunTime:0.000015s ]
INFO: [ app_init ] --END-- [ RunTime:0.000068s ]
NOTIC: [8] Undefined variable: sckey F:\phpStudy\WWW\minifengshimy\App\Api\Conf\config.php 第 33 行.
NOTIC: [8] Undefined variable: sckey F:\phpStudy\WWW\minifengshimy\App\Api\Conf\config.php 第 33 行.
NOTIC: [8] Undefined variable: sckey F:\phpStudy\WWW\minifengshimy\App\Api\Conf\config.php 第 33 行.
NOTIC: [8] Use of undefined constant LOAD_EXT_CONFIG - assumed 'LOAD_EXT_CONFIG' F:\phpStudy\WWW\minifengshimy\App\Api\Conf\config.php 第 40 行.

[ 2017-10-27T16:08:48+08:00 ] ::1 /minifengshimy/index.php/Api/Login/getsessionkey
NOTIC: [8] Use of undefined constant SHOW_PAGE_TRACE - assumed 'SHOW_PAGE_TRACE' F:\phpStudy\WWW\minifengshimy\App\Common\Conf\debug.php 第 4 行.
INFO: [ app_init ] --START--
INFO: Run Behavior\BuildLiteBehavior [ RunTime:0.000018s ]
INFO: [ app_init ] --END-- [ RunTime:0.000083s ]
NOTIC: [8] Undefined variable: sckey F:\phpStudy\WWW\minifengshimy\App\Api\Conf\config.php 第 33 行.
NOTIC: [8] Undefined variable: sckey F:\phpStudy\WWW\minifengshimy\App\Api\Conf\config.php 第 33 行.
NOTIC: [8] Undefined variable: sckey F:\phpStudy\WWW\minifengshimy\App\Api\Conf\config.php 第 33 行.
NOTIC: [8] Use of undefined constant LOAD_EXT_CONFIG - assumed 'LOAD_EXT_CONFIG' F:\phpStudy\WWW\minifengshimy\App\Api\Conf\config.php 第 40 行.

[ 2017-10-27T16:08:48+08:00 ] ::1 /minifengshimy/index.php/Api/Login/authlogin
NOTIC: [8] Use of undefined constant SHOW_PAGE_TRACE - assumed 'SHOW_PAGE_TRACE' F:\phpStudy\WWW\minifengshimy\App\Common\Conf\debug.php 第 4 行.
INFO: [ app_init ] --START--
INFO: Run Behavior\BuildLiteBehavior [ RunTime:0.000015s ]
INFO: [ app_init ] --END-- [ RunTime:0.000060s ]
NOTIC: [8] Undefined variable: sckey F:\phpStudy\WWW\minifengshimy\App\Api\Conf\config.php 第 33 行.
NOTIC: [8] Undefined variable: sckey F:\phpStudy\WWW\minifengshimy\App\Api\Conf\config.php 第 33 行.
NOTIC: [8] Undefined variable: sckey F:\phpStudy\WWW\minifengshimy\App\Api\Conf\config.php 第 33 行.
NOTIC: [8] Use of undefined constant LOAD_EXT_CONFIG - assumed 'LOAD_EXT_CONFIG' F:\phpStudy\WWW\minifengshimy\App\Api\Conf\config.php 第 40 行.

[ 2017-10-27T16:08:52+08:00 ] ::1 /minifengshimy/index.php/Api/Index/index
NOTIC: [8] Use of undefined constant SHOW_PAGE_TRACE - assumed 'SHOW_PAGE_TRACE' F:\phpStudy\WWW\minifengshimy\App\Common\Conf\debug.php 第 4 行.
INFO: [ app_init ] --START--
INFO: Run Behavior\BuildLiteBehavior [ RunTime:0.000015s ]
INFO: [ app_init ] --END-- [ RunTime:0.000063s ]
NOTIC: [8] Undefined variable: sckey F:\phpStudy\WWW\minifengshimy\App\Api\Conf\config.php 第 33 行.
NOTIC: [8] Undefined variable: sckey F:\phpStudy\WWW\minifengshimy\App\Api\Conf\config.php 第 33 行.
NOTIC: [8] Undefined variable: sckey F:\phpStudy\WWW\minifengshimy\App\Api\Conf\config.php 第 33 行.
NOTIC: [8] Use of undefined constant LOAD_EXT_CONFIG - assumed 'LOAD_EXT_CONFIG' F:\phpStudy\WWW\minifengshimy\App\Api\Conf\config.php 第 40 行.

[ 2017-10-27T16:09:17+08:00 ] ::1 /minifengshimy/index.php/Api/Login/getsessionkey
NOTIC: [8] Use of undefined constant SHOW_PAGE_TRACE - assumed 'SHOW_PAGE_TRACE' F:\phpStudy\WWW\minifengshimy\App\Common\Conf\debug.php 第 4 行.
INFO: [ app_init ] --START--
INFO: Run Behavior\BuildLiteBehavior [ RunTime:0.000015s ]
INFO: [ app_init ] --END-- [ RunTime:0.000062s ]
NOTIC: [8] Undefined variable: sckey F:\phpStudy\WWW\minifengshimy\App\Api\Conf\config.php 第 33 行.
NOTIC: [8] Undefined variable: sckey F:\phpStudy\WWW\minifengshimy\App\Api\Conf\config.php 第 33 行.
NOTIC: [8] Undefined variable: sckey F:\phpStudy\WWW\minifengshimy\App\Api\Conf\config.php 第 33 行.
NOTIC: [8] Use of undefined constant LOAD_EXT_CONFIG - assumed 'LOAD_EXT_CONFIG' F:\phpStudy\WWW\minifengshimy\App\Api\Conf\config.php 第 40 行.

[ 2017-10-27T16:09:17+08:00 ] ::1 /minifengshimy/index.php/Api/Login/authlogin
NOTIC: [8] Use of undefined constant SHOW_PAGE_TRACE - assumed 'SHOW_PAGE_TRACE' F:\phpStudy\WWW\minifengshimy\App\Common\Conf\debug.php 第 4 行.
INFO: [ app_init ] --START--
INFO: Run Behavior\BuildLiteBehavior [ RunTime:0.000015s ]
INFO: [ app_init ] --END-- [ RunTime:0.000066s ]
NOTIC: [8] Undefined variable: sckey F:\phpStudy\WWW\minifengshimy\App\Api\Conf\config.php 第 33 行.
NOTIC: [8] Undefined variable: sckey F:\phpStudy\WWW\minifengshimy\App\Api\Conf\config.php 第 33 行.
NOTIC: [8] Undefined variable: sckey F:\phpStudy\WWW\minifengshimy\App\Api\Conf\config.php 第 33 行.
NOTIC: [8] Use of undefined constant LOAD_EXT_CONFIG - assumed 'LOAD_EXT_CONFIG' F:\phpStudy\WWW\minifengshimy\App\Api\Conf\config.php 第 40 行.

[ 2017-10-27T16:09:20+08:00 ] ::1 /minifengshimy/index.php/Api/Index/index
NOTIC: [8] Use of undefined constant SHOW_PAGE_TRACE - assumed 'SHOW_PAGE_TRACE' F:\phpStudy\WWW\minifengshimy\App\Common\Conf\debug.php 第 4 行.
INFO: [ app_init ] --START--
INFO: Run Behavior\BuildLiteBehavior [ RunTime:0.000017s ]
INFO: [ app_init ] --END-- [ RunTime:0.000073s ]
NOTIC: [8] Undefined variable: sckey F:\phpStudy\WWW\minifengshimy\App\Api\Conf\config.php 第 33 行.
NOTIC: [8] Undefined variable: sckey F:\phpStudy\WWW\minifengshimy\App\Api\Conf\config.php 第 33 行.
NOTIC: [8] Undefined variable: sckey F:\phpStudy\WWW\minifengshimy\App\Api\Conf\config.php 第 33 行.
NOTIC: [8] Use of undefined constant LOAD_EXT_CONFIG - assumed 'LOAD_EXT_CONFIG' F:\phpStudy\WWW\minifengshimy\App\Api\Conf\config.php 第 40 行.

[ 2017-10-27T16:09:23+08:00 ] ::1 /minifengshimy/index.php/Api/Login/getsessionkey
NOTIC: [8] Use of undefined constant SHOW_PAGE_TRACE - assumed 'SHOW_PAGE_TRACE' F:\phpStudy\WWW\minifengshimy\App\Common\Conf\debug.php 第 4 行.
INFO: [ app_init ] --START--
INFO: Run Behavior\BuildLiteBehavior [ RunTime:0.000015s ]
INFO: [ app_init ] --END-- [ RunTime:0.000063s ]
NOTIC: [8] Undefined variable: sckey F:\phpStudy\WWW\minifengshimy\App\Api\Conf\config.php 第 33 行.
NOTIC: [8] Undefined variable: sckey F:\phpStudy\WWW\minifengshimy\App\Api\Conf\config.php 第 33 行.
NOTIC: [8] Undefined variable: sckey F:\phpStudy\WWW\minifengshimy\App\Api\Conf\config.php 第 33 行.
NOTIC: [8] Use of undefined constant LOAD_EXT_CONFIG - assumed 'LOAD_EXT_CONFIG' F:\phpStudy\WWW\minifengshimy\App\Api\Conf\config.php 第 40 行.

[ 2017-10-27T16:09:23+08:00 ] ::1 /minifengshimy/index.php/Api/Login/authlogin
NOTIC: [8] Use of undefined constant SHOW_PAGE_TRACE - assumed 'SHOW_PAGE_TRACE' F:\phpStudy\WWW\minifengshimy\App\Common\Conf\debug.php 第 4 行.
INFO: [ app_init ] --START--
INFO: Run Behavior\BuildLiteBehavior [ RunTime:0.000017s ]
INFO: [ app_init ] --END-- [ RunTime:0.000068s ]
NOTIC: [8] Undefined variable: sckey F:\phpStudy\WWW\minifengshimy\App\Api\Conf\config.php 第 33 行.
NOTIC: [8] Undefined variable: sckey F:\phpStudy\WWW\minifengshimy\App\Api\Conf\config.php 第 33 行.
NOTIC: [8] Undefined variable: sckey F:\phpStudy\WWW\minifengshimy\App\Api\Conf\config.php 第 33 行.
NOTIC: [8] Use of undefined constant LOAD_EXT_CONFIG - assumed 'LOAD_EXT_CONFIG' F:\phpStudy\WWW\minifengshimy\App\Api\Conf\config.php 第 40 行.

[ 2017-10-27T16:09:26+08:00 ] ::1 /minifengshimy/index.php/Api/Index/index
NOTIC: [8] Use of undefined constant SHOW_PAGE_TRACE - assumed 'SHOW_PAGE_TRACE' F:\phpStudy\WWW\minifengshimy\App\Common\Conf\debug.php 第 4 行.
INFO: [ app_init ] --START--
INFO: Run Behavior\BuildLiteBehavior [ RunTime:0.000015s ]
INFO: [ app_init ] --END-- [ RunTime:0.000065s ]
NOTIC: [8] Undefined variable: sckey F:\phpStudy\WWW\minifengshimy\App\Api\Conf\config.php 第 33 行.
NOTIC: [8] Undefined variable: sckey F:\phpStudy\WWW\minifengshimy\App\Api\Conf\config.php 第 33 行.
NOTIC: [8] Undefined variable: sckey F:\phpStudy\WWW\minifengshimy\App\Api\Conf\config.php 第 33 行.
NOTIC: [8] Use of undefined constant LOAD_EXT_CONFIG - assumed 'LOAD_EXT_CONFIG' F:\phpStudy\WWW\minifengshimy\App\Api\Conf\config.php 第 40 行.

[ 2017-10-27T16:10:41+08:00 ] ::1 /minifengshimy/index.php/Api/Login/getsessionkey
NOTIC: [8] Use of undefined constant SHOW_PAGE_TRACE - assumed 'SHOW_PAGE_TRACE' F:\phpStudy\WWW\minifengshimy\App\Common\Conf\debug.php 第 4 行.
INFO: [ app_init ] --START--
INFO: Run Behavior\BuildLiteBehavior [ RunTime:0.000017s ]
INFO: [ app_init ] --END-- [ RunTime:0.000071s ]
NOTIC: [8] Undefined variable: sckey F:\phpStudy\WWW\minifengshimy\App\Api\Conf\config.php 第 33 行.
NOTIC: [8] Undefined variable: sckey F:\phpStudy\WWW\minifengshimy\App\Api\Conf\config.php 第 33 行.
NOTIC: [8] Undefined variable: sckey F:\phpStudy\WWW\minifengshimy\App\Api\Conf\config.php 第 33 行.
NOTIC: [8] Use of undefined constant LOAD_EXT_CONFIG - assumed 'LOAD_EXT_CONFIG' F:\phpStudy\WWW\minifengshimy\App\Api\Conf\config.php 第 40 行.

[ 2017-10-27T16:10:41+08:00 ] ::1 /minifengshimy/index.php/Api/Login/authlogin
NOTIC: [8] Use of undefined constant SHOW_PAGE_TRACE - assumed 'SHOW_PAGE_TRACE' F:\phpStudy\WWW\minifengshimy\App\Common\Conf\debug.php 第 4 行.
INFO: [ app_init ] --START--
INFO: Run Behavior\BuildLiteBehavior [ RunTime:0.000015s ]
INFO: [ app_init ] --END-- [ RunTime:0.000067s ]
NOTIC: [8] Undefined variable: sckey F:\phpStudy\WWW\minifengshimy\App\Api\Conf\config.php 第 33 行.
NOTIC: [8] Undefined variable: sckey F:\phpStudy\WWW\minifengshimy\App\Api\Conf\config.php 第 33 行.
NOTIC: [8] Undefined variable: sckey F:\phpStudy\WWW\minifengshimy\App\Api\Conf\config.php 第 33 行.
NOTIC: [8] Use of undefined constant LOAD_EXT_CONFIG - assumed 'LOAD_EXT_CONFIG' F:\phpStudy\WWW\minifengshimy\App\Api\Conf\config.php 第 40 行.

[ 2017-10-27T16:10:44+08:00 ] ::1 /minifengshimy/index.php/Api/Index/index
NOTIC: [8] Use of undefined constant SHOW_PAGE_TRACE - assumed 'SHOW_PAGE_TRACE' F:\phpStudy\WWW\minifengshimy\App\Common\Conf\debug.php 第 4 行.
INFO: [ app_init ] --START--
INFO: Run Behavior\BuildLiteBehavior [ RunTime:0.000015s ]
INFO: [ app_init ] --END-- [ RunTime:0.000061s ]
NOTIC: [8] Undefined variable: sckey F:\phpStudy\WWW\minifengshimy\App\Api\Conf\config.php 第 33 行.
NOTIC: [8] Undefined variable: sckey F:\phpStudy\WWW\minifengshimy\App\Api\Conf\config.php 第 33 行.
NOTIC: [8] Undefined variable: sckey F:\phpStudy\WWW\minifengshimy\App\Api\Conf\config.php 第 33 行.
NOTIC: [8] Use of undefined constant LOAD_EXT_CONFIG - assumed 'LOAD_EXT_CONFIG' F:\phpStudy\WWW\minifengshimy\App\Api\Conf\config.php 第 40 行.

[ 2017-10-27T16:11:04+08:00 ] ::1 /minifengshimy/index.php/Api/Login/getsessionkey
NOTIC: [8] Use of undefined constant SHOW_PAGE_TRACE - assumed 'SHOW_PAGE_TRACE' F:\phpStudy\WWW\minifengshimy\App\Common\Conf\debug.php 第 4 行.
INFO: [ app_init ] --START--
INFO: Run Behavior\BuildLiteBehavior [ RunTime:0.000015s ]
INFO: [ app_init ] --END-- [ RunTime:0.000073s ]
NOTIC: [8] Undefined variable: sckey F:\phpStudy\WWW\minifengshimy\App\Api\Conf\config.php 第 33 行.
NOTIC: [8] Undefined variable: sckey F:\phpStudy\WWW\minifengshimy\App\Api\Conf\config.php 第 33 行.
NOTIC: [8] Undefined variable: sckey F:\phpStudy\WWW\minifengshimy\App\Api\Conf\config.php 第 33 行.
NOTIC: [8] Use of undefined constant LOAD_EXT_CONFIG - assumed 'LOAD_EXT_CONFIG' F:\phpStudy\WWW\minifengshimy\App\Api\Conf\config.php 第 40 行.

[ 2017-10-27T16:11:04+08:00 ] ::1 /minifengshimy/index.php/Api/Login/authlogin
NOTIC: [8] Use of undefined constant SHOW_PAGE_TRACE - assumed 'SHOW_PAGE_TRACE' F:\phpStudy\WWW\minifengshimy\App\Common\Conf\debug.php 第 4 行.
INFO: [ app_init ] --START--
INFO: Run Behavior\BuildLiteBehavior [ RunTime:0.000014s ]
INFO: [ app_init ] --END-- [ RunTime:0.000059s ]
NOTIC: [8] Undefined variable: sckey F:\phpStudy\WWW\minifengshimy\App\Api\Conf\config.php 第 33 行.
NOTIC: [8] Undefined variable: sckey F:\phpStudy\WWW\minifengshimy\App\Api\Conf\config.php 第 33 行.
NOTIC: [8] Undefined variable: sckey F:\phpStudy\WWW\minifengshimy\App\Api\Conf\config.php 第 33 行.
NOTIC: [8] Use of undefined constant LOAD_EXT_CONFIG - assumed 'LOAD_EXT_CONFIG' F:\phpStudy\WWW\minifengshimy\App\Api\Conf\config.php 第 40 行.

[ 2017-10-27T16:11:06+08:00 ] ::1 /minifengshimy/index.php/Api/Index/index
NOTIC: [8] Use of undefined constant SHOW_PAGE_TRACE - assumed 'SHOW_PAGE_TRACE' F:\phpStudy\WWW\minifengshimy\App\Common\Conf\debug.php 第 4 行.
INFO: [ app_init ] --START--
INFO: Run Behavior\BuildLiteBehavior [ RunTime:0.000016s ]
INFO: [ app_init ] --END-- [ RunTime:0.000068s ]
NOTIC: [8] Undefined variable: sckey F:\phpStudy\WWW\minifengshimy\App\Api\Conf\config.php 第 33 行.
NOTIC: [8] Undefined variable: sckey F:\phpStudy\WWW\minifengshimy\App\Api\Conf\config.php 第 33 行.
NOTIC: [8] Undefined variable: sckey F:\phpStudy\WWW\minifengshimy\App\Api\Conf\config.php 第 33 行.
NOTIC: [8] Use of undefined constant LOAD_EXT_CONFIG - assumed 'LOAD_EXT_CONFIG' F:\phpStudy\WWW\minifengshimy\App\Api\Conf\config.php 第 40 行.

[ 2017-10-27T16:13:59+08:00 ] ::1 /minifengshimy/index.php/Api/Login/getsessionkey
NOTIC: [8] Use of undefined constant SHOW_PAGE_TRACE - assumed 'SHOW_PAGE_TRACE' F:\phpStudy\WWW\minifengshimy\App\Common\Conf\debug.php 第 4 行.
INFO: [ app_init ] --START--
INFO: Run Behavior\BuildLiteBehavior [ RunTime:0.000015s ]
INFO: [ app_init ] --END-- [ RunTime:0.000061s ]
NOTIC: [8] Undefined variable: sckey F:\phpStudy\WWW\minifengshimy\App\Api\Conf\config.php 第 33 行.
NOTIC: [8] Undefined variable: sckey F:\phpStudy\WWW\minifengshimy\App\Api\Conf\config.php 第 33 行.
NOTIC: [8] Undefined variable: sckey F:\phpStudy\WWW\minifengshimy\App\Api\Conf\config.php 第 33 行.
NOTIC: [8] Use of undefined constant LOAD_EXT_CONFIG - assumed 'LOAD_EXT_CONFIG' F:\phpStudy\WWW\minifengshimy\App\Api\Conf\config.php 第 40 行.

[ 2017-10-27T16:13:59+08:00 ] ::1 /minifengshimy/index.php/Api/Login/authlogin
NOTIC: [8] Use of undefined constant SHOW_PAGE_TRACE - assumed 'SHOW_PAGE_TRACE' F:\phpStudy\WWW\minifengshimy\App\Common\Conf\debug.php 第 4 行.
INFO: [ app_init ] --START--
INFO: Run Behavior\BuildLiteBehavior [ RunTime:0.000015s ]
INFO: [ app_init ] --END-- [ RunTime:0.000065s ]
NOTIC: [8] Undefined variable: sckey F:\phpStudy\WWW\minifengshimy\App\Api\Conf\config.php 第 33 行.
NOTIC: [8] Undefined variable: sckey F:\phpStudy\WWW\minifengshimy\App\Api\Conf\config.php 第 33 行.
NOTIC: [8] Undefined variable: sckey F:\phpStudy\WWW\minifengshimy\App\Api\Conf\config.php 第 33 行.
NOTIC: [8] Use of undefined constant LOAD_EXT_CONFIG - assumed 'LOAD_EXT_CONFIG' F:\phpStudy\WWW\minifengshimy\App\Api\Conf\config.php 第 40 行.

[ 2017-10-27T16:14:02+08:00 ] ::1 /minifengshimy/index.php/Api/Index/index
NOTIC: [8] Use of undefined constant SHOW_PAGE_TRACE - assumed 'SHOW_PAGE_TRACE' F:\phpStudy\WWW\minifengshimy\App\Common\Conf\debug.php 第 4 行.
INFO: [ app_init ] --START--
INFO: Run Behavior\BuildLiteBehavior [ RunTime:0.000016s ]
INFO: [ app_init ] --END-- [ RunTime:0.000070s ]
NOTIC: [8] Undefined variable: sckey F:\phpStudy\WWW\minifengshimy\App\Api\Conf\config.php 第 33 行.
NOTIC: [8] Undefined variable: sckey F:\phpStudy\WWW\minifengshimy\App\Api\Conf\config.php 第 33 行.
NOTIC: [8] Undefined variable: sckey F:\phpStudy\WWW\minifengshimy\App\Api\Conf\config.php 第 33 行.
NOTIC: [8] Use of undefined constant LOAD_EXT_CONFIG - assumed 'LOAD_EXT_CONFIG' F:\phpStudy\WWW\minifengshimy\App\Api\Conf\config.php 第 40 行.

[ 2017-10-27T16:14:55+08:00 ] ::1 /minifengshimy/index.php/Api/Login/getsessionkey
NOTIC: [8] Use of undefined constant SHOW_PAGE_TRACE - assumed 'SHOW_PAGE_TRACE' F:\phpStudy\WWW\minifengshimy\App\Common\Conf\debug.php 第 4 行.
INFO: [ app_init ] --START--
INFO: Run Behavior\BuildLiteBehavior [ RunTime:0.000017s ]
INFO: [ app_init ] --END-- [ RunTime:0.000076s ]
NOTIC: [8] Undefined variable: sckey F:\phpStudy\WWW\minifengshimy\App\Api\Conf\config.php 第 33 行.
NOTIC: [8] Undefined variable: sckey F:\phpStudy\WWW\minifengshimy\App\Api\Conf\config.php 第 33 行.
NOTIC: [8] Undefined variable: sckey F:\phpStudy\WWW\minifengshimy\App\Api\Conf\config.php 第 33 行.
NOTIC: [8] Use of undefined constant LOAD_EXT_CONFIG - assumed 'LOAD_EXT_CONFIG' F:\phpStudy\WWW\minifengshimy\App\Api\Conf\config.php 第 40 行.

[ 2017-10-27T16:14:56+08:00 ] ::1 /minifengshimy/index.php/Api/Login/authlogin
NOTIC: [8] Use of undefined constant SHOW_PAGE_TRACE - assumed 'SHOW_PAGE_TRACE' F:\phpStudy\WWW\minifengshimy\App\Common\Conf\debug.php 第 4 行.
INFO: [ app_init ] --START--
INFO: Run Behavior\BuildLiteBehavior [ RunTime:0.000016s ]
INFO: [ app_init ] --END-- [ RunTime:0.000064s ]
NOTIC: [8] Undefined variable: sckey F:\phpStudy\WWW\minifengshimy\App\Api\Conf\config.php 第 33 行.
NOTIC: [8] Undefined variable: sckey F:\phpStudy\WWW\minifengshimy\App\Api\Conf\config.php 第 33 行.
NOTIC: [8] Undefined variable: sckey F:\phpStudy\WWW\minifengshimy\App\Api\Conf\config.php 第 33 行.
NOTIC: [8] Use of undefined constant LOAD_EXT_CONFIG - assumed 'LOAD_EXT_CONFIG' F:\phpStudy\WWW\minifengshimy\App\Api\Conf\config.php 第 40 行.

[ 2017-10-27T16:14:58+08:00 ] ::1 /minifengshimy/index.php/Api/Index/index
NOTIC: [8] Use of undefined constant SHOW_PAGE_TRACE - assumed 'SHOW_PAGE_TRACE' F:\phpStudy\WWW\minifengshimy\App\Common\Conf\debug.php 第 4 行.
INFO: [ app_init ] --START--
INFO: Run Behavior\BuildLiteBehavior [ RunTime:0.000015s ]
INFO: [ app_init ] --END-- [ RunTime:0.000061s ]
NOTIC: [8] Undefined variable: sckey F:\phpStudy\WWW\minifengshimy\App\Api\Conf\config.php 第 33 行.
NOTIC: [8] Undefined variable: sckey F:\phpStudy\WWW\minifengshimy\App\Api\Conf\config.php 第 33 行.
NOTIC: [8] Undefined variable: sckey F:\phpStudy\WWW\minifengshimy\App\Api\Conf\config.php 第 33 行.
NOTIC: [8] Use of undefined constant LOAD_EXT_CONFIG - assumed 'LOAD_EXT_CONFIG' F:\phpStudy\WWW\minifengshimy\App\Api\Conf\config.php 第 40 行.

[ 2017-10-27T16:18:01+08:00 ] ::1 /minifengshimy/index.php/Api/Login/getsessionkey
NOTIC: [8] Use of undefined constant SHOW_PAGE_TRACE - assumed 'SHOW_PAGE_TRACE' F:\phpStudy\WWW\minifengshimy\App\Common\Conf\debug.php 第 4 行.
INFO: [ app_init ] --START--
INFO: Run Behavior\BuildLiteBehavior [ RunTime:0.000016s ]
INFO: [ app_init ] --END-- [ RunTime:0.000063s ]
NOTIC: [8] Undefined variable: sckey F:\phpStudy\WWW\minifengshimy\App\Api\Conf\config.php 第 33 行.
NOTIC: [8] Undefined variable: sckey F:\phpStudy\WWW\minifengshimy\App\Api\Conf\config.php 第 33 行.
NOTIC: [8] Undefined variable: sckey F:\phpStudy\WWW\minifengshimy\App\Api\Conf\config.php 第 33 行.
NOTIC: [8] Use of undefined constant LOAD_EXT_CONFIG - assumed 'LOAD_EXT_CONFIG' F:\phpStudy\WWW\minifengshimy\App\Api\Conf\config.php 第 40 行.

[ 2017-10-27T16:18:01+08:00 ] ::1 /minifengshimy/index.php/Api/Login/authlogin
NOTIC: [8] Use of undefined constant SHOW_PAGE_TRACE - assumed 'SHOW_PAGE_TRACE' F:\phpStudy\WWW\minifengshimy\App\Common\Conf\debug.php 第 4 行.
INFO: [ app_init ] --START--
INFO: Run Behavior\BuildLiteBehavior [ RunTime:0.000016s ]
INFO: [ app_init ] --END-- [ RunTime:0.000067s ]
NOTIC: [8] Undefined variable: sckey F:\phpStudy\WWW\minifengshimy\App\Api\Conf\config.php 第 33 行.
NOTIC: [8] Undefined variable: sckey F:\phpStudy\WWW\minifengshimy\App\Api\Conf\config.php 第 33 行.
NOTIC: [8] Undefined variable: sckey F:\phpStudy\WWW\minifengshimy\App\Api\Conf\config.php 第 33 行.
NOTIC: [8] Use of undefined constant LOAD_EXT_CONFIG - assumed 'LOAD_EXT_CONFIG' F:\phpStudy\WWW\minifengshimy\App\Api\Conf\config.php 第 40 行.

[ 2017-10-27T16:18:04+08:00 ] ::1 /minifengshimy/index.php/Api/Index/index
NOTIC: [8] Use of undefined constant SHOW_PAGE_TRACE - assumed 'SHOW_PAGE_TRACE' F:\phpStudy\WWW\minifengshimy\App\Common\Conf\debug.php 第 4 行.
INFO: [ app_init ] --START--
INFO: Run Behavior\BuildLiteBehavior [ RunTime:0.000017s ]
INFO: [ app_init ] --END-- [ RunTime:0.000072s ]
NOTIC: [8] Undefined variable: sckey F:\phpStudy\WWW\minifengshimy\App\Api\Conf\config.php 第 33 行.
NOTIC: [8] Undefined variable: sckey F:\phpStudy\WWW\minifengshimy\App\Api\Conf\config.php 第 33 行.
NOTIC: [8] Undefined variable: sckey F:\phpStudy\WWW\minifengshimy\App\Api\Conf\config.php 第 33 行.
NOTIC: [8] Use of undefined constant LOAD_EXT_CONFIG - assumed 'LOAD_EXT_CONFIG' F:\phpStudy\WWW\minifengshimy\App\Api\Conf\config.php 第 40 行.

[ 2017-10-27T16:19:20+08:00 ] ::1 /minifengshimy/index.php/Api/Index/index
NOTIC: [8] Use of undefined constant SHOW_PAGE_TRACE - assumed 'SHOW_PAGE_TRACE' F:\phpStudy\WWW\minifengshimy\App\Common\Conf\debug.php 第 4 行.
INFO: [ app_init ] --START--
INFO: Run Behavior\BuildLiteBehavior [ RunTime:0.000014s ]
INFO: [ app_init ] --END-- [ RunTime:0.000062s ]
NOTIC: [8] Undefined variable: sckey F:\phpStudy\WWW\minifengshimy\App\Api\Conf\config.php 第 33 行.
NOTIC: [8] Undefined variable: sckey F:\phpStudy\WWW\minifengshimy\App\Api\Conf\config.php 第 33 行.
NOTIC: [8] Undefined variable: sckey F:\phpStudy\WWW\minifengshimy\App\Api\Conf\config.php 第 33 行.
NOTIC: [8] Use of undefined constant LOAD_EXT_CONFIG - assumed 'LOAD_EXT_CONFIG' F:\phpStudy\WWW\minifengshimy\App\Api\Conf\config.php 第 40 行.

[ 2017-10-27T16:19:20+08:00 ] ::1 /minifengshimy/index.php/Api/Login/getsessionkey
NOTIC: [8] Use of undefined constant SHOW_PAGE_TRACE - assumed 'SHOW_PAGE_TRACE' F:\phpStudy\WWW\minifengshimy\App\Common\Conf\debug.php 第 4 行.
INFO: [ app_init ] --START--
INFO: Run Behavior\BuildLiteBehavior [ RunTime:0.000014s ]
INFO: [ app_init ] --END-- [ RunTime:0.000061s ]
NOTIC: [8] Undefined variable: sckey F:\phpStudy\WWW\minifengshimy\App\Api\Conf\config.php 第 33 行.
NOTIC: [8] Undefined variable: sckey F:\phpStudy\WWW\minifengshimy\App\Api\Conf\config.php 第 33 行.
NOTIC: [8] Undefined variable: sckey F:\phpStudy\WWW\minifengshimy\App\Api\Conf\config.php 第 33 行.
NOTIC: [8] Use of undefined constant LOAD_EXT_CONFIG - assumed 'LOAD_EXT_CONFIG' F:\phpStudy\WWW\minifengshimy\App\Api\Conf\config.php 第 40 行.

[ 2017-10-27T16:19:20+08:00 ] ::1 /minifengshimy/index.php/Api/Login/authlogin
NOTIC: [8] Use of undefined constant SHOW_PAGE_TRACE - assumed 'SHOW_PAGE_TRACE' F:\phpStudy\WWW\minifengshimy\App\Common\Conf\debug.php 第 4 行.
INFO: [ app_init ] --START--
INFO: Run Behavior\BuildLiteBehavior [ RunTime:0.000016s ]
INFO: [ app_init ] --END-- [ RunTime:0.000066s ]
NOTIC: [8] Undefined variable: sckey F:\phpStudy\WWW\minifengshimy\App\Api\Conf\config.php 第 33 行.
NOTIC: [8] Undefined variable: sckey F:\phpStudy\WWW\minifengshimy\App\Api\Conf\config.php 第 33 行.
NOTIC: [8] Undefined variable: sckey F:\phpStudy\WWW\minifengshimy\App\Api\Conf\config.php 第 33 行.
NOTIC: [8] Use of undefined constant LOAD_EXT_CONFIG - assumed 'LOAD_EXT_CONFIG' F:\phpStudy\WWW\minifengshimy\App\Api\Conf\config.php 第 40 行.

[ 2017-10-27T16:34:05+08:00 ] ::1 /minifengshimy/index.php/Api/Login/getsessionkey
NOTIC: [8] Use of undefined constant SHOW_PAGE_TRACE - assumed 'SHOW_PAGE_TRACE' F:\phpStudy\WWW\minifengshimy\App\Common\Conf\debug.php 第 4 行.
INFO: [ app_init ] --START--
INFO: Run Behavior\BuildLiteBehavior [ RunTime:0.000014s ]
INFO: [ app_init ] --END-- [ RunTime:0.000060s ]
NOTIC: [8] Undefined variable: sckey F:\phpStudy\WWW\minifengshimy\App\Api\Conf\config.php 第 33 行.
NOTIC: [8] Undefined variable: sckey F:\phpStudy\WWW\minifengshimy\App\Api\Conf\config.php 第 33 行.
NOTIC: [8] Undefined variable: sckey F:\phpStudy\WWW\minifengshimy\App\Api\Conf\config.php 第 33 行.
NOTIC: [8] Use of undefined constant LOAD_EXT_CONFIG - assumed 'LOAD_EXT_CONFIG' F:\phpStudy\WWW\minifengshimy\App\Api\Conf\config.php 第 40 行.

[ 2017-10-27T16:34:05+08:00 ] ::1 /minifengshimy/index.php/Api/Login/authlogin
NOTIC: [8] Use of undefined constant SHOW_PAGE_TRACE - assumed 'SHOW_PAGE_TRACE' F:\phpStudy\WWW\minifengshimy\App\Common\Conf\debug.php 第 4 行.
INFO: [ app_init ] --START--
INFO: Run Behavior\BuildLiteBehavior [ RunTime:0.000037s ]
INFO: [ app_init ] --END-- [ RunTime:0.000090s ]
NOTIC: [8] Undefined variable: sckey F:\phpStudy\WWW\minifengshimy\App\Api\Conf\config.php 第 33 行.
NOTIC: [8] Undefined variable: sckey F:\phpStudy\WWW\minifengshimy\App\Api\Conf\config.php 第 33 行.
NOTIC: [8] Undefined variable: sckey F:\phpStudy\WWW\minifengshimy\App\Api\Conf\config.php 第 33 行.
NOTIC: [8] Use of undefined constant LOAD_EXT_CONFIG - assumed 'LOAD_EXT_CONFIG' F:\phpStudy\WWW\minifengshimy\App\Api\Conf\config.php 第 40 行.

[ 2017-10-27T16:34:08+08:00 ] ::1 /minifengshimy/index.php/Api/Index/index
NOTIC: [8] Use of undefined constant SHOW_PAGE_TRACE - assumed 'SHOW_PAGE_TRACE' F:\phpStudy\WWW\minifengshimy\App\Common\Conf\debug.php 第 4 行.
INFO: [ app_init ] --START--
INFO: Run Behavior\BuildLiteBehavior [ RunTime:0.000029s ]
INFO: [ app_init ] --END-- [ RunTime:0.000115s ]
NOTIC: [8] Undefined variable: sckey F:\phpStudy\WWW\minifengshimy\App\Api\Conf\config.php 第 33 行.
NOTIC: [8] Undefined variable: sckey F:\phpStudy\WWW\minifengshimy\App\Api\Conf\config.php 第 33 行.
NOTIC: [8] Undefined variable: sckey F:\phpStudy\WWW\minifengshimy\App\Api\Conf\config.php 第 33 行.
NOTIC: [8] Use of undefined constant LOAD_EXT_CONFIG - assumed 'LOAD_EXT_CONFIG' F:\phpStudy\WWW\minifengshimy\App\Api\Conf\config.php 第 40 行.

[ 2017-10-27T18:02:05+08:00 ] ::1 /minifengshimy/index.php/Api/Login/getsessionkey
NOTIC: [8] Use of undefined constant SHOW_PAGE_TRACE - assumed 'SHOW_PAGE_TRACE' F:\phpStudy\WWW\minifengshimy\App\Common\Conf\debug.php 第 4 行.
INFO: [ app_init ] --START--
INFO: Run Behavior\BuildLiteBehavior [ RunTime:0.000017s ]
INFO: [ app_init ] --END-- [ RunTime:0.000073s ]
NOTIC: [8] Undefined variable: sckey F:\phpStudy\WWW\minifengshimy\App\Api\Conf\config.php 第 33 行.
NOTIC: [8] Undefined variable: sckey F:\phpStudy\WWW\minifengshimy\App\Api\Conf\config.php 第 33 行.
NOTIC: [8] Undefined variable: sckey F:\phpStudy\WWW\minifengshimy\App\Api\Conf\config.php 第 33 行.
NOTIC: [8] Use of undefined constant LOAD_EXT_CONFIG - assumed 'LOAD_EXT_CONFIG' F:\phpStudy\WWW\minifengshimy\App\Api\Conf\config.php 第 40 行.

[ 2017-10-27T18:02:06+08:00 ] ::1 /minifengshimy/index.php/Api/Login/authlogin
NOTIC: [8] Use of undefined constant SHOW_PAGE_TRACE - assumed 'SHOW_PAGE_TRACE' F:\phpStudy\WWW\minifengshimy\App\Common\Conf\debug.php 第 4 行.
INFO: [ app_init ] --START--
INFO: Run Behavior\BuildLiteBehavior [ RunTime:0.000016s ]
INFO: [ app_init ] --END-- [ RunTime:0.000067s ]
NOTIC: [8] Undefined variable: sckey F:\phpStudy\WWW\minifengshimy\App\Api\Conf\config.php 第 33 行.
NOTIC: [8] Undefined variable: sckey F:\phpStudy\WWW\minifengshimy\App\Api\Conf\config.php 第 33 行.
NOTIC: [8] Undefined variable: sckey F:\phpStudy\WWW\minifengshimy\App\Api\Conf\config.php 第 33 行.
NOTIC: [8] Use of undefined constant LOAD_EXT_CONFIG - assumed 'LOAD_EXT_CONFIG' F:\phpStudy\WWW\minifengshimy\App\Api\Conf\config.php 第 40 行.

[ 2017-10-27T18:02:09+08:00 ] ::1 /minifengshimy/index.php/Api/Index/index
NOTIC: [8] Use of undefined constant SHOW_PAGE_TRACE - assumed 'SHOW_PAGE_TRACE' F:\phpStudy\WWW\minifengshimy\App\Common\Conf\debug.php 第 4 行.
INFO: [ app_init ] --START--
INFO: Run Behavior\BuildLiteBehavior [ RunTime:0.000014s ]
INFO: [ app_init ] --END-- [ RunTime:0.000064s ]
NOTIC: [8] Undefined variable: sckey F:\phpStudy\WWW\minifengshimy\App\Api\Conf\config.php 第 33 行.
NOTIC: [8] Undefined variable: sckey F:\phpStudy\WWW\minifengshimy\App\Api\Conf\config.php 第 33 行.
NOTIC: [8] Undefined variable: sckey F:\phpStudy\WWW\minifengshimy\App\Api\Conf\config.php 第 33 行.
NOTIC: [8] Use of undefined constant LOAD_EXT_CONFIG - assumed 'LOAD_EXT_CONFIG' F:\phpStudy\WWW\minifengshimy\App\Api\Conf\config.php 第 40 行.

[ 2017-10-27T18:05:54+08:00 ] ::1 /minifengshimy/index.php/Api/Login/getsessionkey
NOTIC: [8] Use of undefined constant SHOW_PAGE_TRACE - assumed 'SHOW_PAGE_TRACE' F:\phpStudy\WWW\minifengshimy\App\Common\Conf\debug.php 第 4 行.
INFO: [ app_init ] --START--
INFO: Run Behavior\BuildLiteBehavior [ RunTime:0.000016s ]
INFO: [ app_init ] --END-- [ RunTime:0.000068s ]
NOTIC: [8] Undefined variable: sckey F:\phpStudy\WWW\minifengshimy\App\Api\Conf\config.php 第 33 行.
NOTIC: [8] Undefined variable: sckey F:\phpStudy\WWW\minifengshimy\App\Api\Conf\config.php 第 33 行.
NOTIC: [8] Undefined variable: sckey F:\phpStudy\WWW\minifengshimy\App\Api\Conf\config.php 第 33 行.
NOTIC: [8] Use of undefined constant LOAD_EXT_CONFIG - assumed 'LOAD_EXT_CONFIG' F:\phpStudy\WWW\minifengshimy\App\Api\Conf\config.php 第 40 行.

[ 2017-10-27T18:05:54+08:00 ] ::1 /minifengshimy/index.php/Api/Login/authlogin
NOTIC: [8] Use of undefined constant SHOW_PAGE_TRACE - assumed 'SHOW_PAGE_TRACE' F:\phpStudy\WWW\minifengshimy\App\Common\Conf\debug.php 第 4 行.
INFO: [ app_init ] --START--
INFO: Run Behavior\BuildLiteBehavior [ RunTime:0.000016s ]
INFO: [ app_init ] --END-- [ RunTime:0.000070s ]
NOTIC: [8] Undefined variable: sckey F:\phpStudy\WWW\minifengshimy\App\Api\Conf\config.php 第 33 行.
NOTIC: [8] Undefined variable: sckey F:\phpStudy\WWW\minifengshimy\App\Api\Conf\config.php 第 33 行.
NOTIC: [8] Undefined variable: sckey F:\phpStudy\WWW\minifengshimy\App\Api\Conf\config.php 第 33 行.
NOTIC: [8] Use of undefined constant LOAD_EXT_CONFIG - assumed 'LOAD_EXT_CONFIG' F:\phpStudy\WWW\minifengshimy\App\Api\Conf\config.php 第 40 行.

[ 2017-10-27T18:05:57+08:00 ] ::1 /minifengshimy/index.php/Api/Index/index
NOTIC: [8] Use of undefined constant SHOW_PAGE_TRACE - assumed 'SHOW_PAGE_TRACE' F:\phpStudy\WWW\minifengshimy\App\Common\Conf\debug.php 第 4 行.
INFO: [ app_init ] --START--
INFO: Run Behavior\BuildLiteBehavior [ RunTime:0.000014s ]
INFO: [ app_init ] --END-- [ RunTime:0.000063s ]
NOTIC: [8] Undefined variable: sckey F:\phpStudy\WWW\minifengshimy\App\Api\Conf\config.php 第 33 行.
NOTIC: [8] Undefined variable: sckey F:\phpStudy\WWW\minifengshimy\App\Api\Conf\config.php 第 33 行.
NOTIC: [8] Undefined variable: sckey F:\phpStudy\WWW\minifengshimy\App\Api\Conf\config.php 第 33 行.
NOTIC: [8] Use of undefined constant LOAD_EXT_CONFIG - assumed 'LOAD_EXT_CONFIG' F:\phpStudy\WWW\minifengshimy\App\Api\Conf\config.php 第 40 行.

[ 2017-10-27T18:06:28+08:00 ] ::1 /minifengshimy/index.php/Api/Login/getsessionkey
NOTIC: [8] Use of undefined constant SHOW_PAGE_TRACE - assumed 'SHOW_PAGE_TRACE' F:\phpStudy\WWW\minifengshimy\App\Common\Conf\debug.php 第 4 行.
INFO: [ app_init ] --START--
INFO: Run Behavior\BuildLiteBehavior [ RunTime:0.000017s ]
INFO: [ app_init ] --END-- [ RunTime:0.000079s ]
NOTIC: [8] Undefined variable: sckey F:\phpStudy\WWW\minifengshimy\App\Api\Conf\config.php 第 33 行.
NOTIC: [8] Undefined variable: sckey F:\phpStudy\WWW\minifengshimy\App\Api\Conf\config.php 第 33 行.
NOTIC: [8] Undefined variable: sckey F:\phpStudy\WWW\minifengshimy\App\Api\Conf\config.php 第 33 行.
NOTIC: [8] Use of undefined constant LOAD_EXT_CONFIG - assumed 'LOAD_EXT_CONFIG' F:\phpStudy\WWW\minifengshimy\App\Api\Conf\config.php 第 40 行.

[ 2017-10-27T18:06:28+08:00 ] ::1 /minifengshimy/index.php/Api/Login/authlogin
NOTIC: [8] Use of undefined constant SHOW_PAGE_TRACE - assumed 'SHOW_PAGE_TRACE' F:\phpStudy\WWW\minifengshimy\App\Common\Conf\debug.php 第 4 行.
INFO: [ app_init ] --START--
INFO: Run Behavior\BuildLiteBehavior [ RunTime:0.000018s ]
INFO: [ app_init ] --END-- [ RunTime:0.000104s ]
NOTIC: [8] Undefined variable: sckey F:\phpStudy\WWW\minifengshimy\App\Api\Conf\config.php 第 33 行.
NOTIC: [8] Undefined variable: sckey F:\phpStudy\WWW\minifengshimy\App\Api\Conf\config.php 第 33 行.
NOTIC: [8] Undefined variable: sckey F:\phpStudy\WWW\minifengshimy\App\Api\Conf\config.php 第 33 行.
NOTIC: [8] Use of undefined constant LOAD_EXT_CONFIG - assumed 'LOAD_EXT_CONFIG' F:\phpStudy\WWW\minifengshimy\App\Api\Conf\config.php 第 40 行.

[ 2017-10-27T18:06:32+08:00 ] ::1 /minifengshimy/index.php/Api/Index/index
NOTIC: [8] Use of undefined constant SHOW_PAGE_TRACE - assumed 'SHOW_PAGE_TRACE' F:\phpStudy\WWW\minifengshimy\App\Common\Conf\debug.php 第 4 行.
INFO: [ app_init ] --START--
INFO: Run Behavior\BuildLiteBehavior [ RunTime:0.000016s ]
INFO: [ app_init ] --END-- [ RunTime:0.000098s ]
NOTIC: [8] Undefined variable: sckey F:\phpStudy\WWW\minifengshimy\App\Api\Conf\config.php 第 33 行.
NOTIC: [8] Undefined variable: sckey F:\phpStudy\WWW\minifengshimy\App\Api\Conf\config.php 第 33 行.
NOTIC: [8] Undefined variable: sckey F:\phpStudy\WWW\minifengshimy\App\Api\Conf\config.php 第 33 行.
NOTIC: [8] Use of undefined constant LOAD_EXT_CONFIG - assumed 'LOAD_EXT_CONFIG' F:\phpStudy\WWW\minifengshimy\App\Api\Conf\config.php 第 40 行.

[ 2017-10-27T18:06:36+08:00 ] ::1 /minifengshimy/index.php/Api/Evaluate/detail
NOTIC: [8] Use of undefined constant SHOW_PAGE_TRACE - assumed 'SHOW_PAGE_TRACE' F:\phpStudy\WWW\minifengshimy\App\Common\Conf\debug.php 第 4 行.
INFO: [ app_init ] --START--
INFO: Run Behavior\BuildLiteBehavior [ RunTime:0.000015s ]
INFO: [ app_init ] --END-- [ RunTime:0.000067s ]
NOTIC: [8] Undefined variable: sckey F:\phpStudy\WWW\minifengshimy\App\Api\Conf\config.php 第 33 行.
NOTIC: [8] Undefined variable: sckey F:\phpStudy\WWW\minifengshimy\App\Api\Conf\config.php 第 33 行.
NOTIC: [8] Undefined variable: sckey F:\phpStudy\WWW\minifengshimy\App\Api\Conf\config.php 第 33 行.
NOTIC: [8] Use of undefined constant LOAD_EXT_CONFIG - assumed 'LOAD_EXT_CONFIG' F:\phpStudy\WWW\minifengshimy\App\Api\Conf\config.php 第 40 行.

[ 2017-10-27T18:06:47+08:00 ] ::1 /minifengshimy/index.php/Api/Evaluate/detail
NOTIC: [8] Use of undefined constant SHOW_PAGE_TRACE - assumed 'SHOW_PAGE_TRACE' F:\phpStudy\WWW\minifengshimy\App\Common\Conf\debug.php 第 4 行.
INFO: [ app_init ] --START--
INFO: Run Behavior\BuildLiteBehavior [ RunTime:0.000017s ]
INFO: [ app_init ] --END-- [ RunTime:0.000072s ]
NOTIC: [8] Undefined variable: sckey F:\phpStudy\WWW\minifengshimy\App\Api\Conf\config.php 第 33 行.
NOTIC: [8] Undefined variable: sckey F:\phpStudy\WWW\minifengshimy\App\Api\Conf\config.php 第 33 行.
NOTIC: [8] Undefined variable: sckey F:\phpStudy\WWW\minifengshimy\App\Api\Conf\config.php 第 33 行.
NOTIC: [8] Use of undefined constant LOAD_EXT_CONFIG - assumed 'LOAD_EXT_CONFIG' F:\phpStudy\WWW\minifengshimy\App\Api\Conf\config.php 第 40 行.

[ 2017-10-27T18:06:53+08:00 ] ::1 /minifengshimy/index.php/Api/Evaluate/detail
NOTIC: [8] Use of undefined constant SHOW_PAGE_TRACE - assumed 'SHOW_PAGE_TRACE' F:\phpStudy\WWW\minifengshimy\App\Common\Conf\debug.php 第 4 行.
INFO: [ app_init ] --START--
INFO: Run Behavior\BuildLiteBehavior [ RunTime:0.000015s ]
INFO: [ app_init ] --END-- [ RunTime:0.000062s ]
NOTIC: [8] Undefined variable: sckey F:\phpStudy\WWW\minifengshimy\App\Api\Conf\config.php 第 33 行.
NOTIC: [8] Undefined variable: sckey F:\phpStudy\WWW\minifengshimy\App\Api\Conf\config.php 第 33 行.
NOTIC: [8] Undefined variable: sckey F:\phpStudy\WWW\minifengshimy\App\Api\Conf\config.php 第 33 行.
NOTIC: [8] Use of undefined constant LOAD_EXT_CONFIG - assumed 'LOAD_EXT_CONFIG' F:\phpStudy\WWW\minifengshimy\App\Api\Conf\config.php 第 40 行.

[ 2017-10-27T18:09:56+08:00 ] ::1 /minifengshimy/index.php/Api/Evaluate/detail
NOTIC: [8] Use of undefined constant SHOW_PAGE_TRACE - assumed 'SHOW_PAGE_TRACE' F:\phpStudy\WWW\minifengshimy\App\Common\Conf\debug.php 第 4 行.
INFO: [ app_init ] --START--
INFO: Run Behavior\BuildLiteBehavior [ RunTime:0.000015s ]
INFO: [ app_init ] --END-- [ RunTime:0.000062s ]
NOTIC: [8] Undefined variable: sckey F:\phpStudy\WWW\minifengshimy\App\Api\Conf\config.php 第 33 行.
NOTIC: [8] Undefined variable: sckey F:\phpStudy\WWW\minifengshimy\App\Api\Conf\config.php 第 33 行.
NOTIC: [8] Undefined variable: sckey F:\phpStudy\WWW\minifengshimy\App\Api\Conf\config.php 第 33 行.
NOTIC: [8] Use of undefined constant LOAD_EXT_CONFIG - assumed 'LOAD_EXT_CONFIG' F:\phpStudy\WWW\minifengshimy\App\Api\Conf\config.php 第 40 行.

[ 2017-10-27T18:10:00+08:00 ] ::1 /minifengshimy/index.php/Api/Evaluate/detail
NOTIC: [8] Use of undefined constant SHOW_PAGE_TRACE - assumed 'SHOW_PAGE_TRACE' F:\phpStudy\WWW\minifengshimy\App\Common\Conf\debug.php 第 4 行.
INFO: [ app_init ] --START--
INFO: Run Behavior\BuildLiteBehavior [ RunTime:0.000016s ]
INFO: [ app_init ] --END-- [ RunTime:0.000072s ]
NOTIC: [8] Undefined variable: sckey F:\phpStudy\WWW\minifengshimy\App\Api\Conf\config.php 第 33 行.
NOTIC: [8] Undefined variable: sckey F:\phpStudy\WWW\minifengshimy\App\Api\Conf\config.php 第 33 行.
NOTIC: [8] Undefined variable: sckey F:\phpStudy\WWW\minifengshimy\App\Api\Conf\config.php 第 33 行.
NOTIC: [8] Use of undefined constant LOAD_EXT_CONFIG - assumed 'LOAD_EXT_CONFIG' F:\phpStudy\WWW\minifengshimy\App\Api\Conf\config.php 第 40 行.

[ 2017-10-27T18:15:29+08:00 ] ::1 /minifengshimy/index.php/Api/Evaluate/detail
NOTIC: [8] Use of undefined constant SHOW_PAGE_TRACE - assumed 'SHOW_PAGE_TRACE' F:\phpStudy\WWW\minifengshimy\App\Common\Conf\debug.php 第 4 行.
INFO: [ app_init ] --START--
INFO: Run Behavior\BuildLiteBehavior [ RunTime:0.000014s ]
INFO: [ app_init ] --END-- [ RunTime:0.000062s ]
NOTIC: [8] Undefined variable: sckey F:\phpStudy\WWW\minifengshimy\App\Api\Conf\config.php 第 33 行.
NOTIC: [8] Undefined variable: sckey F:\phpStudy\WWW\minifengshimy\App\Api\Conf\config.php 第 33 行.
NOTIC: [8] Undefined variable: sckey F:\phpStudy\WWW\minifengshimy\App\Api\Conf\config.php 第 33 行.
NOTIC: [8] Use of undefined constant LOAD_EXT_CONFIG - assumed 'LOAD_EXT_CONFIG' F:\phpStudy\WWW\minifengshimy\App\Api\Conf\config.php 第 40 行.

[ 2017-10-27T18:15:32+08:00 ] ::1 /minifengshimy/index.php/Api/Evaluate/detail
NOTIC: [8] Use of undefined constant SHOW_PAGE_TRACE - assumed 'SHOW_PAGE_TRACE' F:\phpStudy\WWW\minifengshimy\App\Common\Conf\debug.php 第 4 行.
INFO: [ app_init ] --START--
INFO: Run Behavior\BuildLiteBehavior [ RunTime:0.000014s ]
INFO: [ app_init ] --END-- [ RunTime:0.000063s ]
NOTIC: [8] Undefined variable: sckey F:\phpStudy\WWW\minifengshimy\App\Api\Conf\config.php 第 33 行.
NOTIC: [8] Undefined variable: sckey F:\phpStudy\WWW\minifengshimy\App\Api\Conf\config.php 第 33 行.
NOTIC: [8] Undefined variable: sckey F:\phpStudy\WWW\minifengshimy\App\Api\Conf\config.php 第 33 行.
NOTIC: [8] Use of undefined constant LOAD_EXT_CONFIG - assumed 'LOAD_EXT_CONFIG' F:\phpStudy\WWW\minifengshimy\App\Api\Conf\config.php 第 40 行.

[ 2017-10-27T18:15:37+08:00 ] ::1 /minifengshimy/index.php/Api/Evaluate/detail
NOTIC: [8] Use of undefined constant SHOW_PAGE_TRACE - assumed 'SHOW_PAGE_TRACE' F:\phpStudy\WWW\minifengshimy\App\Common\Conf\debug.php 第 4 行.
INFO: [ app_init ] --START--
INFO: Run Behavior\BuildLiteBehavior [ RunTime:0.000018s ]
INFO: [ app_init ] --END-- [ RunTime:0.000076s ]
NOTIC: [8] Undefined variable: sckey F:\phpStudy\WWW\minifengshimy\App\Api\Conf\config.php 第 33 行.
NOTIC: [8] Undefined variable: sckey F:\phpStudy\WWW\minifengshimy\App\Api\Conf\config.php 第 33 行.
NOTIC: [8] Undefined variable: sckey F:\phpStudy\WWW\minifengshimy\App\Api\Conf\config.php 第 33 行.
NOTIC: [8] Use of undefined constant LOAD_EXT_CONFIG - assumed 'LOAD_EXT_CONFIG' F:\phpStudy\WWW\minifengshimy\App\Api\Conf\config.php 第 40 行.

[ 2017-10-27T18:15:43+08:00 ] ::1 /minifengshimy/index.php/Api/Evaluate/detail
NOTIC: [8] Use of undefined constant SHOW_PAGE_TRACE - assumed 'SHOW_PAGE_TRACE' F:\phpStudy\WWW\minifengshimy\App\Common\Conf\debug.php 第 4 行.
INFO: [ app_init ] --START--
INFO: Run Behavior\BuildLiteBehavior [ RunTime:0.000015s ]
INFO: [ app_init ] --END-- [ RunTime:0.000061s ]
NOTIC: [8] Undefined variable: sckey F:\phpStudy\WWW\minifengshimy\App\Api\Conf\config.php 第 33 行.
NOTIC: [8] Undefined variable: sckey F:\phpStudy\WWW\minifengshimy\App\Api\Conf\config.php 第 33 行.
NOTIC: [8] Undefined variable: sckey F:\phpStudy\WWW\minifengshimy\App\Api\Conf\config.php 第 33 行.
NOTIC: [8] Use of undefined constant LOAD_EXT_CONFIG - assumed 'LOAD_EXT_CONFIG' F:\phpStudy\WWW\minifengshimy\App\Api\Conf\config.php 第 40 行.

